[0.006s] Invoking command in '/home/vkommera/Documents/Triton Robotics/TR-Autonomy-0.5-TheOutcastVirus/build/turtlesim': CMAKE_PREFIX_PATH=/opt/ros/humble /usr/bin/cmake --build /home/vkommera/Documents/Triton Robotics/TR-Autonomy-0.5-TheOutcastVirus/build/turtlesim -- -j16 -l16
[0.024s] -- Found ament_cmake: 1.3.12 (/opt/ros/humble/share/ament_cmake/cmake)
[0.091s] -- Found ament_index_cpp: 1.4.0 (/opt/ros/humble/share/ament_index_cpp/cmake)
[0.091s] -- Found geometry_msgs: 4.9.0 (/opt/ros/humble/share/geometry_msgs/cmake)
[0.104s] -- Found rosidl_generator_c: 3.1.7 (/opt/ros/humble/share/rosidl_generator_c/cmake)
[0.106s] -- Found rosidl_adapter: 3.1.7 (/opt/ros/humble/share/rosidl_adapter/cmake)
[0.109s] -- Found rosidl_generator_cpp: 3.1.7 (/opt/ros/humble/share/rosidl_generator_cpp/cmake)
[0.114s] -- Using all available rosidl_typesupport_c: rosidl_typesupport_fastrtps_c;rosidl_typesupport_introspection_c
[0.121s] -- Using all available rosidl_typesupport_cpp: rosidl_typesupport_fastrtps_cpp;rosidl_typesupport_introspection_cpp
[0.144s] -- Found rclcpp: 16.0.14 (/opt/ros/humble/share/rclcpp/cmake)
[0.158s] -- Found rmw_implementation_cmake: 6.1.2 (/opt/ros/humble/share/rmw_implementation_cmake/cmake)
[0.158s] -- Found rmw_fastrtps_cpp: 6.2.8 (/opt/ros/humble/share/rmw_fastrtps_cpp/cmake)
[0.217s] -- Using RMW implementation 'rmw_fastrtps_cpp' as default
[0.237s] -- Found rclcpp_action: 16.0.14 (/opt/ros/humble/share/rclcpp_action/cmake)
[0.253s] -- Found rosidl_default_generators: 1.2.0 (/opt/ros/humble/share/rosidl_default_generators/cmake)
[0.256s] -- Found std_srvs: 4.9.0 (/opt/ros/humble/share/std_srvs/cmake)
[0.421s] -- Found ament_cmake_ros: 0.10.0 (/opt/ros/humble/share/ament_cmake_ros/cmake)
[0.589s] -- Using all available rosidl_typesupport_c: rosidl_typesupport_fastrtps_c;rosidl_typesupport_introspection_c
[0.651s] -- Using all available rosidl_typesupport_cpp: rosidl_typesupport_fastrtps_cpp;rosidl_typesupport_introspection_cpp
[0.662s] -- Found python_cmake_module: 0.10.0 (/opt/ros/humble/share/python_cmake_module/cmake)
[0.674s] -- Using PYTHON_EXECUTABLE: /usr/bin/python3
[0.674s] -- Using PYTHON_INCLUDE_DIRS: /usr/include/python3.10
[0.674s] -- Using PYTHON_LIBRARIES: /usr/lib/x86_64-linux-gnu/libpython3.10.so
[0.688s] -- Configuring done
[0.722s] -- Generating done
[0.733s] -- Build files have been written to: /home/vkommera/Documents/Triton Robotics/TR-Autonomy-0.5-TheOutcastVirus/build/turtlesim
[0.751s] [35m[1mConsolidate compiler generated dependencies of target turtlesim__rosidl_generator_c[0m
[0.757s] [  1%] Built target turtlesim__cpp
[0.759s] [ 11%] Built target turtlesim__rosidl_generator_c
[0.763s] [ 11%] Built target ament_cmake_python_copy_turtlesim
[0.763s] [35m[1mConsolidate compiler generated dependencies of target turtlesim__rosidl_typesupport_cpp[0m
[0.764s] [35m[1mConsolidate compiler generated dependencies of target turtlesim__rosidl_typesupport_introspection_cpp[0m
[0.764s] [35m[1mConsolidate compiler generated dependencies of target turtlesim__rosidl_typesupport_fastrtps_cpp[0m
[0.765s] [35m[1mConsolidate compiler generated dependencies of target turtlesim__rosidl_typesupport_c[0m
[0.765s] [35m[1mConsolidate compiler generated dependencies of target turtlesim__rosidl_typesupport_introspection_c[0m
[0.765s] [35m[1mConsolidate compiler generated dependencies of target turtlesim__rosidl_typesupport_fastrtps_c[0m
[0.773s] [ 26%] Built target turtlesim__rosidl_typesupport_c
[0.773s] [ 31%] Built target turtlesim__rosidl_typesupport_introspection_c
[0.773s] [ 41%] Built target turtlesim__rosidl_typesupport_cpp
[0.774s] [ 51%] Built target turtlesim__rosidl_typesupport_introspection_cpp
[0.775s] [ 61%] Built target turtlesim__rosidl_typesupport_fastrtps_cpp
[0.777s] [ 71%] Built target turtlesim__rosidl_typesupport_fastrtps_c
[0.779s] [ 72%] [34m[1mGenerating include/turtlesim/moc_turtle_frame.cpp[0m
[0.779s] [35m[1mConsolidate compiler generated dependencies of target turtle_teleop_key[0m
[0.779s] [35m[1mConsolidate compiler generated dependencies of target draw_square[0m
[0.779s] [35m[1mConsolidate compiler generated dependencies of target mimic[0m
[0.787s] [ 72%] Built target turtlesim
[0.790s] [ 74%] [32mBuilding CXX object CMakeFiles/mimic.dir/tutorials/mimic.cpp.o[0m
[0.790s] [ 74%] [32mBuilding CXX object CMakeFiles/draw_square.dir/tutorials/draw_square.cpp.o[0m
[0.790s] [ 75%] [32mBuilding CXX object CMakeFiles/turtle_teleop_key.dir/tutorials/teleop_turtle_key.cpp.o[0m
[0.799s] [ 76%] Built target turtlesim__py
[0.805s] [35m[1mConsolidate compiler generated dependencies of target turtlesim__rosidl_generator_py[0m
[0.813s] [35m[1mConsolidate compiler generated dependencies of target turtlesim_node[0m
[0.816s] [ 85%] Built target turtlesim__rosidl_generator_py
[0.822s] [35m[1mConsolidate compiler generated dependencies of target turtlesim__rosidl_typesupport_fastrtps_c__pyext[0m
[0.822s] [35m[1mConsolidate compiler generated dependencies of target turtlesim__rosidl_typesupport_introspection_c__pyext[0m
[0.823s] [35m[1mConsolidate compiler generated dependencies of target turtlesim__rosidl_typesupport_c__pyext[0m
[0.830s] [ 89%] Built target turtlesim__rosidl_typesupport_fastrtps_c__pyext
[0.830s] [ 89%] Built target turtlesim__rosidl_typesupport_introspection_c__pyext
[0.831s] [ 91%] Built target turtlesim__rosidl_typesupport_c__pyext
[0.834s] [ 92%] [32mBuilding CXX object CMakeFiles/turtlesim_node.dir/src/turtlesim.cpp.o[0m
[0.834s] [ 93%] [32mBuilding CXX object CMakeFiles/turtlesim_node.dir/src/turtle_frame.cpp.o[0m
[0.834s] [ 94%] [32mBuilding CXX object CMakeFiles/turtlesim_node.dir/include/turtlesim/moc_turtle_frame.cpp.o[0m
[0.834s] [ 95%] [32mBuilding CXX object CMakeFiles/turtlesim_node.dir/src/turtle.cpp.o[0m
[0.887s] running egg_info
[0.887s] writing turtlesim.egg-info/PKG-INFO
[0.888s] writing dependency_links to turtlesim.egg-info/dependency_links.txt
[0.888s] writing top-level names to turtlesim.egg-info/top_level.txt
[0.889s] reading manifest file 'turtlesim.egg-info/SOURCES.txt'
[0.890s] writing manifest file 'turtlesim.egg-info/SOURCES.txt'
[0.913s] [ 95%] Built target ament_cmake_python_build_turtlesim_egg
[4.098s] [ 96%] [32m[1mLinking CXX executable turtle_teleop_key[0m
[4.225s] [ 96%] Built target turtle_teleop_key
[5.495s] [ 97%] [32m[1mLinking CXX executable mimic[0m
[5.701s] [ 97%] Built target mimic
[5.835s] [ 98%] [32m[1mLinking CXX executable draw_square[0m
[6.053s] [ 98%] Built target draw_square
[7.598s] [100%] [32m[1mLinking CXX executable turtlesim_node[0m
[8.467s] [100%] Built target turtlesim_node
[8.475s] Invoked command in '/home/vkommera/Documents/Triton Robotics/TR-Autonomy-0.5-TheOutcastVirus/build/turtlesim' returned '0': CMAKE_PREFIX_PATH=/opt/ros/humble /usr/bin/cmake --build /home/vkommera/Documents/Triton Robotics/TR-Autonomy-0.5-TheOutcastVirus/build/turtlesim -- -j16 -l16
[8.481s] Invoking command in '/home/vkommera/Documents/Triton Robotics/TR-Autonomy-0.5-TheOutcastVirus/build/turtlesim': CMAKE_PREFIX_PATH=/opt/ros/humble /usr/bin/cmake --install /home/vkommera/Documents/Triton Robotics/TR-Autonomy-0.5-TheOutcastVirus/build/turtlesim
[8.485s] -- Install configuration: ""
[8.485s] -- Up-to-date: /home/vkommera/Documents/Triton Robotics/TR-Autonomy-0.5-TheOutcastVirus/install/turtlesim/share/ament_index/resource_index/rosidl_interfaces/turtlesim
[8.485s] -- Up-to-date: /home/vkommera/Documents/Triton Robotics/TR-Autonomy-0.5-TheOutcastVirus/install/turtlesim/include/turtlesim/turtlesim
[8.485s] -- Up-to-date: /home/vkommera/Documents/Triton Robotics/TR-Autonomy-0.5-TheOutcastVirus/install/turtlesim/include/turtlesim/turtlesim/msg
[8.485s] -- Up-to-date: /home/vkommera/Documents/Triton Robotics/TR-Autonomy-0.5-TheOutcastVirus/install/turtlesim/include/turtlesim/turtlesim/msg/rosidl_generator_c__visibility_control.h
[8.485s] -- Up-to-date: /home/vkommera/Documents/Triton Robotics/TR-Autonomy-0.5-TheOutcastVirus/install/turtlesim/include/turtlesim/turtlesim/msg/color.h
[8.485s] -- Up-to-date: /home/vkommera/Documents/Triton Robotics/TR-Autonomy-0.5-TheOutcastVirus/install/turtlesim/include/turtlesim/turtlesim/msg/detail
[8.485s] -- Up-to-date: /home/vkommera/Documents/Triton Robotics/TR-Autonomy-0.5-TheOutcastVirus/install/turtlesim/include/turtlesim/turtlesim/msg/detail/color__struct.h
[8.485s] -- Up-to-date: /home/vkommera/Documents/Triton Robotics/TR-Autonomy-0.5-TheOutcastVirus/install/turtlesim/include/turtlesim/turtlesim/msg/detail/color__functions.h
[8.485s] -- Up-to-date: /home/vkommera/Documents/Triton Robotics/TR-Autonomy-0.5-TheOutcastVirus/install/turtlesim/include/turtlesim/turtlesim/msg/detail/color__type_support.h
[8.485s] -- Up-to-date: /home/vkommera/Documents/Triton Robotics/TR-Autonomy-0.5-TheOutcastVirus/install/turtlesim/include/turtlesim/turtlesim/msg/detail/pose__functions.h
[8.485s] -- Up-to-date: /home/vkommera/Documents/Triton Robotics/TR-Autonomy-0.5-TheOutcastVirus/install/turtlesim/include/turtlesim/turtlesim/msg/detail/pose__type_support.h
[8.485s] -- Up-to-date: /home/vkommera/Documents/Triton Robotics/TR-Autonomy-0.5-TheOutcastVirus/install/turtlesim/include/turtlesim/turtlesim/msg/detail/pose__functions.c
[8.485s] -- Up-to-date: /home/vkommera/Documents/Triton Robotics/TR-Autonomy-0.5-TheOutcastVirus/install/turtlesim/include/turtlesim/turtlesim/msg/detail/color__functions.c
[8.485s] -- Up-to-date: /home/vkommera/Documents/Triton Robotics/TR-Autonomy-0.5-TheOutcastVirus/install/turtlesim/include/turtlesim/turtlesim/msg/detail/pose__struct.h
[8.485s] -- Up-to-date: /home/vkommera/Documents/Triton Robotics/TR-Autonomy-0.5-TheOutcastVirus/install/turtlesim/include/turtlesim/turtlesim/msg/pose.h
[8.485s] -- Up-to-date: /home/vkommera/Documents/Triton Robotics/TR-Autonomy-0.5-TheOutcastVirus/install/turtlesim/include/turtlesim/turtlesim/srv
[8.485s] -- Up-to-date: /home/vkommera/Documents/Triton Robotics/TR-Autonomy-0.5-TheOutcastVirus/install/turtlesim/include/turtlesim/turtlesim/srv/kill.h
[8.485s] -- Up-to-date: /home/vkommera/Documents/Triton Robotics/TR-Autonomy-0.5-TheOutcastVirus/install/turtlesim/include/turtlesim/turtlesim/srv/spawn.h
[8.485s] -- Up-to-date: /home/vkommera/Documents/Triton Robotics/TR-Autonomy-0.5-TheOutcastVirus/install/turtlesim/include/turtlesim/turtlesim/srv/set_pen.h
[8.485s] -- Up-to-date: /home/vkommera/Documents/Triton Robotics/TR-Autonomy-0.5-TheOutcastVirus/install/turtlesim/include/turtlesim/turtlesim/srv/detail
[8.485s] -- Up-to-date: /home/vkommera/Documents/Triton Robotics/TR-Autonomy-0.5-TheOutcastVirus/install/turtlesim/include/turtlesim/turtlesim/srv/detail/teleport_relative__functions.c
[8.485s] -- Up-to-date: /home/vkommera/Documents/Triton Robotics/TR-Autonomy-0.5-TheOutcastVirus/install/turtlesim/include/turtlesim/turtlesim/srv/detail/spawn__struct.h
[8.485s] -- Up-to-date: /home/vkommera/Documents/Triton Robotics/TR-Autonomy-0.5-TheOutcastVirus/install/turtlesim/include/turtlesim/turtlesim/srv/detail/spawn__functions.c
[8.485s] -- Up-to-date: /home/vkommera/Documents/Triton Robotics/TR-Autonomy-0.5-TheOutcastVirus/install/turtlesim/include/turtlesim/turtlesim/srv/detail/set_pen__functions.c
[8.485s] -- Up-to-date: /home/vkommera/Documents/Triton Robotics/TR-Autonomy-0.5-TheOutcastVirus/install/turtlesim/include/turtlesim/turtlesim/srv/detail/spawn__functions.h
[8.486s] -- Up-to-date: /home/vkommera/Documents/Triton Robotics/TR-Autonomy-0.5-TheOutcastVirus/install/turtlesim/include/turtlesim/turtlesim/srv/detail/kill__struct.h
[8.486s] -- Up-to-date: /home/vkommera/Documents/Triton Robotics/TR-Autonomy-0.5-TheOutcastVirus/install/turtlesim/include/turtlesim/turtlesim/srv/detail/set_pen__functions.h
[8.486s] -- Up-to-date: /home/vkommera/Documents/Triton Robotics/TR-Autonomy-0.5-TheOutcastVirus/install/turtlesim/include/turtlesim/turtlesim/srv/detail/teleport_absolute__functions.h
[8.486s] -- Up-to-date: /home/vkommera/Documents/Triton Robotics/TR-Autonomy-0.5-TheOutcastVirus/install/turtlesim/include/turtlesim/turtlesim/srv/detail/teleport_absolute__functions.c
[8.486s] -- Up-to-date: /home/vkommera/Documents/Triton Robotics/TR-Autonomy-0.5-TheOutcastVirus/install/turtlesim/include/turtlesim/turtlesim/srv/detail/teleport_relative__type_support.h
[8.486s] -- Up-to-date: /home/vkommera/Documents/Triton Robotics/TR-Autonomy-0.5-TheOutcastVirus/install/turtlesim/include/turtlesim/turtlesim/srv/detail/teleport_relative__struct.h
[8.486s] -- Up-to-date: /home/vkommera/Documents/Triton Robotics/TR-Autonomy-0.5-TheOutcastVirus/install/turtlesim/include/turtlesim/turtlesim/srv/detail/kill__functions.c
[8.486s] -- Up-to-date: /home/vkommera/Documents/Triton Robotics/TR-Autonomy-0.5-TheOutcastVirus/install/turtlesim/include/turtlesim/turtlesim/srv/detail/set_pen__type_support.h
[8.486s] -- Up-to-date: /home/vkommera/Documents/Triton Robotics/TR-Autonomy-0.5-TheOutcastVirus/install/turtlesim/include/turtlesim/turtlesim/srv/detail/spawn__type_support.h
[8.486s] -- Up-to-date: /home/vkommera/Documents/Triton Robotics/TR-Autonomy-0.5-TheOutcastVirus/install/turtlesim/include/turtlesim/turtlesim/srv/detail/teleport_absolute__type_support.h
[8.486s] -- Up-to-date: /home/vkommera/Documents/Triton Robotics/TR-Autonomy-0.5-TheOutcastVirus/install/turtlesim/include/turtlesim/turtlesim/srv/detail/teleport_relative__functions.h
[8.486s] -- Up-to-date: /home/vkommera/Documents/Triton Robotics/TR-Autonomy-0.5-TheOutcastVirus/install/turtlesim/include/turtlesim/turtlesim/srv/detail/kill__functions.h
[8.486s] -- Up-to-date: /home/vkommera/Documents/Triton Robotics/TR-Autonomy-0.5-TheOutcastVirus/install/turtlesim/include/turtlesim/turtlesim/srv/detail/teleport_absolute__struct.h
[8.486s] -- Up-to-date: /home/vkommera/Documents/Triton Robotics/TR-Autonomy-0.5-TheOutcastVirus/install/turtlesim/include/turtlesim/turtlesim/srv/detail/set_pen__struct.h
[8.486s] -- Up-to-date: /home/vkommera/Documents/Triton Robotics/TR-Autonomy-0.5-TheOutcastVirus/install/turtlesim/include/turtlesim/turtlesim/srv/detail/kill__type_support.h
[8.486s] -- Up-to-date: /home/vkommera/Documents/Triton Robotics/TR-Autonomy-0.5-TheOutcastVirus/install/turtlesim/include/turtlesim/turtlesim/srv/teleport_relative.h
[8.486s] -- Up-to-date: /home/vkommera/Documents/Triton Robotics/TR-Autonomy-0.5-TheOutcastVirus/install/turtlesim/include/turtlesim/turtlesim/srv/teleport_absolute.h
[8.486s] -- Up-to-date: /home/vkommera/Documents/Triton Robotics/TR-Autonomy-0.5-TheOutcastVirus/install/turtlesim/include/turtlesim/turtlesim/action
[8.486s] -- Up-to-date: /home/vkommera/Documents/Triton Robotics/TR-Autonomy-0.5-TheOutcastVirus/install/turtlesim/include/turtlesim/turtlesim/action/rotate_absolute.h
[8.486s] -- Up-to-date: /home/vkommera/Documents/Triton Robotics/TR-Autonomy-0.5-TheOutcastVirus/install/turtlesim/include/turtlesim/turtlesim/action/detail
[8.486s] -- Up-to-date: /home/vkommera/Documents/Triton Robotics/TR-Autonomy-0.5-TheOutcastVirus/install/turtlesim/include/turtlesim/turtlesim/action/detail/rotate_absolute__type_support.h
[8.486s] -- Up-to-date: /home/vkommera/Documents/Triton Robotics/TR-Autonomy-0.5-TheOutcastVirus/install/turtlesim/include/turtlesim/turtlesim/action/detail/rotate_absolute__struct.h
[8.486s] -- Up-to-date: /home/vkommera/Documents/Triton Robotics/TR-Autonomy-0.5-TheOutcastVirus/install/turtlesim/include/turtlesim/turtlesim/action/detail/rotate_absolute__functions.c
[8.486s] -- Up-to-date: /home/vkommera/Documents/Triton Robotics/TR-Autonomy-0.5-TheOutcastVirus/install/turtlesim/include/turtlesim/turtlesim/action/detail/rotate_absolute__functions.h
[8.486s] -- Up-to-date: /home/vkommera/Documents/Triton Robotics/TR-Autonomy-0.5-TheOutcastVirus/install/turtlesim/share/turtlesim/environment/library_path.sh
[8.486s] -- Installing: /home/vkommera/Documents/Triton Robotics/TR-Autonomy-0.5-TheOutcastVirus/install/turtlesim/share/turtlesim/environment/library_path.dsv
[8.486s] -- Up-to-date: /home/vkommera/Documents/Triton Robotics/TR-Autonomy-0.5-TheOutcastVirus/install/turtlesim/lib/libturtlesim__rosidl_generator_c.so
[8.486s] -- Up-to-date: /home/vkommera/Documents/Triton Robotics/TR-Autonomy-0.5-TheOutcastVirus/install/turtlesim/include/turtlesim/turtlesim
[8.486s] -- Up-to-date: /home/vkommera/Documents/Triton Robotics/TR-Autonomy-0.5-TheOutcastVirus/install/turtlesim/include/turtlesim/turtlesim/msg
[8.486s] -- Up-to-date: /home/vkommera/Documents/Triton Robotics/TR-Autonomy-0.5-TheOutcastVirus/install/turtlesim/include/turtlesim/turtlesim/msg/detail
[8.486s] -- Up-to-date: /home/vkommera/Documents/Triton Robotics/TR-Autonomy-0.5-TheOutcastVirus/install/turtlesim/include/turtlesim/turtlesim/msg/detail/color__rosidl_typesupport_fastrtps_c.h
[8.486s] -- Up-to-date: /home/vkommera/Documents/Triton Robotics/TR-Autonomy-0.5-TheOutcastVirus/install/turtlesim/include/turtlesim/turtlesim/msg/detail/pose__rosidl_typesupport_fastrtps_c.h
[8.486s] -- Up-to-date: /home/vkommera/Documents/Triton Robotics/TR-Autonomy-0.5-TheOutcastVirus/install/turtlesim/include/turtlesim/turtlesim/msg/rosidl_typesupport_fastrtps_c__visibility_control.h
[8.486s] -- Up-to-date: /home/vkommera/Documents/Triton Robotics/TR-Autonomy-0.5-TheOutcastVirus/install/turtlesim/include/turtlesim/turtlesim/srv
[8.486s] -- Up-to-date: /home/vkommera/Documents/Triton Robotics/TR-Autonomy-0.5-TheOutcastVirus/install/turtlesim/include/turtlesim/turtlesim/srv/detail
[8.487s] -- Up-to-date: /home/vkommera/Documents/Triton Robotics/TR-Autonomy-0.5-TheOutcastVirus/install/turtlesim/include/turtlesim/turtlesim/srv/detail/spawn__rosidl_typesupport_fastrtps_c.h
[8.487s] -- Up-to-date: /home/vkommera/Documents/Triton Robotics/TR-Autonomy-0.5-TheOutcastVirus/install/turtlesim/include/turtlesim/turtlesim/srv/detail/set_pen__rosidl_typesupport_fastrtps_c.h
[8.487s] -- Up-to-date: /home/vkommera/Documents/Triton Robotics/TR-Autonomy-0.5-TheOutcastVirus/install/turtlesim/include/turtlesim/turtlesim/srv/detail/teleport_absolute__rosidl_typesupport_fastrtps_c.h
[8.487s] -- Up-to-date: /home/vkommera/Documents/Triton Robotics/TR-Autonomy-0.5-TheOutcastVirus/install/turtlesim/include/turtlesim/turtlesim/srv/detail/teleport_relative__rosidl_typesupport_fastrtps_c.h
[8.487s] -- Up-to-date: /home/vkommera/Documents/Triton Robotics/TR-Autonomy-0.5-TheOutcastVirus/install/turtlesim/include/turtlesim/turtlesim/srv/detail/kill__rosidl_typesupport_fastrtps_c.h
[8.487s] -- Up-to-date: /home/vkommera/Documents/Triton Robotics/TR-Autonomy-0.5-TheOutcastVirus/install/turtlesim/include/turtlesim/turtlesim/action
[8.487s] -- Up-to-date: /home/vkommera/Documents/Triton Robotics/TR-Autonomy-0.5-TheOutcastVirus/install/turtlesim/include/turtlesim/turtlesim/action/detail
[8.487s] -- Up-to-date: /home/vkommera/Documents/Triton Robotics/TR-Autonomy-0.5-TheOutcastVirus/install/turtlesim/include/turtlesim/turtlesim/action/detail/rotate_absolute__rosidl_typesupport_fastrtps_c.h
[8.487s] -- Up-to-date: /home/vkommera/Documents/Triton Robotics/TR-Autonomy-0.5-TheOutcastVirus/install/turtlesim/lib/libturtlesim__rosidl_typesupport_fastrtps_c.so
[8.487s] -- Up-to-date: /home/vkommera/Documents/Triton Robotics/TR-Autonomy-0.5-TheOutcastVirus/install/turtlesim/include/turtlesim/turtlesim
[8.487s] -- Up-to-date: /home/vkommera/Documents/Triton Robotics/TR-Autonomy-0.5-TheOutcastVirus/install/turtlesim/include/turtlesim/turtlesim/msg
[8.487s] -- Up-to-date: /home/vkommera/Documents/Triton Robotics/TR-Autonomy-0.5-TheOutcastVirus/install/turtlesim/include/turtlesim/turtlesim/msg/rosidl_generator_cpp__visibility_control.hpp
[8.487s] -- Up-to-date: /home/vkommera/Documents/Triton Robotics/TR-Autonomy-0.5-TheOutcastVirus/install/turtlesim/include/turtlesim/turtlesim/msg/detail
[8.487s] -- Up-to-date: /home/vkommera/Documents/Triton Robotics/TR-Autonomy-0.5-TheOutcastVirus/install/turtlesim/include/turtlesim/turtlesim/msg/detail/pose__struct.hpp
[8.487s] -- Up-to-date: /home/vkommera/Documents/Triton Robotics/TR-Autonomy-0.5-TheOutcastVirus/install/turtlesim/include/turtlesim/turtlesim/msg/detail/color__type_support.hpp
[8.487s] -- Up-to-date: /home/vkommera/Documents/Triton Robotics/TR-Autonomy-0.5-TheOutcastVirus/install/turtlesim/include/turtlesim/turtlesim/msg/detail/color__builder.hpp
[8.487s] -- Up-to-date: /home/vkommera/Documents/Triton Robotics/TR-Autonomy-0.5-TheOutcastVirus/install/turtlesim/include/turtlesim/turtlesim/msg/detail/pose__traits.hpp
[8.487s] -- Up-to-date: /home/vkommera/Documents/Triton Robotics/TR-Autonomy-0.5-TheOutcastVirus/install/turtlesim/include/turtlesim/turtlesim/msg/detail/pose__builder.hpp
[8.487s] -- Up-to-date: /home/vkommera/Documents/Triton Robotics/TR-Autonomy-0.5-TheOutcastVirus/install/turtlesim/include/turtlesim/turtlesim/msg/detail/color__traits.hpp
[8.487s] -- Up-to-date: /home/vkommera/Documents/Triton Robotics/TR-Autonomy-0.5-TheOutcastVirus/install/turtlesim/include/turtlesim/turtlesim/msg/detail/pose__type_support.hpp
[8.487s] -- Up-to-date: /home/vkommera/Documents/Triton Robotics/TR-Autonomy-0.5-TheOutcastVirus/install/turtlesim/include/turtlesim/turtlesim/msg/detail/color__struct.hpp
[8.487s] -- Up-to-date: /home/vkommera/Documents/Triton Robotics/TR-Autonomy-0.5-TheOutcastVirus/install/turtlesim/include/turtlesim/turtlesim/msg/color.hpp
[8.487s] -- Up-to-date: /home/vkommera/Documents/Triton Robotics/TR-Autonomy-0.5-TheOutcastVirus/install/turtlesim/include/turtlesim/turtlesim/msg/pose.hpp
[8.487s] -- Up-to-date: /home/vkommera/Documents/Triton Robotics/TR-Autonomy-0.5-TheOutcastVirus/install/turtlesim/include/turtlesim/turtlesim/srv
[8.487s] -- Up-to-date: /home/vkommera/Documents/Triton Robotics/TR-Autonomy-0.5-TheOutcastVirus/install/turtlesim/include/turtlesim/turtlesim/srv/kill.hpp
[8.487s] -- Up-to-date: /home/vkommera/Documents/Triton Robotics/TR-Autonomy-0.5-TheOutcastVirus/install/turtlesim/include/turtlesim/turtlesim/srv/teleport_relative.hpp
[8.487s] -- Up-to-date: /home/vkommera/Documents/Triton Robotics/TR-Autonomy-0.5-TheOutcastVirus/install/turtlesim/include/turtlesim/turtlesim/srv/spawn.hpp
[8.487s] -- Up-to-date: /home/vkommera/Documents/Triton Robotics/TR-Autonomy-0.5-TheOutcastVirus/install/turtlesim/include/turtlesim/turtlesim/srv/detail
[8.487s] -- Up-to-date: /home/vkommera/Documents/Triton Robotics/TR-Autonomy-0.5-TheOutcastVirus/install/turtlesim/include/turtlesim/turtlesim/srv/detail/kill__type_support.hpp
[8.487s] -- Up-to-date: /home/vkommera/Documents/Triton Robotics/TR-Autonomy-0.5-TheOutcastVirus/install/turtlesim/include/turtlesim/turtlesim/srv/detail/spawn__struct.hpp
[8.487s] -- Up-to-date: /home/vkommera/Documents/Triton Robotics/TR-Autonomy-0.5-TheOutcastVirus/install/turtlesim/include/turtlesim/turtlesim/srv/detail/teleport_relative__traits.hpp
[8.487s] -- Up-to-date: /home/vkommera/Documents/Triton Robotics/TR-Autonomy-0.5-TheOutcastVirus/install/turtlesim/include/turtlesim/turtlesim/srv/detail/teleport_relative__type_support.hpp
[8.487s] -- Up-to-date: /home/vkommera/Documents/Triton Robotics/TR-Autonomy-0.5-TheOutcastVirus/install/turtlesim/include/turtlesim/turtlesim/srv/detail/teleport_absolute__builder.hpp
[8.487s] -- Up-to-date: /home/vkommera/Documents/Triton Robotics/TR-Autonomy-0.5-TheOutcastVirus/install/turtlesim/include/turtlesim/turtlesim/srv/detail/set_pen__type_support.hpp
[8.488s] -- Up-to-date: /home/vkommera/Documents/Triton Robotics/TR-Autonomy-0.5-TheOutcastVirus/install/turtlesim/include/turtlesim/turtlesim/srv/detail/teleport_absolute__type_support.hpp
[8.488s] -- Up-to-date: /home/vkommera/Documents/Triton Robotics/TR-Autonomy-0.5-TheOutcastVirus/install/turtlesim/include/turtlesim/turtlesim/srv/detail/teleport_absolute__traits.hpp
[8.488s] -- Up-to-date: /home/vkommera/Documents/Triton Robotics/TR-Autonomy-0.5-TheOutcastVirus/install/turtlesim/include/turtlesim/turtlesim/srv/detail/set_pen__traits.hpp
[8.488s] -- Up-to-date: /home/vkommera/Documents/Triton Robotics/TR-Autonomy-0.5-TheOutcastVirus/install/turtlesim/include/turtlesim/turtlesim/srv/detail/kill__struct.hpp
[8.488s] -- Up-to-date: /home/vkommera/Documents/Triton Robotics/TR-Autonomy-0.5-TheOutcastVirus/install/turtlesim/include/turtlesim/turtlesim/srv/detail/kill__traits.hpp
[8.488s] -- Up-to-date: /home/vkommera/Documents/Triton Robotics/TR-Autonomy-0.5-TheOutcastVirus/install/turtlesim/include/turtlesim/turtlesim/srv/detail/teleport_relative__struct.hpp
[8.488s] -- Up-to-date: /home/vkommera/Documents/Triton Robotics/TR-Autonomy-0.5-TheOutcastVirus/install/turtlesim/include/turtlesim/turtlesim/srv/detail/teleport_relative__builder.hpp
[8.488s] -- Up-to-date: /home/vkommera/Documents/Triton Robotics/TR-Autonomy-0.5-TheOutcastVirus/install/turtlesim/include/turtlesim/turtlesim/srv/detail/set_pen__struct.hpp
[8.488s] -- Up-to-date: /home/vkommera/Documents/Triton Robotics/TR-Autonomy-0.5-TheOutcastVirus/install/turtlesim/include/turtlesim/turtlesim/srv/detail/set_pen__builder.hpp
[8.488s] -- Up-to-date: /home/vkommera/Documents/Triton Robotics/TR-Autonomy-0.5-TheOutcastVirus/install/turtlesim/include/turtlesim/turtlesim/srv/detail/kill__builder.hpp
[8.488s] -- Up-to-date: /home/vkommera/Documents/Triton Robotics/TR-Autonomy-0.5-TheOutcastVirus/install/turtlesim/include/turtlesim/turtlesim/srv/detail/spawn__builder.hpp
[8.488s] -- Up-to-date: /home/vkommera/Documents/Triton Robotics/TR-Autonomy-0.5-TheOutcastVirus/install/turtlesim/include/turtlesim/turtlesim/srv/detail/teleport_absolute__struct.hpp
[8.488s] -- Up-to-date: /home/vkommera/Documents/Triton Robotics/TR-Autonomy-0.5-TheOutcastVirus/install/turtlesim/include/turtlesim/turtlesim/srv/detail/spawn__type_support.hpp
[8.488s] -- Up-to-date: /home/vkommera/Documents/Triton Robotics/TR-Autonomy-0.5-TheOutcastVirus/install/turtlesim/include/turtlesim/turtlesim/srv/detail/spawn__traits.hpp
[8.488s] -- Up-to-date: /home/vkommera/Documents/Triton Robotics/TR-Autonomy-0.5-TheOutcastVirus/install/turtlesim/include/turtlesim/turtlesim/srv/teleport_absolute.hpp
[8.488s] -- Up-to-date: /home/vkommera/Documents/Triton Robotics/TR-Autonomy-0.5-TheOutcastVirus/install/turtlesim/include/turtlesim/turtlesim/srv/set_pen.hpp
[8.488s] -- Up-to-date: /home/vkommera/Documents/Triton Robotics/TR-Autonomy-0.5-TheOutcastVirus/install/turtlesim/include/turtlesim/turtlesim/action
[8.488s] -- Up-to-date: /home/vkommera/Documents/Triton Robotics/TR-Autonomy-0.5-TheOutcastVirus/install/turtlesim/include/turtlesim/turtlesim/action/rotate_absolute.hpp
[8.488s] -- Up-to-date: /home/vkommera/Documents/Triton Robotics/TR-Autonomy-0.5-TheOutcastVirus/install/turtlesim/include/turtlesim/turtlesim/action/detail
[8.488s] -- Up-to-date: /home/vkommera/Documents/Triton Robotics/TR-Autonomy-0.5-TheOutcastVirus/install/turtlesim/include/turtlesim/turtlesim/action/detail/rotate_absolute__builder.hpp
[8.488s] -- Up-to-date: /home/vkommera/Documents/Triton Robotics/TR-Autonomy-0.5-TheOutcastVirus/install/turtlesim/include/turtlesim/turtlesim/action/detail/rotate_absolute__traits.hpp
[8.488s] -- Up-to-date: /home/vkommera/Documents/Triton Robotics/TR-Autonomy-0.5-TheOutcastVirus/install/turtlesim/include/turtlesim/turtlesim/action/detail/rotate_absolute__struct.hpp
[8.488s] -- Up-to-date: /home/vkommera/Documents/Triton Robotics/TR-Autonomy-0.5-TheOutcastVirus/install/turtlesim/include/turtlesim/turtlesim/action/detail/rotate_absolute__type_support.hpp
[8.488s] -- Up-to-date: /home/vkommera/Documents/Triton Robotics/TR-Autonomy-0.5-TheOutcastVirus/install/turtlesim/include/turtlesim/turtlesim
[8.488s] -- Up-to-date: /home/vkommera/Documents/Triton Robotics/TR-Autonomy-0.5-TheOutcastVirus/install/turtlesim/include/turtlesim/turtlesim/msg
[8.488s] -- Up-to-date: /home/vkommera/Documents/Triton Robotics/TR-Autonomy-0.5-TheOutcastVirus/install/turtlesim/include/turtlesim/turtlesim/msg/rosidl_typesupport_fastrtps_cpp__visibility_control.h
[8.488s] -- Up-to-date: /home/vkommera/Documents/Triton Robotics/TR-Autonomy-0.5-TheOutcastVirus/install/turtlesim/include/turtlesim/turtlesim/msg/detail
[8.488s] -- Up-to-date: /home/vkommera/Documents/Triton Robotics/TR-Autonomy-0.5-TheOutcastVirus/install/turtlesim/include/turtlesim/turtlesim/msg/detail/dds_fastrtps
[8.488s] -- Up-to-date: /home/vkommera/Documents/Triton Robotics/TR-Autonomy-0.5-TheOutcastVirus/install/turtlesim/include/turtlesim/turtlesim/msg/detail/pose__rosidl_typesupport_fastrtps_cpp.hpp
[8.488s] -- Up-to-date: /home/vkommera/Documents/Triton Robotics/TR-Autonomy-0.5-TheOutcastVirus/install/turtlesim/include/turtlesim/turtlesim/msg/detail/color__rosidl_typesupport_fastrtps_cpp.hpp
[8.488s] -- Up-to-date: /home/vkommera/Documents/Triton Robotics/TR-Autonomy-0.5-TheOutcastVirus/install/turtlesim/include/turtlesim/turtlesim/srv
[8.488s] -- Up-to-date: /home/vkommera/Documents/Triton Robotics/TR-Autonomy-0.5-TheOutcastVirus/install/turtlesim/include/turtlesim/turtlesim/srv/detail
[8.488s] -- Up-to-date: /home/vkommera/Documents/Triton Robotics/TR-Autonomy-0.5-TheOutcastVirus/install/turtlesim/include/turtlesim/turtlesim/srv/detail/dds_fastrtps
[8.488s] -- Up-to-date: /home/vkommera/Documents/Triton Robotics/TR-Autonomy-0.5-TheOutcastVirus/install/turtlesim/include/turtlesim/turtlesim/srv/detail/spawn__rosidl_typesupport_fastrtps_cpp.hpp
[8.488s] -- Up-to-date: /home/vkommera/Documents/Triton Robotics/TR-Autonomy-0.5-TheOutcastVirus/install/turtlesim/include/turtlesim/turtlesim/srv/detail/set_pen__rosidl_typesupport_fastrtps_cpp.hpp
[8.488s] -- Up-to-date: /home/vkommera/Documents/Triton Robotics/TR-Autonomy-0.5-TheOutcastVirus/install/turtlesim/include/turtlesim/turtlesim/srv/detail/teleport_absolute__rosidl_typesupport_fastrtps_cpp.hpp
[8.489s] -- Up-to-date: /home/vkommera/Documents/Triton Robotics/TR-Autonomy-0.5-TheOutcastVirus/install/turtlesim/include/turtlesim/turtlesim/srv/detail/teleport_relative__rosidl_typesupport_fastrtps_cpp.hpp
[8.489s] -- Up-to-date: /home/vkommera/Documents/Triton Robotics/TR-Autonomy-0.5-TheOutcastVirus/install/turtlesim/include/turtlesim/turtlesim/srv/detail/kill__rosidl_typesupport_fastrtps_cpp.hpp
[8.489s] -- Up-to-date: /home/vkommera/Documents/Triton Robotics/TR-Autonomy-0.5-TheOutcastVirus/install/turtlesim/include/turtlesim/turtlesim/action
[8.489s] -- Up-to-date: /home/vkommera/Documents/Triton Robotics/TR-Autonomy-0.5-TheOutcastVirus/install/turtlesim/include/turtlesim/turtlesim/action/detail
[8.489s] -- Up-to-date: /home/vkommera/Documents/Triton Robotics/TR-Autonomy-0.5-TheOutcastVirus/install/turtlesim/include/turtlesim/turtlesim/action/detail/dds_fastrtps
[8.489s] -- Up-to-date: /home/vkommera/Documents/Triton Robotics/TR-Autonomy-0.5-TheOutcastVirus/install/turtlesim/include/turtlesim/turtlesim/action/detail/rotate_absolute__rosidl_typesupport_fastrtps_cpp.hpp
[8.489s] -- Up-to-date: /home/vkommera/Documents/Triton Robotics/TR-Autonomy-0.5-TheOutcastVirus/install/turtlesim/lib/libturtlesim__rosidl_typesupport_fastrtps_cpp.so
[8.489s] -- Up-to-date: /home/vkommera/Documents/Triton Robotics/TR-Autonomy-0.5-TheOutcastVirus/install/turtlesim/include/turtlesim/turtlesim
[8.489s] -- Up-to-date: /home/vkommera/Documents/Triton Robotics/TR-Autonomy-0.5-TheOutcastVirus/install/turtlesim/include/turtlesim/turtlesim/msg
[8.489s] -- Up-to-date: /home/vkommera/Documents/Triton Robotics/TR-Autonomy-0.5-TheOutcastVirus/install/turtlesim/include/turtlesim/turtlesim/msg/detail
[8.489s] -- Up-to-date: /home/vkommera/Documents/Triton Robotics/TR-Autonomy-0.5-TheOutcastVirus/install/turtlesim/include/turtlesim/turtlesim/msg/detail/pose__rosidl_typesupport_introspection_c.h
[8.489s] -- Up-to-date: /home/vkommera/Documents/Triton Robotics/TR-Autonomy-0.5-TheOutcastVirus/install/turtlesim/include/turtlesim/turtlesim/msg/detail/color__type_support.c
[8.489s] -- Up-to-date: /home/vkommera/Documents/Triton Robotics/TR-Autonomy-0.5-TheOutcastVirus/install/turtlesim/include/turtlesim/turtlesim/msg/detail/color__rosidl_typesupport_introspection_c.h
[8.489s] -- Up-to-date: /home/vkommera/Documents/Triton Robotics/TR-Autonomy-0.5-TheOutcastVirus/install/turtlesim/include/turtlesim/turtlesim/msg/detail/pose__type_support.c
[8.489s] -- Up-to-date: /home/vkommera/Documents/Triton Robotics/TR-Autonomy-0.5-TheOutcastVirus/install/turtlesim/include/turtlesim/turtlesim/msg/rosidl_typesupport_introspection_c__visibility_control.h
[8.489s] -- Up-to-date: /home/vkommera/Documents/Triton Robotics/TR-Autonomy-0.5-TheOutcastVirus/install/turtlesim/include/turtlesim/turtlesim/srv
[8.489s] -- Up-to-date: /home/vkommera/Documents/Triton Robotics/TR-Autonomy-0.5-TheOutcastVirus/install/turtlesim/include/turtlesim/turtlesim/srv/detail
[8.489s] -- Up-to-date: /home/vkommera/Documents/Triton Robotics/TR-Autonomy-0.5-TheOutcastVirus/install/turtlesim/include/turtlesim/turtlesim/srv/detail/spawn__type_support.c
[8.489s] -- Up-to-date: /home/vkommera/Documents/Triton Robotics/TR-Autonomy-0.5-TheOutcastVirus/install/turtlesim/include/turtlesim/turtlesim/srv/detail/teleport_absolute__type_support.c
[8.489s] -- Up-to-date: /home/vkommera/Documents/Triton Robotics/TR-Autonomy-0.5-TheOutcastVirus/install/turtlesim/include/turtlesim/turtlesim/srv/detail/teleport_relative__rosidl_typesupport_introspection_c.h
[8.489s] -- Up-to-date: /home/vkommera/Documents/Triton Robotics/TR-Autonomy-0.5-TheOutcastVirus/install/turtlesim/include/turtlesim/turtlesim/srv/detail/teleport_absolute__rosidl_typesupport_introspection_c.h
[8.489s] -- Up-to-date: /home/vkommera/Documents/Triton Robotics/TR-Autonomy-0.5-TheOutcastVirus/install/turtlesim/include/turtlesim/turtlesim/srv/detail/set_pen__type_support.c
[8.489s] -- Up-to-date: /home/vkommera/Documents/Triton Robotics/TR-Autonomy-0.5-TheOutcastVirus/install/turtlesim/include/turtlesim/turtlesim/srv/detail/kill__type_support.c
[8.489s] -- Up-to-date: /home/vkommera/Documents/Triton Robotics/TR-Autonomy-0.5-TheOutcastVirus/install/turtlesim/include/turtlesim/turtlesim/srv/detail/kill__rosidl_typesupport_introspection_c.h
[8.489s] -- Up-to-date: /home/vkommera/Documents/Triton Robotics/TR-Autonomy-0.5-TheOutcastVirus/install/turtlesim/include/turtlesim/turtlesim/srv/detail/spawn__rosidl_typesupport_introspection_c.h
[8.489s] -- Up-to-date: /home/vkommera/Documents/Triton Robotics/TR-Autonomy-0.5-TheOutcastVirus/install/turtlesim/include/turtlesim/turtlesim/srv/detail/teleport_relative__type_support.c
[8.489s] -- Up-to-date: /home/vkommera/Documents/Triton Robotics/TR-Autonomy-0.5-TheOutcastVirus/install/turtlesim/include/turtlesim/turtlesim/srv/detail/set_pen__rosidl_typesupport_introspection_c.h
[8.489s] -- Up-to-date: /home/vkommera/Documents/Triton Robotics/TR-Autonomy-0.5-TheOutcastVirus/install/turtlesim/include/turtlesim/turtlesim/action
[8.489s] -- Up-to-date: /home/vkommera/Documents/Triton Robotics/TR-Autonomy-0.5-TheOutcastVirus/install/turtlesim/include/turtlesim/turtlesim/action/detail
[8.489s] -- Up-to-date: /home/vkommera/Documents/Triton Robotics/TR-Autonomy-0.5-TheOutcastVirus/install/turtlesim/include/turtlesim/turtlesim/action/detail/rotate_absolute__rosidl_typesupport_introspection_c.h
[8.489s] -- Up-to-date: /home/vkommera/Documents/Triton Robotics/TR-Autonomy-0.5-TheOutcastVirus/install/turtlesim/include/turtlesim/turtlesim/action/detail/rotate_absolute__type_support.c
[8.489s] -- Up-to-date: /home/vkommera/Documents/Triton Robotics/TR-Autonomy-0.5-TheOutcastVirus/install/turtlesim/lib/libturtlesim__rosidl_typesupport_introspection_c.so
[8.489s] -- Up-to-date: /home/vkommera/Documents/Triton Robotics/TR-Autonomy-0.5-TheOutcastVirus/install/turtlesim/lib/libturtlesim__rosidl_typesupport_c.so
[8.489s] -- Up-to-date: /home/vkommera/Documents/Triton Robotics/TR-Autonomy-0.5-TheOutcastVirus/install/turtlesim/include/turtlesim/turtlesim
[8.489s] -- Up-to-date: /home/vkommera/Documents/Triton Robotics/TR-Autonomy-0.5-TheOutcastVirus/install/turtlesim/include/turtlesim/turtlesim/msg
[8.490s] -- Up-to-date: /home/vkommera/Documents/Triton Robotics/TR-Autonomy-0.5-TheOutcastVirus/install/turtlesim/include/turtlesim/turtlesim/msg/detail
[8.490s] -- Up-to-date: /home/vkommera/Documents/Triton Robotics/TR-Autonomy-0.5-TheOutcastVirus/install/turtlesim/include/turtlesim/turtlesim/msg/detail/color__rosidl_typesupport_introspection_cpp.hpp
[8.490s] -- Up-to-date: /home/vkommera/Documents/Triton Robotics/TR-Autonomy-0.5-TheOutcastVirus/install/turtlesim/include/turtlesim/turtlesim/msg/detail/pose__type_support.cpp
[8.490s] -- Up-to-date: /home/vkommera/Documents/Triton Robotics/TR-Autonomy-0.5-TheOutcastVirus/install/turtlesim/include/turtlesim/turtlesim/msg/detail/pose__rosidl_typesupport_introspection_cpp.hpp
[8.490s] -- Up-to-date: /home/vkommera/Documents/Triton Robotics/TR-Autonomy-0.5-TheOutcastVirus/install/turtlesim/include/turtlesim/turtlesim/msg/detail/color__type_support.cpp
[8.490s] -- Up-to-date: /home/vkommera/Documents/Triton Robotics/TR-Autonomy-0.5-TheOutcastVirus/install/turtlesim/include/turtlesim/turtlesim/srv
[8.490s] -- Up-to-date: /home/vkommera/Documents/Triton Robotics/TR-Autonomy-0.5-TheOutcastVirus/install/turtlesim/include/turtlesim/turtlesim/srv/detail
[8.490s] -- Up-to-date: /home/vkommera/Documents/Triton Robotics/TR-Autonomy-0.5-TheOutcastVirus/install/turtlesim/include/turtlesim/turtlesim/srv/detail/teleport_relative__type_support.cpp
[8.490s] -- Up-to-date: /home/vkommera/Documents/Triton Robotics/TR-Autonomy-0.5-TheOutcastVirus/install/turtlesim/include/turtlesim/turtlesim/srv/detail/teleport_relative__rosidl_typesupport_introspection_cpp.hpp
[8.490s] -- Up-to-date: /home/vkommera/Documents/Triton Robotics/TR-Autonomy-0.5-TheOutcastVirus/install/turtlesim/include/turtlesim/turtlesim/srv/detail/kill__rosidl_typesupport_introspection_cpp.hpp
[8.490s] -- Up-to-date: /home/vkommera/Documents/Triton Robotics/TR-Autonomy-0.5-TheOutcastVirus/install/turtlesim/include/turtlesim/turtlesim/srv/detail/set_pen__rosidl_typesupport_introspection_cpp.hpp
[8.490s] -- Up-to-date: /home/vkommera/Documents/Triton Robotics/TR-Autonomy-0.5-TheOutcastVirus/install/turtlesim/include/turtlesim/turtlesim/srv/detail/set_pen__type_support.cpp
[8.490s] -- Up-to-date: /home/vkommera/Documents/Triton Robotics/TR-Autonomy-0.5-TheOutcastVirus/install/turtlesim/include/turtlesim/turtlesim/srv/detail/spawn__type_support.cpp
[8.490s] -- Up-to-date: /home/vkommera/Documents/Triton Robotics/TR-Autonomy-0.5-TheOutcastVirus/install/turtlesim/include/turtlesim/turtlesim/srv/detail/teleport_absolute__type_support.cpp
[8.490s] -- Up-to-date: /home/vkommera/Documents/Triton Robotics/TR-Autonomy-0.5-TheOutcastVirus/install/turtlesim/include/turtlesim/turtlesim/srv/detail/kill__type_support.cpp
[8.490s] -- Up-to-date: /home/vkommera/Documents/Triton Robotics/TR-Autonomy-0.5-TheOutcastVirus/install/turtlesim/include/turtlesim/turtlesim/srv/detail/spawn__rosidl_typesupport_introspection_cpp.hpp
[8.490s] -- Up-to-date: /home/vkommera/Documents/Triton Robotics/TR-Autonomy-0.5-TheOutcastVirus/install/turtlesim/include/turtlesim/turtlesim/srv/detail/teleport_absolute__rosidl_typesupport_introspection_cpp.hpp
[8.490s] -- Up-to-date: /home/vkommera/Documents/Triton Robotics/TR-Autonomy-0.5-TheOutcastVirus/install/turtlesim/include/turtlesim/turtlesim/action
[8.490s] -- Up-to-date: /home/vkommera/Documents/Triton Robotics/TR-Autonomy-0.5-TheOutcastVirus/install/turtlesim/include/turtlesim/turtlesim/action/detail
[8.490s] -- Up-to-date: /home/vkommera/Documents/Triton Robotics/TR-Autonomy-0.5-TheOutcastVirus/install/turtlesim/include/turtlesim/turtlesim/action/detail/rotate_absolute__type_support.cpp
[8.490s] -- Up-to-date: /home/vkommera/Documents/Triton Robotics/TR-Autonomy-0.5-TheOutcastVirus/install/turtlesim/include/turtlesim/turtlesim/action/detail/rotate_absolute__rosidl_typesupport_introspection_cpp.hpp
[8.490s] -- Up-to-date: /home/vkommera/Documents/Triton Robotics/TR-Autonomy-0.5-TheOutcastVirus/install/turtlesim/lib/libturtlesim__rosidl_typesupport_introspection_cpp.so
[8.490s] -- Up-to-date: /home/vkommera/Documents/Triton Robotics/TR-Autonomy-0.5-TheOutcastVirus/install/turtlesim/lib/libturtlesim__rosidl_typesupport_cpp.so
[8.490s] -- Up-to-date: /home/vkommera/Documents/Triton Robotics/TR-Autonomy-0.5-TheOutcastVirus/install/turtlesim/share/turtlesim/environment/pythonpath.sh
[8.490s] -- Installing: /home/vkommera/Documents/Triton Robotics/TR-Autonomy-0.5-TheOutcastVirus/install/turtlesim/share/turtlesim/environment/pythonpath.dsv
[8.490s] -- Up-to-date: /home/vkommera/Documents/Triton Robotics/TR-Autonomy-0.5-TheOutcastVirus/install/turtlesim/local/lib/python3.10/dist-packages/turtlesim-1.4.2-py3.10.egg-info
[8.490s] -- Installing: /home/vkommera/Documents/Triton Robotics/TR-Autonomy-0.5-TheOutcastVirus/install/turtlesim/local/lib/python3.10/dist-packages/turtlesim-1.4.2-py3.10.egg-info/dependency_links.txt
[8.490s] -- Installing: /home/vkommera/Documents/Triton Robotics/TR-Autonomy-0.5-TheOutcastVirus/install/turtlesim/local/lib/python3.10/dist-packages/turtlesim-1.4.2-py3.10.egg-info/PKG-INFO
[8.490s] -- Installing: /home/vkommera/Documents/Triton Robotics/TR-Autonomy-0.5-TheOutcastVirus/install/turtlesim/local/lib/python3.10/dist-packages/turtlesim-1.4.2-py3.10.egg-info/top_level.txt
[8.490s] -- Installing: /home/vkommera/Documents/Triton Robotics/TR-Autonomy-0.5-TheOutcastVirus/install/turtlesim/local/lib/python3.10/dist-packages/turtlesim-1.4.2-py3.10.egg-info/SOURCES.txt
[8.490s] -- Up-to-date: /home/vkommera/Documents/Triton Robotics/TR-Autonomy-0.5-TheOutcastVirus/install/turtlesim/local/lib/python3.10/dist-packages/turtlesim
[8.490s] -- Up-to-date: /home/vkommera/Documents/Triton Robotics/TR-Autonomy-0.5-TheOutcastVirus/install/turtlesim/local/lib/python3.10/dist-packages/turtlesim/turtlesim_s__rosidl_typesupport_introspection_c.cpython-310-x86_64-linux-gnu.so
[8.490s] -- Up-to-date: /home/vkommera/Documents/Triton Robotics/TR-Autonomy-0.5-TheOutcastVirus/install/turtlesim/local/lib/python3.10/dist-packages/turtlesim/msg
[8.491s] -- Up-to-date: /home/vkommera/Documents/Triton Robotics/TR-Autonomy-0.5-TheOutcastVirus/install/turtlesim/local/lib/python3.10/dist-packages/turtlesim/msg/_color.py
[8.491s] -- Up-to-date: /home/vkommera/Documents/Triton Robotics/TR-Autonomy-0.5-TheOutcastVirus/install/turtlesim/local/lib/python3.10/dist-packages/turtlesim/msg/__init__.py
[8.491s] -- Up-to-date: /home/vkommera/Documents/Triton Robotics/TR-Autonomy-0.5-TheOutcastVirus/install/turtlesim/local/lib/python3.10/dist-packages/turtlesim/msg/_pose_s.c
[8.491s] -- Up-to-date: /home/vkommera/Documents/Triton Robotics/TR-Autonomy-0.5-TheOutcastVirus/install/turtlesim/local/lib/python3.10/dist-packages/turtlesim/msg/_pose.py
[8.491s] -- Up-to-date: /home/vkommera/Documents/Triton Robotics/TR-Autonomy-0.5-TheOutcastVirus/install/turtlesim/local/lib/python3.10/dist-packages/turtlesim/msg/_color_s.c
[8.491s] -- Up-to-date: /home/vkommera/Documents/Triton Robotics/TR-Autonomy-0.5-TheOutcastVirus/install/turtlesim/local/lib/python3.10/dist-packages/turtlesim/_turtlesim_s.ep.rosidl_typesupport_c.c
[8.491s] -- Up-to-date: /home/vkommera/Documents/Triton Robotics/TR-Autonomy-0.5-TheOutcastVirus/install/turtlesim/local/lib/python3.10/dist-packages/turtlesim/_turtlesim_s.ep.rosidl_typesupport_fastrtps_c.c
[8.491s] -- Up-to-date: /home/vkommera/Documents/Triton Robotics/TR-Autonomy-0.5-TheOutcastVirus/install/turtlesim/local/lib/python3.10/dist-packages/turtlesim/turtlesim_s__rosidl_typesupport_fastrtps_c.cpython-310-x86_64-linux-gnu.so
[8.491s] -- Up-to-date: /home/vkommera/Documents/Triton Robotics/TR-Autonomy-0.5-TheOutcastVirus/install/turtlesim/local/lib/python3.10/dist-packages/turtlesim/srv
[8.491s] -- Up-to-date: /home/vkommera/Documents/Triton Robotics/TR-Autonomy-0.5-TheOutcastVirus/install/turtlesim/local/lib/python3.10/dist-packages/turtlesim/srv/_teleport_relative.py
[8.491s] -- Up-to-date: /home/vkommera/Documents/Triton Robotics/TR-Autonomy-0.5-TheOutcastVirus/install/turtlesim/local/lib/python3.10/dist-packages/turtlesim/srv/_teleport_relative_s.c
[8.491s] -- Up-to-date: /home/vkommera/Documents/Triton Robotics/TR-Autonomy-0.5-TheOutcastVirus/install/turtlesim/local/lib/python3.10/dist-packages/turtlesim/srv/_spawn_s.c
[8.491s] -- Up-to-date: /home/vkommera/Documents/Triton Robotics/TR-Autonomy-0.5-TheOutcastVirus/install/turtlesim/local/lib/python3.10/dist-packages/turtlesim/srv/_spawn.py
[8.491s] -- Up-to-date: /home/vkommera/Documents/Triton Robotics/TR-Autonomy-0.5-TheOutcastVirus/install/turtlesim/local/lib/python3.10/dist-packages/turtlesim/srv/_set_pen_s.c
[8.491s] -- Up-to-date: /home/vkommera/Documents/Triton Robotics/TR-Autonomy-0.5-TheOutcastVirus/install/turtlesim/local/lib/python3.10/dist-packages/turtlesim/srv/__init__.py
[8.491s] -- Up-to-date: /home/vkommera/Documents/Triton Robotics/TR-Autonomy-0.5-TheOutcastVirus/install/turtlesim/local/lib/python3.10/dist-packages/turtlesim/srv/_kill.py
[8.491s] -- Up-to-date: /home/vkommera/Documents/Triton Robotics/TR-Autonomy-0.5-TheOutcastVirus/install/turtlesim/local/lib/python3.10/dist-packages/turtlesim/srv/_teleport_absolute.py
[8.491s] -- Up-to-date: /home/vkommera/Documents/Triton Robotics/TR-Autonomy-0.5-TheOutcastVirus/install/turtlesim/local/lib/python3.10/dist-packages/turtlesim/srv/_kill_s.c
[8.491s] -- Up-to-date: /home/vkommera/Documents/Triton Robotics/TR-Autonomy-0.5-TheOutcastVirus/install/turtlesim/local/lib/python3.10/dist-packages/turtlesim/srv/_set_pen.py
[8.491s] -- Up-to-date: /home/vkommera/Documents/Triton Robotics/TR-Autonomy-0.5-TheOutcastVirus/install/turtlesim/local/lib/python3.10/dist-packages/turtlesim/srv/_teleport_absolute_s.c
[8.491s] -- Installing: /home/vkommera/Documents/Triton Robotics/TR-Autonomy-0.5-TheOutcastVirus/install/turtlesim/local/lib/python3.10/dist-packages/turtlesim/__init__.py
[8.491s] -- Up-to-date: /home/vkommera/Documents/Triton Robotics/TR-Autonomy-0.5-TheOutcastVirus/install/turtlesim/local/lib/python3.10/dist-packages/turtlesim/action
[8.491s] -- Up-to-date: /home/vkommera/Documents/Triton Robotics/TR-Autonomy-0.5-TheOutcastVirus/install/turtlesim/local/lib/python3.10/dist-packages/turtlesim/action/_rotate_absolute.py
[8.491s] -- Up-to-date: /home/vkommera/Documents/Triton Robotics/TR-Autonomy-0.5-TheOutcastVirus/install/turtlesim/local/lib/python3.10/dist-packages/turtlesim/action/__init__.py
[8.491s] -- Up-to-date: /home/vkommera/Documents/Triton Robotics/TR-Autonomy-0.5-TheOutcastVirus/install/turtlesim/local/lib/python3.10/dist-packages/turtlesim/action/_rotate_absolute_s.c
[8.491s] -- Up-to-date: /home/vkommera/Documents/Triton Robotics/TR-Autonomy-0.5-TheOutcastVirus/install/turtlesim/local/lib/python3.10/dist-packages/turtlesim/_turtlesim_s.ep.rosidl_typesupport_introspection_c.c
[8.491s] -- Up-to-date: /home/vkommera/Documents/Triton Robotics/TR-Autonomy-0.5-TheOutcastVirus/install/turtlesim/local/lib/python3.10/dist-packages/turtlesim/libturtlesim__rosidl_generator_py.so
[8.491s] -- Up-to-date: /home/vkommera/Documents/Triton Robotics/TR-Autonomy-0.5-TheOutcastVirus/install/turtlesim/local/lib/python3.10/dist-packages/turtlesim/turtlesim_s__rosidl_typesupport_c.cpython-310-x86_64-linux-gnu.so
[8.507s] Listing '/home/vkommera/Documents/Triton Robotics/TR-Autonomy-0.5-TheOutcastVirus/install/turtlesim/local/lib/python3.10/dist-packages/turtlesim'...
[8.507s] Compiling '/home/vkommera/Documents/Triton Robotics/TR-Autonomy-0.5-TheOutcastVirus/install/turtlesim/local/lib/python3.10/dist-packages/turtlesim/__init__.py'...
[8.507s] Listing '/home/vkommera/Documents/Triton Robotics/TR-Autonomy-0.5-TheOutcastVirus/install/turtlesim/local/lib/python3.10/dist-packages/turtlesim/action'...
[8.507s] Listing '/home/vkommera/Documents/Triton Robotics/TR-Autonomy-0.5-TheOutcastVirus/install/turtlesim/local/lib/python3.10/dist-packages/turtlesim/msg'...
[8.507s] Listing '/home/vkommera/Documents/Triton Robotics/TR-Autonomy-0.5-TheOutcastVirus/install/turtlesim/local/lib/python3.10/dist-packages/turtlesim/srv'...
[8.509s] -- Up-to-date: /home/vkommera/Documents/Triton Robotics/TR-Autonomy-0.5-TheOutcastVirus/install/turtlesim/local/lib/python3.10/dist-packages/turtlesim/turtlesim_s__rosidl_typesupport_fastrtps_c.cpython-310-x86_64-linux-gnu.so
[8.509s] -- Up-to-date: /home/vkommera/Documents/Triton Robotics/TR-Autonomy-0.5-TheOutcastVirus/install/turtlesim/local/lib/python3.10/dist-packages/turtlesim/turtlesim_s__rosidl_typesupport_introspection_c.cpython-310-x86_64-linux-gnu.so
[8.509s] -- Up-to-date: /home/vkommera/Documents/Triton Robotics/TR-Autonomy-0.5-TheOutcastVirus/install/turtlesim/local/lib/python3.10/dist-packages/turtlesim/turtlesim_s__rosidl_typesupport_c.cpython-310-x86_64-linux-gnu.so
[8.509s] -- Up-to-date: /home/vkommera/Documents/Triton Robotics/TR-Autonomy-0.5-TheOutcastVirus/install/turtlesim/lib/libturtlesim__rosidl_generator_py.so
[8.510s] -- Up-to-date: /home/vkommera/Documents/Triton Robotics/TR-Autonomy-0.5-TheOutcastVirus/install/turtlesim/share/turtlesim/action/RotateAbsolute.idl
[8.510s] -- Up-to-date: /home/vkommera/Documents/Triton Robotics/TR-Autonomy-0.5-TheOutcastVirus/install/turtlesim/share/turtlesim/msg/Color.idl
[8.510s] -- Up-to-date: /home/vkommera/Documents/Triton Robotics/TR-Autonomy-0.5-TheOutcastVirus/install/turtlesim/share/turtlesim/msg/Pose.idl
[8.510s] -- Up-to-date: /home/vkommera/Documents/Triton Robotics/TR-Autonomy-0.5-TheOutcastVirus/install/turtlesim/share/turtlesim/srv/Kill.idl
[8.510s] -- Up-to-date: /home/vkommera/Documents/Triton Robotics/TR-Autonomy-0.5-TheOutcastVirus/install/turtlesim/share/turtlesim/srv/SetPen.idl
[8.510s] -- Up-to-date: /home/vkommera/Documents/Triton Robotics/TR-Autonomy-0.5-TheOutcastVirus/install/turtlesim/share/turtlesim/srv/Spawn.idl
[8.510s] -- Up-to-date: /home/vkommera/Documents/Triton Robotics/TR-Autonomy-0.5-TheOutcastVirus/install/turtlesim/share/turtlesim/srv/TeleportAbsolute.idl
[8.510s] -- Up-to-date: /home/vkommera/Documents/Triton Robotics/TR-Autonomy-0.5-TheOutcastVirus/install/turtlesim/share/turtlesim/srv/TeleportRelative.idl
[8.510s] -- Installing: /home/vkommera/Documents/Triton Robotics/TR-Autonomy-0.5-TheOutcastVirus/install/turtlesim/share/turtlesim/action/RotateAbsolute.action
[8.510s] -- Installing: /home/vkommera/Documents/Triton Robotics/TR-Autonomy-0.5-TheOutcastVirus/install/turtlesim/share/turtlesim/msg/Color.msg
[8.510s] -- Installing: /home/vkommera/Documents/Triton Robotics/TR-Autonomy-0.5-TheOutcastVirus/install/turtlesim/share/turtlesim/msg/Pose.msg
[8.510s] -- Installing: /home/vkommera/Documents/Triton Robotics/TR-Autonomy-0.5-TheOutcastVirus/install/turtlesim/share/turtlesim/srv/Kill.srv
[8.510s] -- Up-to-date: /home/vkommera/Documents/Triton Robotics/TR-Autonomy-0.5-TheOutcastVirus/install/turtlesim/share/turtlesim/srv/Kill_Request.msg
[8.510s] -- Up-to-date: /home/vkommera/Documents/Triton Robotics/TR-Autonomy-0.5-TheOutcastVirus/install/turtlesim/share/turtlesim/srv/Kill_Response.msg
[8.510s] -- Installing: /home/vkommera/Documents/Triton Robotics/TR-Autonomy-0.5-TheOutcastVirus/install/turtlesim/share/turtlesim/srv/SetPen.srv
[8.510s] -- Up-to-date: /home/vkommera/Documents/Triton Robotics/TR-Autonomy-0.5-TheOutcastVirus/install/turtlesim/share/turtlesim/srv/SetPen_Request.msg
[8.510s] -- Up-to-date: /home/vkommera/Documents/Triton Robotics/TR-Autonomy-0.5-TheOutcastVirus/install/turtlesim/share/turtlesim/srv/SetPen_Response.msg
[8.510s] -- Installing: /home/vkommera/Documents/Triton Robotics/TR-Autonomy-0.5-TheOutcastVirus/install/turtlesim/share/turtlesim/srv/Spawn.srv
[8.511s] -- Up-to-date: /home/vkommera/Documents/Triton Robotics/TR-Autonomy-0.5-TheOutcastVirus/install/turtlesim/share/turtlesim/srv/Spawn_Request.msg
[8.511s] -- Up-to-date: /home/vkommera/Documents/Triton Robotics/TR-Autonomy-0.5-TheOutcastVirus/install/turtlesim/share/turtlesim/srv/Spawn_Response.msg
[8.511s] -- Installing: /home/vkommera/Documents/Triton Robotics/TR-Autonomy-0.5-TheOutcastVirus/install/turtlesim/share/turtlesim/srv/TeleportAbsolute.srv
[8.511s] -- Up-to-date: /home/vkommera/Documents/Triton Robotics/TR-Autonomy-0.5-TheOutcastVirus/install/turtlesim/share/turtlesim/srv/TeleportAbsolute_Request.msg
[8.511s] -- Up-to-date: /home/vkommera/Documents/Triton Robotics/TR-Autonomy-0.5-TheOutcastVirus/install/turtlesim/share/turtlesim/srv/TeleportAbsolute_Response.msg
[8.511s] -- Installing: /home/vkommera/Documents/Triton Robotics/TR-Autonomy-0.5-TheOutcastVirus/install/turtlesim/share/turtlesim/srv/TeleportRelative.srv
[8.511s] -- Up-to-date: /home/vkommera/Documents/Triton Robotics/TR-Autonomy-0.5-TheOutcastVirus/install/turtlesim/share/turtlesim/srv/TeleportRelative_Request.msg
[8.511s] -- Up-to-date: /home/vkommera/Documents/Triton Robotics/TR-Autonomy-0.5-TheOutcastVirus/install/turtlesim/share/turtlesim/srv/TeleportRelative_Response.msg
[8.511s] -- Installing: /home/vkommera/Documents/Triton Robotics/TR-Autonomy-0.5-TheOutcastVirus/install/turtlesim/lib/turtlesim/turtlesim_node
[8.518s] -- Set runtime path of "/home/vkommera/Documents/Triton Robotics/TR-Autonomy-0.5-TheOutcastVirus/install/turtlesim/lib/turtlesim/turtlesim_node" to ""
[8.518s] -- Installing: /home/vkommera/Documents/Triton Robotics/TR-Autonomy-0.5-TheOutcastVirus/install/turtlesim/lib/turtlesim/turtle_teleop_key
[8.520s] -- Set runtime path of "/home/vkommera/Documents/Triton Robotics/TR-Autonomy-0.5-TheOutcastVirus/install/turtlesim/lib/turtlesim/turtle_teleop_key" to ""
[8.520s] -- Installing: /home/vkommera/Documents/Triton Robotics/TR-Autonomy-0.5-TheOutcastVirus/install/turtlesim/lib/turtlesim/draw_square
[8.523s] -- Set runtime path of "/home/vkommera/Documents/Triton Robotics/TR-Autonomy-0.5-TheOutcastVirus/install/turtlesim/lib/turtlesim/draw_square" to ""
[8.523s] -- Installing: /home/vkommera/Documents/Triton Robotics/TR-Autonomy-0.5-TheOutcastVirus/install/turtlesim/lib/turtlesim/mimic
[8.527s] -- Set runtime path of "/home/vkommera/Documents/Triton Robotics/TR-Autonomy-0.5-TheOutcastVirus/install/turtlesim/lib/turtlesim/mimic" to ""
[8.527s] -- Up-to-date: /home/vkommera/Documents/Triton Robotics/TR-Autonomy-0.5-TheOutcastVirus/install/turtlesim/share/turtlesim/images
[8.527s] -- Installing: /home/vkommera/Documents/Triton Robotics/TR-Autonomy-0.5-TheOutcastVirus/install/turtlesim/share/turtlesim/images/humble.png
[8.527s] -- Installing: /home/vkommera/Documents/Triton Robotics/TR-Autonomy-0.5-TheOutcastVirus/install/turtlesim/share/turtlesim/images/bouncy.png
[8.527s] -- Installing: /home/vkommera/Documents/Triton Robotics/TR-Autonomy-0.5-TheOutcastVirus/install/turtlesim/share/turtlesim/images/foxy.png
[8.527s] -- Installing: /home/vkommera/Documents/Triton Robotics/TR-Autonomy-0.5-TheOutcastVirus/install/turtlesim/share/turtlesim/images/galactic.png
[8.527s] -- Installing: /home/vkommera/Documents/Triton Robotics/TR-Autonomy-0.5-TheOutcastVirus/install/turtlesim/share/turtlesim/images/ardent.png
[8.527s] -- Installing: /home/vkommera/Documents/Triton Robotics/TR-Autonomy-0.5-TheOutcastVirus/install/turtlesim/share/turtlesim/images/dashing.png
[8.527s] -- Installing: /home/vkommera/Documents/Triton Robotics/TR-Autonomy-0.5-TheOutcastVirus/install/turtlesim/share/turtlesim/images/eloquent.png
[8.527s] -- Installing: /home/vkommera/Documents/Triton Robotics/TR-Autonomy-0.5-TheOutcastVirus/install/turtlesim/share/turtlesim/images/rolling.png
[8.527s] -- Installing: /home/vkommera/Documents/Triton Robotics/TR-Autonomy-0.5-TheOutcastVirus/install/turtlesim/share/turtlesim/images/crystal.png
[8.527s] -- Up-to-date: /home/vkommera/Documents/Triton Robotics/TR-Autonomy-0.5-TheOutcastVirus/install/turtlesim/share/turtlesim/launch
[8.527s] -- Installing: /home/vkommera/Documents/Triton Robotics/TR-Autonomy-0.5-TheOutcastVirus/install/turtlesim/share/turtlesim/launch/multisim.launch.py
[8.527s] -- Up-to-date: /home/vkommera/Documents/Triton Robotics/TR-Autonomy-0.5-TheOutcastVirus/install/turtlesim/share/ament_index/resource_index/package_run_dependencies/turtlesim
[8.528s] -- Up-to-date: /home/vkommera/Documents/Triton Robotics/TR-Autonomy-0.5-TheOutcastVirus/install/turtlesim/share/ament_index/resource_index/parent_prefix_path/turtlesim
[8.528s] -- Up-to-date: /home/vkommera/Documents/Triton Robotics/TR-Autonomy-0.5-TheOutcastVirus/install/turtlesim/share/turtlesim/environment/ament_prefix_path.sh
[8.528s] -- Installing: /home/vkommera/Documents/Triton Robotics/TR-Autonomy-0.5-TheOutcastVirus/install/turtlesim/share/turtlesim/environment/ament_prefix_path.dsv
[8.528s] -- Up-to-date: /home/vkommera/Documents/Triton Robotics/TR-Autonomy-0.5-TheOutcastVirus/install/turtlesim/share/turtlesim/environment/path.sh
[8.528s] -- Installing: /home/vkommera/Documents/Triton Robotics/TR-Autonomy-0.5-TheOutcastVirus/install/turtlesim/share/turtlesim/environment/path.dsv
[8.528s] -- Up-to-date: /home/vkommera/Documents/Triton Robotics/TR-Autonomy-0.5-TheOutcastVirus/install/turtlesim/share/turtlesim/local_setup.bash
[8.528s] -- Up-to-date: /home/vkommera/Documents/Triton Robotics/TR-Autonomy-0.5-TheOutcastVirus/install/turtlesim/share/turtlesim/local_setup.sh
[8.528s] -- Up-to-date: /home/vkommera/Documents/Triton Robotics/TR-Autonomy-0.5-TheOutcastVirus/install/turtlesim/share/turtlesim/local_setup.zsh
[8.528s] -- Installing: /home/vkommera/Documents/Triton Robotics/TR-Autonomy-0.5-TheOutcastVirus/install/turtlesim/share/turtlesim/local_setup.dsv
[8.528s] -- Installing: /home/vkommera/Documents/Triton Robotics/TR-Autonomy-0.5-TheOutcastVirus/install/turtlesim/share/turtlesim/package.dsv
[8.528s] -- Up-to-date: /home/vkommera/Documents/Triton Robotics/TR-Autonomy-0.5-TheOutcastVirus/install/turtlesim/share/ament_index/resource_index/packages/turtlesim
[8.528s] -- Up-to-date: /home/vkommera/Documents/Triton Robotics/TR-Autonomy-0.5-TheOutcastVirus/install/turtlesim/share/turtlesim/cmake/export_turtlesim__rosidl_generator_cExport.cmake
[8.528s] -- Up-to-date: /home/vkommera/Documents/Triton Robotics/TR-Autonomy-0.5-TheOutcastVirus/install/turtlesim/share/turtlesim/cmake/export_turtlesim__rosidl_generator_cExport-noconfig.cmake
[8.528s] -- Up-to-date: /home/vkommera/Documents/Triton Robotics/TR-Autonomy-0.5-TheOutcastVirus/install/turtlesim/share/turtlesim/cmake/export_turtlesim__rosidl_typesupport_fastrtps_cExport.cmake
[8.528s] -- Up-to-date: /home/vkommera/Documents/Triton Robotics/TR-Autonomy-0.5-TheOutcastVirus/install/turtlesim/share/turtlesim/cmake/export_turtlesim__rosidl_typesupport_fastrtps_cExport-noconfig.cmake
[8.528s] -- Up-to-date: /home/vkommera/Documents/Triton Robotics/TR-Autonomy-0.5-TheOutcastVirus/install/turtlesim/share/turtlesim/cmake/export_turtlesim__rosidl_generator_cppExport.cmake
[8.528s] -- Up-to-date: /home/vkommera/Documents/Triton Robotics/TR-Autonomy-0.5-TheOutcastVirus/install/turtlesim/share/turtlesim/cmake/export_turtlesim__rosidl_typesupport_fastrtps_cppExport.cmake
[8.528s] -- Up-to-date: /home/vkommera/Documents/Triton Robotics/TR-Autonomy-0.5-TheOutcastVirus/install/turtlesim/share/turtlesim/cmake/export_turtlesim__rosidl_typesupport_fastrtps_cppExport-noconfig.cmake
[8.528s] -- Up-to-date: /home/vkommera/Documents/Triton Robotics/TR-Autonomy-0.5-TheOutcastVirus/install/turtlesim/share/turtlesim/cmake/turtlesim__rosidl_typesupport_introspection_cExport.cmake
[8.529s] -- Up-to-date: /home/vkommera/Documents/Triton Robotics/TR-Autonomy-0.5-TheOutcastVirus/install/turtlesim/share/turtlesim/cmake/turtlesim__rosidl_typesupport_introspection_cExport-noconfig.cmake
[8.529s] -- Up-to-date: /home/vkommera/Documents/Triton Robotics/TR-Autonomy-0.5-TheOutcastVirus/install/turtlesim/share/turtlesim/cmake/turtlesim__rosidl_typesupport_cExport.cmake
[8.529s] -- Up-to-date: /home/vkommera/Documents/Triton Robotics/TR-Autonomy-0.5-TheOutcastVirus/install/turtlesim/share/turtlesim/cmake/turtlesim__rosidl_typesupport_cExport-noconfig.cmake
[8.529s] -- Up-to-date: /home/vkommera/Documents/Triton Robotics/TR-Autonomy-0.5-TheOutcastVirus/install/turtlesim/share/turtlesim/cmake/turtlesim__rosidl_typesupport_introspection_cppExport.cmake
[8.529s] -- Up-to-date: /home/vkommera/Documents/Triton Robotics/TR-Autonomy-0.5-TheOutcastVirus/install/turtlesim/share/turtlesim/cmake/turtlesim__rosidl_typesupport_introspection_cppExport-noconfig.cmake
[8.529s] -- Up-to-date: /home/vkommera/Documents/Triton Robotics/TR-Autonomy-0.5-TheOutcastVirus/install/turtlesim/share/turtlesim/cmake/turtlesim__rosidl_typesupport_cppExport.cmake
[8.529s] -- Up-to-date: /home/vkommera/Documents/Triton Robotics/TR-Autonomy-0.5-TheOutcastVirus/install/turtlesim/share/turtlesim/cmake/turtlesim__rosidl_typesupport_cppExport-noconfig.cmake
[8.529s] -- Up-to-date: /home/vkommera/Documents/Triton Robotics/TR-Autonomy-0.5-TheOutcastVirus/install/turtlesim/share/turtlesim/cmake/export_turtlesim__rosidl_generator_pyExport.cmake
[8.529s] -- Up-to-date: /home/vkommera/Documents/Triton Robotics/TR-Autonomy-0.5-TheOutcastVirus/install/turtlesim/share/turtlesim/cmake/export_turtlesim__rosidl_generator_pyExport-noconfig.cmake
[8.529s] -- Up-to-date: /home/vkommera/Documents/Triton Robotics/TR-Autonomy-0.5-TheOutcastVirus/install/turtlesim/share/turtlesim/cmake/rosidl_cmake-extras.cmake
[8.529s] -- Up-to-date: /home/vkommera/Documents/Triton Robotics/TR-Autonomy-0.5-TheOutcastVirus/install/turtlesim/share/turtlesim/cmake/ament_cmake_export_dependencies-extras.cmake
[8.529s] -- Up-to-date: /home/vkommera/Documents/Triton Robotics/TR-Autonomy-0.5-TheOutcastVirus/install/turtlesim/share/turtlesim/cmake/ament_cmake_export_include_directories-extras.cmake
[8.529s] -- Up-to-date: /home/vkommera/Documents/Triton Robotics/TR-Autonomy-0.5-TheOutcastVirus/install/turtlesim/share/turtlesim/cmake/ament_cmake_export_libraries-extras.cmake
[8.529s] -- Up-to-date: /home/vkommera/Documents/Triton Robotics/TR-Autonomy-0.5-TheOutcastVirus/install/turtlesim/share/turtlesim/cmake/ament_cmake_export_targets-extras.cmake
[8.529s] -- Up-to-date: /home/vkommera/Documents/Triton Robotics/TR-Autonomy-0.5-TheOutcastVirus/install/turtlesim/share/turtlesim/cmake/rosidl_cmake_export_typesupport_targets-extras.cmake
[8.529s] -- Up-to-date: /home/vkommera/Documents/Triton Robotics/TR-Autonomy-0.5-TheOutcastVirus/install/turtlesim/share/turtlesim/cmake/rosidl_cmake_export_typesupport_libraries-extras.cmake
[8.529s] -- Up-to-date: /home/vkommera/Documents/Triton Robotics/TR-Autonomy-0.5-TheOutcastVirus/install/turtlesim/share/turtlesim/cmake/turtlesimConfig.cmake
[8.529s] -- Up-to-date: /home/vkommera/Documents/Triton Robotics/TR-Autonomy-0.5-TheOutcastVirus/install/turtlesim/share/turtlesim/cmake/turtlesimConfig-version.cmake
[8.529s] -- Installing: /home/vkommera/Documents/Triton Robotics/TR-Autonomy-0.5-TheOutcastVirus/install/turtlesim/share/turtlesim/package.xml
[8.531s] Invoked command in '/home/vkommera/Documents/Triton Robotics/TR-Autonomy-0.5-TheOutcastVirus/build/turtlesim' returned '0': CMAKE_PREFIX_PATH=/opt/ros/humble /usr/bin/cmake --install /home/vkommera/Documents/Triton Robotics/TR-Autonomy-0.5-TheOutcastVirus/build/turtlesim
