[0.006s] Invoking command in '/home/vkommera/Documents/Triton Robotics/TR-Autonomy-0.5-TheOutcastVirus/build/turtlesim': CMAKE_PREFIX_PATH=/opt/ros/humble /usr/bin/cmake --build /home/vkommera/Documents/Triton Robotics/TR-Autonomy-0.5-TheOutcastVirus/build/turtlesim -- -j16 -l16
[0.040s] [  1%] Built target turtlesim__cpp
[0.041s] [ 11%] Built target turtlesim__rosidl_generator_c
[0.046s] [ 11%] Built target ament_cmake_python_copy_turtlesim
[0.054s] [ 24%] Built target turtlesim__rosidl_typesupport_cpp
[0.054s] [ 41%] Built target turtlesim__rosidl_typesupport_introspection_cpp
[0.054s] [ 41%] Built target turtlesim__rosidl_typesupport_c
[0.054s] [ 51%] Built target turtlesim__rosidl_typesupport_introspection_c
[0.054s] [ 61%] Built target turtlesim__rosidl_typesupport_fastrtps_cpp
[0.055s] [ 71%] Built target turtlesim__rosidl_typesupport_fastrtps_c
[0.061s] [35m[1mConsolidate compiler generated dependencies of target mimic[0m
[0.061s] [35m[1mConsolidate compiler generated dependencies of target draw_square[0m
[0.062s] [35m[1mConsolidate compiler generated dependencies of target turtle_teleop_key[0m
[0.064s] [35m[1mConsolidate compiler generated dependencies of target turtlesim_node[0m
[0.067s] [ 71%] Built target turtlesim
[0.073s] [ 73%] Built target mimic
[0.073s] [ 75%] Built target draw_square
[0.073s] [ 77%] Built target turtle_teleop_key
[0.079s] [ 78%] Built target turtlesim__py
[0.084s] [ 79%] [32mBuilding CXX object CMakeFiles/turtlesim_node.dir/src/turtle_frame.cpp.o[0m
[0.092s] [ 88%] Built target turtlesim__rosidl_generator_py
[0.105s] [ 92%] Built target turtlesim__rosidl_typesupport_introspection_c__pyext
[0.105s] [ 92%] Built target turtlesim__rosidl_typesupport_fastrtps_c__pyext
[0.105s] [ 94%] Built target turtlesim__rosidl_typesupport_c__pyext
[0.159s] running egg_info
[0.159s] writing turtlesim.egg-info/PKG-INFO
[0.160s] writing dependency_links to turtlesim.egg-info/dependency_links.txt
[0.160s] writing top-level names to turtlesim.egg-info/top_level.txt
[0.161s] reading manifest file 'turtlesim.egg-info/SOURCES.txt'
[0.161s] writing manifest file 'turtlesim.egg-info/SOURCES.txt'
[0.176s] [ 94%] Built target ament_cmake_python_build_turtlesim_egg
[5.731s] [ 95%] [32m[1mLinking CXX executable turtlesim_node[0m
[6.598s] [100%] Built target turtlesim_node
[6.606s] Invoked command in '/home/vkommera/Documents/Triton Robotics/TR-Autonomy-0.5-TheOutcastVirus/build/turtlesim' returned '0': CMAKE_PREFIX_PATH=/opt/ros/humble /usr/bin/cmake --build /home/vkommera/Documents/Triton Robotics/TR-Autonomy-0.5-TheOutcastVirus/build/turtlesim -- -j16 -l16
[6.611s] Invoking command in '/home/vkommera/Documents/Triton Robotics/TR-Autonomy-0.5-TheOutcastVirus/build/turtlesim': CMAKE_PREFIX_PATH=/opt/ros/humble /usr/bin/cmake --install /home/vkommera/Documents/Triton Robotics/TR-Autonomy-0.5-TheOutcastVirus/build/turtlesim
[6.616s] -- Install configuration: ""
[6.616s] -- Up-to-date: /home/vkommera/Documents/Triton Robotics/TR-Autonomy-0.5-TheOutcastVirus/install/turtlesim/share/ament_index/resource_index/rosidl_interfaces/turtlesim
[6.616s] -- Up-to-date: /home/vkommera/Documents/Triton Robotics/TR-Autonomy-0.5-TheOutcastVirus/install/turtlesim/include/turtlesim/turtlesim
[6.616s] -- Up-to-date: /home/vkommera/Documents/Triton Robotics/TR-Autonomy-0.5-TheOutcastVirus/install/turtlesim/include/turtlesim/turtlesim/msg
[6.616s] -- Up-to-date: /home/vkommera/Documents/Triton Robotics/TR-Autonomy-0.5-TheOutcastVirus/install/turtlesim/include/turtlesim/turtlesim/msg/rosidl_generator_c__visibility_control.h
[6.616s] -- Up-to-date: /home/vkommera/Documents/Triton Robotics/TR-Autonomy-0.5-TheOutcastVirus/install/turtlesim/include/turtlesim/turtlesim/msg/color.h
[6.616s] -- Up-to-date: /home/vkommera/Documents/Triton Robotics/TR-Autonomy-0.5-TheOutcastVirus/install/turtlesim/include/turtlesim/turtlesim/msg/detail
[6.616s] -- Up-to-date: /home/vkommera/Documents/Triton Robotics/TR-Autonomy-0.5-TheOutcastVirus/install/turtlesim/include/turtlesim/turtlesim/msg/detail/color__struct.h
[6.616s] -- Up-to-date: /home/vkommera/Documents/Triton Robotics/TR-Autonomy-0.5-TheOutcastVirus/install/turtlesim/include/turtlesim/turtlesim/msg/detail/color__functions.h
[6.616s] -- Up-to-date: /home/vkommera/Documents/Triton Robotics/TR-Autonomy-0.5-TheOutcastVirus/install/turtlesim/include/turtlesim/turtlesim/msg/detail/color__type_support.h
[6.616s] -- Up-to-date: /home/vkommera/Documents/Triton Robotics/TR-Autonomy-0.5-TheOutcastVirus/install/turtlesim/include/turtlesim/turtlesim/msg/detail/pose__functions.h
[6.616s] -- Up-to-date: /home/vkommera/Documents/Triton Robotics/TR-Autonomy-0.5-TheOutcastVirus/install/turtlesim/include/turtlesim/turtlesim/msg/detail/pose__type_support.h
[6.616s] -- Up-to-date: /home/vkommera/Documents/Triton Robotics/TR-Autonomy-0.5-TheOutcastVirus/install/turtlesim/include/turtlesim/turtlesim/msg/detail/pose__functions.c
[6.616s] -- Up-to-date: /home/vkommera/Documents/Triton Robotics/TR-Autonomy-0.5-TheOutcastVirus/install/turtlesim/include/turtlesim/turtlesim/msg/detail/color__functions.c
[6.616s] -- Up-to-date: /home/vkommera/Documents/Triton Robotics/TR-Autonomy-0.5-TheOutcastVirus/install/turtlesim/include/turtlesim/turtlesim/msg/detail/pose__struct.h
[6.616s] -- Up-to-date: /home/vkommera/Documents/Triton Robotics/TR-Autonomy-0.5-TheOutcastVirus/install/turtlesim/include/turtlesim/turtlesim/msg/pose.h
[6.616s] -- Up-to-date: /home/vkommera/Documents/Triton Robotics/TR-Autonomy-0.5-TheOutcastVirus/install/turtlesim/include/turtlesim/turtlesim/srv
[6.616s] -- Up-to-date: /home/vkommera/Documents/Triton Robotics/TR-Autonomy-0.5-TheOutcastVirus/install/turtlesim/include/turtlesim/turtlesim/srv/kill.h
[6.616s] -- Up-to-date: /home/vkommera/Documents/Triton Robotics/TR-Autonomy-0.5-TheOutcastVirus/install/turtlesim/include/turtlesim/turtlesim/srv/spawn.h
[6.617s] -- Up-to-date: /home/vkommera/Documents/Triton Robotics/TR-Autonomy-0.5-TheOutcastVirus/install/turtlesim/include/turtlesim/turtlesim/srv/set_pen.h
[6.617s] -- Up-to-date: /home/vkommera/Documents/Triton Robotics/TR-Autonomy-0.5-TheOutcastVirus/install/turtlesim/include/turtlesim/turtlesim/srv/detail
[6.617s] -- Up-to-date: /home/vkommera/Documents/Triton Robotics/TR-Autonomy-0.5-TheOutcastVirus/install/turtlesim/include/turtlesim/turtlesim/srv/detail/teleport_relative__functions.c
[6.617s] -- Up-to-date: /home/vkommera/Documents/Triton Robotics/TR-Autonomy-0.5-TheOutcastVirus/install/turtlesim/include/turtlesim/turtlesim/srv/detail/spawn__struct.h
[6.617s] -- Up-to-date: /home/vkommera/Documents/Triton Robotics/TR-Autonomy-0.5-TheOutcastVirus/install/turtlesim/include/turtlesim/turtlesim/srv/detail/spawn__functions.c
[6.617s] -- Up-to-date: /home/vkommera/Documents/Triton Robotics/TR-Autonomy-0.5-TheOutcastVirus/install/turtlesim/include/turtlesim/turtlesim/srv/detail/set_pen__functions.c
[6.617s] -- Up-to-date: /home/vkommera/Documents/Triton Robotics/TR-Autonomy-0.5-TheOutcastVirus/install/turtlesim/include/turtlesim/turtlesim/srv/detail/spawn__functions.h
[6.617s] -- Up-to-date: /home/vkommera/Documents/Triton Robotics/TR-Autonomy-0.5-TheOutcastVirus/install/turtlesim/include/turtlesim/turtlesim/srv/detail/kill__struct.h
[6.617s] -- Up-to-date: /home/vkommera/Documents/Triton Robotics/TR-Autonomy-0.5-TheOutcastVirus/install/turtlesim/include/turtlesim/turtlesim/srv/detail/set_pen__functions.h
[6.617s] -- Up-to-date: /home/vkommera/Documents/Triton Robotics/TR-Autonomy-0.5-TheOutcastVirus/install/turtlesim/include/turtlesim/turtlesim/srv/detail/teleport_absolute__functions.h
[6.617s] -- Up-to-date: /home/vkommera/Documents/Triton Robotics/TR-Autonomy-0.5-TheOutcastVirus/install/turtlesim/include/turtlesim/turtlesim/srv/detail/teleport_absolute__functions.c
[6.617s] -- Up-to-date: /home/vkommera/Documents/Triton Robotics/TR-Autonomy-0.5-TheOutcastVirus/install/turtlesim/include/turtlesim/turtlesim/srv/detail/teleport_relative__type_support.h
[6.617s] -- Up-to-date: /home/vkommera/Documents/Triton Robotics/TR-Autonomy-0.5-TheOutcastVirus/install/turtlesim/include/turtlesim/turtlesim/srv/detail/teleport_relative__struct.h
[6.617s] -- Up-to-date: /home/vkommera/Documents/Triton Robotics/TR-Autonomy-0.5-TheOutcastVirus/install/turtlesim/include/turtlesim/turtlesim/srv/detail/kill__functions.c
[6.617s] -- Up-to-date: /home/vkommera/Documents/Triton Robotics/TR-Autonomy-0.5-TheOutcastVirus/install/turtlesim/include/turtlesim/turtlesim/srv/detail/set_pen__type_support.h
[6.617s] -- Up-to-date: /home/vkommera/Documents/Triton Robotics/TR-Autonomy-0.5-TheOutcastVirus/install/turtlesim/include/turtlesim/turtlesim/srv/detail/spawn__type_support.h
[6.617s] -- Up-to-date: /home/vkommera/Documents/Triton Robotics/TR-Autonomy-0.5-TheOutcastVirus/install/turtlesim/include/turtlesim/turtlesim/srv/detail/teleport_absolute__type_support.h
[6.617s] -- Up-to-date: /home/vkommera/Documents/Triton Robotics/TR-Autonomy-0.5-TheOutcastVirus/install/turtlesim/include/turtlesim/turtlesim/srv/detail/teleport_relative__functions.h
[6.617s] -- Up-to-date: /home/vkommera/Documents/Triton Robotics/TR-Autonomy-0.5-TheOutcastVirus/install/turtlesim/include/turtlesim/turtlesim/srv/detail/kill__functions.h
[6.617s] -- Up-to-date: /home/vkommera/Documents/Triton Robotics/TR-Autonomy-0.5-TheOutcastVirus/install/turtlesim/include/turtlesim/turtlesim/srv/detail/teleport_absolute__struct.h
[6.617s] -- Up-to-date: /home/vkommera/Documents/Triton Robotics/TR-Autonomy-0.5-TheOutcastVirus/install/turtlesim/include/turtlesim/turtlesim/srv/detail/set_pen__struct.h
[6.617s] -- Up-to-date: /home/vkommera/Documents/Triton Robotics/TR-Autonomy-0.5-TheOutcastVirus/install/turtlesim/include/turtlesim/turtlesim/srv/detail/kill__type_support.h
[6.617s] -- Up-to-date: /home/vkommera/Documents/Triton Robotics/TR-Autonomy-0.5-TheOutcastVirus/install/turtlesim/include/turtlesim/turtlesim/srv/teleport_relative.h
[6.617s] -- Up-to-date: /home/vkommera/Documents/Triton Robotics/TR-Autonomy-0.5-TheOutcastVirus/install/turtlesim/include/turtlesim/turtlesim/srv/teleport_absolute.h
[6.617s] -- Up-to-date: /home/vkommera/Documents/Triton Robotics/TR-Autonomy-0.5-TheOutcastVirus/install/turtlesim/include/turtlesim/turtlesim/action
[6.617s] -- Up-to-date: /home/vkommera/Documents/Triton Robotics/TR-Autonomy-0.5-TheOutcastVirus/install/turtlesim/include/turtlesim/turtlesim/action/rotate_absolute.h
[6.617s] -- Up-to-date: /home/vkommera/Documents/Triton Robotics/TR-Autonomy-0.5-TheOutcastVirus/install/turtlesim/include/turtlesim/turtlesim/action/detail
[6.617s] -- Up-to-date: /home/vkommera/Documents/Triton Robotics/TR-Autonomy-0.5-TheOutcastVirus/install/turtlesim/include/turtlesim/turtlesim/action/detail/rotate_absolute__type_support.h
[6.617s] -- Up-to-date: /home/vkommera/Documents/Triton Robotics/TR-Autonomy-0.5-TheOutcastVirus/install/turtlesim/include/turtlesim/turtlesim/action/detail/rotate_absolute__struct.h
[6.617s] -- Up-to-date: /home/vkommera/Documents/Triton Robotics/TR-Autonomy-0.5-TheOutcastVirus/install/turtlesim/include/turtlesim/turtlesim/action/detail/rotate_absolute__functions.c
[6.618s] -- Up-to-date: /home/vkommera/Documents/Triton Robotics/TR-Autonomy-0.5-TheOutcastVirus/install/turtlesim/include/turtlesim/turtlesim/action/detail/rotate_absolute__functions.h
[6.618s] -- Up-to-date: /home/vkommera/Documents/Triton Robotics/TR-Autonomy-0.5-TheOutcastVirus/install/turtlesim/share/turtlesim/environment/library_path.sh
[6.618s] -- Up-to-date: /home/vkommera/Documents/Triton Robotics/TR-Autonomy-0.5-TheOutcastVirus/install/turtlesim/share/turtlesim/environment/library_path.dsv
[6.618s] -- Up-to-date: /home/vkommera/Documents/Triton Robotics/TR-Autonomy-0.5-TheOutcastVirus/install/turtlesim/lib/libturtlesim__rosidl_generator_c.so
[6.618s] -- Up-to-date: /home/vkommera/Documents/Triton Robotics/TR-Autonomy-0.5-TheOutcastVirus/install/turtlesim/include/turtlesim/turtlesim
[6.618s] -- Up-to-date: /home/vkommera/Documents/Triton Robotics/TR-Autonomy-0.5-TheOutcastVirus/install/turtlesim/include/turtlesim/turtlesim/msg
[6.618s] -- Up-to-date: /home/vkommera/Documents/Triton Robotics/TR-Autonomy-0.5-TheOutcastVirus/install/turtlesim/include/turtlesim/turtlesim/msg/detail
[6.618s] -- Up-to-date: /home/vkommera/Documents/Triton Robotics/TR-Autonomy-0.5-TheOutcastVirus/install/turtlesim/include/turtlesim/turtlesim/msg/detail/color__rosidl_typesupport_fastrtps_c.h
[6.618s] -- Up-to-date: /home/vkommera/Documents/Triton Robotics/TR-Autonomy-0.5-TheOutcastVirus/install/turtlesim/include/turtlesim/turtlesim/msg/detail/pose__rosidl_typesupport_fastrtps_c.h
[6.618s] -- Up-to-date: /home/vkommera/Documents/Triton Robotics/TR-Autonomy-0.5-TheOutcastVirus/install/turtlesim/include/turtlesim/turtlesim/msg/rosidl_typesupport_fastrtps_c__visibility_control.h
[6.618s] -- Up-to-date: /home/vkommera/Documents/Triton Robotics/TR-Autonomy-0.5-TheOutcastVirus/install/turtlesim/include/turtlesim/turtlesim/srv
[6.618s] -- Up-to-date: /home/vkommera/Documents/Triton Robotics/TR-Autonomy-0.5-TheOutcastVirus/install/turtlesim/include/turtlesim/turtlesim/srv/detail
[6.618s] -- Up-to-date: /home/vkommera/Documents/Triton Robotics/TR-Autonomy-0.5-TheOutcastVirus/install/turtlesim/include/turtlesim/turtlesim/srv/detail/spawn__rosidl_typesupport_fastrtps_c.h
[6.618s] -- Up-to-date: /home/vkommera/Documents/Triton Robotics/TR-Autonomy-0.5-TheOutcastVirus/install/turtlesim/include/turtlesim/turtlesim/srv/detail/set_pen__rosidl_typesupport_fastrtps_c.h
[6.618s] -- Up-to-date: /home/vkommera/Documents/Triton Robotics/TR-Autonomy-0.5-TheOutcastVirus/install/turtlesim/include/turtlesim/turtlesim/srv/detail/teleport_absolute__rosidl_typesupport_fastrtps_c.h
[6.618s] -- Up-to-date: /home/vkommera/Documents/Triton Robotics/TR-Autonomy-0.5-TheOutcastVirus/install/turtlesim/include/turtlesim/turtlesim/srv/detail/teleport_relative__rosidl_typesupport_fastrtps_c.h
[6.618s] -- Up-to-date: /home/vkommera/Documents/Triton Robotics/TR-Autonomy-0.5-TheOutcastVirus/install/turtlesim/include/turtlesim/turtlesim/srv/detail/kill__rosidl_typesupport_fastrtps_c.h
[6.618s] -- Up-to-date: /home/vkommera/Documents/Triton Robotics/TR-Autonomy-0.5-TheOutcastVirus/install/turtlesim/include/turtlesim/turtlesim/action
[6.618s] -- Up-to-date: /home/vkommera/Documents/Triton Robotics/TR-Autonomy-0.5-TheOutcastVirus/install/turtlesim/include/turtlesim/turtlesim/action/detail
[6.618s] -- Up-to-date: /home/vkommera/Documents/Triton Robotics/TR-Autonomy-0.5-TheOutcastVirus/install/turtlesim/include/turtlesim/turtlesim/action/detail/rotate_absolute__rosidl_typesupport_fastrtps_c.h
[6.618s] -- Up-to-date: /home/vkommera/Documents/Triton Robotics/TR-Autonomy-0.5-TheOutcastVirus/install/turtlesim/lib/libturtlesim__rosidl_typesupport_fastrtps_c.so
[6.618s] -- Up-to-date: /home/vkommera/Documents/Triton Robotics/TR-Autonomy-0.5-TheOutcastVirus/install/turtlesim/include/turtlesim/turtlesim
[6.618s] -- Up-to-date: /home/vkommera/Documents/Triton Robotics/TR-Autonomy-0.5-TheOutcastVirus/install/turtlesim/include/turtlesim/turtlesim/msg
[6.618s] -- Up-to-date: /home/vkommera/Documents/Triton Robotics/TR-Autonomy-0.5-TheOutcastVirus/install/turtlesim/include/turtlesim/turtlesim/msg/rosidl_generator_cpp__visibility_control.hpp
[6.618s] -- Up-to-date: /home/vkommera/Documents/Triton Robotics/TR-Autonomy-0.5-TheOutcastVirus/install/turtlesim/include/turtlesim/turtlesim/msg/detail
[6.618s] -- Up-to-date: /home/vkommera/Documents/Triton Robotics/TR-Autonomy-0.5-TheOutcastVirus/install/turtlesim/include/turtlesim/turtlesim/msg/detail/pose__struct.hpp
[6.618s] -- Up-to-date: /home/vkommera/Documents/Triton Robotics/TR-Autonomy-0.5-TheOutcastVirus/install/turtlesim/include/turtlesim/turtlesim/msg/detail/color__type_support.hpp
[6.618s] -- Up-to-date: /home/vkommera/Documents/Triton Robotics/TR-Autonomy-0.5-TheOutcastVirus/install/turtlesim/include/turtlesim/turtlesim/msg/detail/color__builder.hpp
[6.618s] -- Up-to-date: /home/vkommera/Documents/Triton Robotics/TR-Autonomy-0.5-TheOutcastVirus/install/turtlesim/include/turtlesim/turtlesim/msg/detail/pose__traits.hpp
[6.618s] -- Up-to-date: /home/vkommera/Documents/Triton Robotics/TR-Autonomy-0.5-TheOutcastVirus/install/turtlesim/include/turtlesim/turtlesim/msg/detail/pose__builder.hpp
[6.618s] -- Up-to-date: /home/vkommera/Documents/Triton Robotics/TR-Autonomy-0.5-TheOutcastVirus/install/turtlesim/include/turtlesim/turtlesim/msg/detail/color__traits.hpp
[6.618s] -- Up-to-date: /home/vkommera/Documents/Triton Robotics/TR-Autonomy-0.5-TheOutcastVirus/install/turtlesim/include/turtlesim/turtlesim/msg/detail/pose__type_support.hpp
[6.618s] -- Up-to-date: /home/vkommera/Documents/Triton Robotics/TR-Autonomy-0.5-TheOutcastVirus/install/turtlesim/include/turtlesim/turtlesim/msg/detail/color__struct.hpp
[6.618s] -- Up-to-date: /home/vkommera/Documents/Triton Robotics/TR-Autonomy-0.5-TheOutcastVirus/install/turtlesim/include/turtlesim/turtlesim/msg/color.hpp
[6.618s] -- Up-to-date: /home/vkommera/Documents/Triton Robotics/TR-Autonomy-0.5-TheOutcastVirus/install/turtlesim/include/turtlesim/turtlesim/msg/pose.hpp
[6.618s] -- Up-to-date: /home/vkommera/Documents/Triton Robotics/TR-Autonomy-0.5-TheOutcastVirus/install/turtlesim/include/turtlesim/turtlesim/srv
[6.618s] -- Up-to-date: /home/vkommera/Documents/Triton Robotics/TR-Autonomy-0.5-TheOutcastVirus/install/turtlesim/include/turtlesim/turtlesim/srv/kill.hpp
[6.618s] -- Up-to-date: /home/vkommera/Documents/Triton Robotics/TR-Autonomy-0.5-TheOutcastVirus/install/turtlesim/include/turtlesim/turtlesim/srv/teleport_relative.hpp
[6.619s] -- Up-to-date: /home/vkommera/Documents/Triton Robotics/TR-Autonomy-0.5-TheOutcastVirus/install/turtlesim/include/turtlesim/turtlesim/srv/spawn.hpp
[6.619s] -- Up-to-date: /home/vkommera/Documents/Triton Robotics/TR-Autonomy-0.5-TheOutcastVirus/install/turtlesim/include/turtlesim/turtlesim/srv/detail
[6.619s] -- Up-to-date: /home/vkommera/Documents/Triton Robotics/TR-Autonomy-0.5-TheOutcastVirus/install/turtlesim/include/turtlesim/turtlesim/srv/detail/kill__type_support.hpp
[6.619s] -- Up-to-date: /home/vkommera/Documents/Triton Robotics/TR-Autonomy-0.5-TheOutcastVirus/install/turtlesim/include/turtlesim/turtlesim/srv/detail/spawn__struct.hpp
[6.619s] -- Up-to-date: /home/vkommera/Documents/Triton Robotics/TR-Autonomy-0.5-TheOutcastVirus/install/turtlesim/include/turtlesim/turtlesim/srv/detail/teleport_relative__traits.hpp
[6.619s] -- Up-to-date: /home/vkommera/Documents/Triton Robotics/TR-Autonomy-0.5-TheOutcastVirus/install/turtlesim/include/turtlesim/turtlesim/srv/detail/teleport_relative__type_support.hpp
[6.619s] -- Up-to-date: /home/vkommera/Documents/Triton Robotics/TR-Autonomy-0.5-TheOutcastVirus/install/turtlesim/include/turtlesim/turtlesim/srv/detail/teleport_absolute__builder.hpp
[6.619s] -- Up-to-date: /home/vkommera/Documents/Triton Robotics/TR-Autonomy-0.5-TheOutcastVirus/install/turtlesim/include/turtlesim/turtlesim/srv/detail/set_pen__type_support.hpp
[6.619s] -- Up-to-date: /home/vkommera/Documents/Triton Robotics/TR-Autonomy-0.5-TheOutcastVirus/install/turtlesim/include/turtlesim/turtlesim/srv/detail/teleport_absolute__type_support.hpp
[6.619s] -- Up-to-date: /home/vkommera/Documents/Triton Robotics/TR-Autonomy-0.5-TheOutcastVirus/install/turtlesim/include/turtlesim/turtlesim/srv/detail/teleport_absolute__traits.hpp
[6.619s] -- Up-to-date: /home/vkommera/Documents/Triton Robotics/TR-Autonomy-0.5-TheOutcastVirus/install/turtlesim/include/turtlesim/turtlesim/srv/detail/set_pen__traits.hpp
[6.619s] -- Up-to-date: /home/vkommera/Documents/Triton Robotics/TR-Autonomy-0.5-TheOutcastVirus/install/turtlesim/include/turtlesim/turtlesim/srv/detail/kill__struct.hpp
[6.619s] -- Up-to-date: /home/vkommera/Documents/Triton Robotics/TR-Autonomy-0.5-TheOutcastVirus/install/turtlesim/include/turtlesim/turtlesim/srv/detail/kill__traits.hpp
[6.619s] -- Up-to-date: /home/vkommera/Documents/Triton Robotics/TR-Autonomy-0.5-TheOutcastVirus/install/turtlesim/include/turtlesim/turtlesim/srv/detail/teleport_relative__struct.hpp
[6.619s] -- Up-to-date: /home/vkommera/Documents/Triton Robotics/TR-Autonomy-0.5-TheOutcastVirus/install/turtlesim/include/turtlesim/turtlesim/srv/detail/teleport_relative__builder.hpp
[6.619s] -- Up-to-date: /home/vkommera/Documents/Triton Robotics/TR-Autonomy-0.5-TheOutcastVirus/install/turtlesim/include/turtlesim/turtlesim/srv/detail/set_pen__struct.hpp
[6.619s] -- Up-to-date: /home/vkommera/Documents/Triton Robotics/TR-Autonomy-0.5-TheOutcastVirus/install/turtlesim/include/turtlesim/turtlesim/srv/detail/set_pen__builder.hpp
[6.619s] -- Up-to-date: /home/vkommera/Documents/Triton Robotics/TR-Autonomy-0.5-TheOutcastVirus/install/turtlesim/include/turtlesim/turtlesim/srv/detail/kill__builder.hpp
[6.619s] -- Up-to-date: /home/vkommera/Documents/Triton Robotics/TR-Autonomy-0.5-TheOutcastVirus/install/turtlesim/include/turtlesim/turtlesim/srv/detail/spawn__builder.hpp
[6.619s] -- Up-to-date: /home/vkommera/Documents/Triton Robotics/TR-Autonomy-0.5-TheOutcastVirus/install/turtlesim/include/turtlesim/turtlesim/srv/detail/teleport_absolute__struct.hpp
[6.619s] -- Up-to-date: /home/vkommera/Documents/Triton Robotics/TR-Autonomy-0.5-TheOutcastVirus/install/turtlesim/include/turtlesim/turtlesim/srv/detail/spawn__type_support.hpp
[6.619s] -- Up-to-date: /home/vkommera/Documents/Triton Robotics/TR-Autonomy-0.5-TheOutcastVirus/install/turtlesim/include/turtlesim/turtlesim/srv/detail/spawn__traits.hpp
[6.619s] -- Up-to-date: /home/vkommera/Documents/Triton Robotics/TR-Autonomy-0.5-TheOutcastVirus/install/turtlesim/include/turtlesim/turtlesim/srv/teleport_absolute.hpp
[6.619s] -- Up-to-date: /home/vkommera/Documents/Triton Robotics/TR-Autonomy-0.5-TheOutcastVirus/install/turtlesim/include/turtlesim/turtlesim/srv/set_pen.hpp
[6.619s] -- Up-to-date: /home/vkommera/Documents/Triton Robotics/TR-Autonomy-0.5-TheOutcastVirus/install/turtlesim/include/turtlesim/turtlesim/action
[6.619s] -- Up-to-date: /home/vkommera/Documents/Triton Robotics/TR-Autonomy-0.5-TheOutcastVirus/install/turtlesim/include/turtlesim/turtlesim/action/rotate_absolute.hpp
[6.619s] -- Up-to-date: /home/vkommera/Documents/Triton Robotics/TR-Autonomy-0.5-TheOutcastVirus/install/turtlesim/include/turtlesim/turtlesim/action/detail
[6.619s] -- Up-to-date: /home/vkommera/Documents/Triton Robotics/TR-Autonomy-0.5-TheOutcastVirus/install/turtlesim/include/turtlesim/turtlesim/action/detail/rotate_absolute__builder.hpp
[6.619s] -- Up-to-date: /home/vkommera/Documents/Triton Robotics/TR-Autonomy-0.5-TheOutcastVirus/install/turtlesim/include/turtlesim/turtlesim/action/detail/rotate_absolute__traits.hpp
[6.619s] -- Up-to-date: /home/vkommera/Documents/Triton Robotics/TR-Autonomy-0.5-TheOutcastVirus/install/turtlesim/include/turtlesim/turtlesim/action/detail/rotate_absolute__struct.hpp
[6.619s] -- Up-to-date: /home/vkommera/Documents/Triton Robotics/TR-Autonomy-0.5-TheOutcastVirus/install/turtlesim/include/turtlesim/turtlesim/action/detail/rotate_absolute__type_support.hpp
[6.619s] -- Up-to-date: /home/vkommera/Documents/Triton Robotics/TR-Autonomy-0.5-TheOutcastVirus/install/turtlesim/include/turtlesim/turtlesim
[6.619s] -- Up-to-date: /home/vkommera/Documents/Triton Robotics/TR-Autonomy-0.5-TheOutcastVirus/install/turtlesim/include/turtlesim/turtlesim/msg
[6.619s] -- Up-to-date: /home/vkommera/Documents/Triton Robotics/TR-Autonomy-0.5-TheOutcastVirus/install/turtlesim/include/turtlesim/turtlesim/msg/rosidl_typesupport_fastrtps_cpp__visibility_control.h
[6.619s] -- Up-to-date: /home/vkommera/Documents/Triton Robotics/TR-Autonomy-0.5-TheOutcastVirus/install/turtlesim/include/turtlesim/turtlesim/msg/detail
[6.619s] -- Up-to-date: /home/vkommera/Documents/Triton Robotics/TR-Autonomy-0.5-TheOutcastVirus/install/turtlesim/include/turtlesim/turtlesim/msg/detail/dds_fastrtps
[6.620s] -- Up-to-date: /home/vkommera/Documents/Triton Robotics/TR-Autonomy-0.5-TheOutcastVirus/install/turtlesim/include/turtlesim/turtlesim/msg/detail/pose__rosidl_typesupport_fastrtps_cpp.hpp
[6.620s] -- Up-to-date: /home/vkommera/Documents/Triton Robotics/TR-Autonomy-0.5-TheOutcastVirus/install/turtlesim/include/turtlesim/turtlesim/msg/detail/color__rosidl_typesupport_fastrtps_cpp.hpp
[6.620s] -- Up-to-date: /home/vkommera/Documents/Triton Robotics/TR-Autonomy-0.5-TheOutcastVirus/install/turtlesim/include/turtlesim/turtlesim/srv
[6.620s] -- Up-to-date: /home/vkommera/Documents/Triton Robotics/TR-Autonomy-0.5-TheOutcastVirus/install/turtlesim/include/turtlesim/turtlesim/srv/detail
[6.620s] -- Up-to-date: /home/vkommera/Documents/Triton Robotics/TR-Autonomy-0.5-TheOutcastVirus/install/turtlesim/include/turtlesim/turtlesim/srv/detail/dds_fastrtps
[6.620s] -- Up-to-date: /home/vkommera/Documents/Triton Robotics/TR-Autonomy-0.5-TheOutcastVirus/install/turtlesim/include/turtlesim/turtlesim/srv/detail/spawn__rosidl_typesupport_fastrtps_cpp.hpp
[6.620s] -- Up-to-date: /home/vkommera/Documents/Triton Robotics/TR-Autonomy-0.5-TheOutcastVirus/install/turtlesim/include/turtlesim/turtlesim/srv/detail/set_pen__rosidl_typesupport_fastrtps_cpp.hpp
[6.620s] -- Up-to-date: /home/vkommera/Documents/Triton Robotics/TR-Autonomy-0.5-TheOutcastVirus/install/turtlesim/include/turtlesim/turtlesim/srv/detail/teleport_absolute__rosidl_typesupport_fastrtps_cpp.hpp
[6.620s] -- Up-to-date: /home/vkommera/Documents/Triton Robotics/TR-Autonomy-0.5-TheOutcastVirus/install/turtlesim/include/turtlesim/turtlesim/srv/detail/teleport_relative__rosidl_typesupport_fastrtps_cpp.hpp
[6.620s] -- Up-to-date: /home/vkommera/Documents/Triton Robotics/TR-Autonomy-0.5-TheOutcastVirus/install/turtlesim/include/turtlesim/turtlesim/srv/detail/kill__rosidl_typesupport_fastrtps_cpp.hpp
[6.620s] -- Up-to-date: /home/vkommera/Documents/Triton Robotics/TR-Autonomy-0.5-TheOutcastVirus/install/turtlesim/include/turtlesim/turtlesim/action
[6.620s] -- Up-to-date: /home/vkommera/Documents/Triton Robotics/TR-Autonomy-0.5-TheOutcastVirus/install/turtlesim/include/turtlesim/turtlesim/action/detail
[6.620s] -- Up-to-date: /home/vkommera/Documents/Triton Robotics/TR-Autonomy-0.5-TheOutcastVirus/install/turtlesim/include/turtlesim/turtlesim/action/detail/dds_fastrtps
[6.620s] -- Up-to-date: /home/vkommera/Documents/Triton Robotics/TR-Autonomy-0.5-TheOutcastVirus/install/turtlesim/include/turtlesim/turtlesim/action/detail/rotate_absolute__rosidl_typesupport_fastrtps_cpp.hpp
[6.620s] -- Up-to-date: /home/vkommera/Documents/Triton Robotics/TR-Autonomy-0.5-TheOutcastVirus/install/turtlesim/lib/libturtlesim__rosidl_typesupport_fastrtps_cpp.so
[6.620s] -- Up-to-date: /home/vkommera/Documents/Triton Robotics/TR-Autonomy-0.5-TheOutcastVirus/install/turtlesim/include/turtlesim/turtlesim
[6.620s] -- Up-to-date: /home/vkommera/Documents/Triton Robotics/TR-Autonomy-0.5-TheOutcastVirus/install/turtlesim/include/turtlesim/turtlesim/msg
[6.620s] -- Up-to-date: /home/vkommera/Documents/Triton Robotics/TR-Autonomy-0.5-TheOutcastVirus/install/turtlesim/include/turtlesim/turtlesim/msg/detail
[6.620s] -- Up-to-date: /home/vkommera/Documents/Triton Robotics/TR-Autonomy-0.5-TheOutcastVirus/install/turtlesim/include/turtlesim/turtlesim/msg/detail/pose__rosidl_typesupport_introspection_c.h
[6.620s] -- Up-to-date: /home/vkommera/Documents/Triton Robotics/TR-Autonomy-0.5-TheOutcastVirus/install/turtlesim/include/turtlesim/turtlesim/msg/detail/color__type_support.c
[6.620s] -- Up-to-date: /home/vkommera/Documents/Triton Robotics/TR-Autonomy-0.5-TheOutcastVirus/install/turtlesim/include/turtlesim/turtlesim/msg/detail/color__rosidl_typesupport_introspection_c.h
[6.620s] -- Up-to-date: /home/vkommera/Documents/Triton Robotics/TR-Autonomy-0.5-TheOutcastVirus/install/turtlesim/include/turtlesim/turtlesim/msg/detail/pose__type_support.c
[6.620s] -- Up-to-date: /home/vkommera/Documents/Triton Robotics/TR-Autonomy-0.5-TheOutcastVirus/install/turtlesim/include/turtlesim/turtlesim/msg/rosidl_typesupport_introspection_c__visibility_control.h
[6.620s] -- Up-to-date: /home/vkommera/Documents/Triton Robotics/TR-Autonomy-0.5-TheOutcastVirus/install/turtlesim/include/turtlesim/turtlesim/srv
[6.620s] -- Up-to-date: /home/vkommera/Documents/Triton Robotics/TR-Autonomy-0.5-TheOutcastVirus/install/turtlesim/include/turtlesim/turtlesim/srv/detail
[6.620s] -- Up-to-date: /home/vkommera/Documents/Triton Robotics/TR-Autonomy-0.5-TheOutcastVirus/install/turtlesim/include/turtlesim/turtlesim/srv/detail/spawn__type_support.c
[6.620s] -- Up-to-date: /home/vkommera/Documents/Triton Robotics/TR-Autonomy-0.5-TheOutcastVirus/install/turtlesim/include/turtlesim/turtlesim/srv/detail/teleport_absolute__type_support.c
[6.620s] -- Up-to-date: /home/vkommera/Documents/Triton Robotics/TR-Autonomy-0.5-TheOutcastVirus/install/turtlesim/include/turtlesim/turtlesim/srv/detail/teleport_relative__rosidl_typesupport_introspection_c.h
[6.620s] -- Up-to-date: /home/vkommera/Documents/Triton Robotics/TR-Autonomy-0.5-TheOutcastVirus/install/turtlesim/include/turtlesim/turtlesim/srv/detail/teleport_absolute__rosidl_typesupport_introspection_c.h
[6.620s] -- Up-to-date: /home/vkommera/Documents/Triton Robotics/TR-Autonomy-0.5-TheOutcastVirus/install/turtlesim/include/turtlesim/turtlesim/srv/detail/set_pen__type_support.c
[6.620s] -- Up-to-date: /home/vkommera/Documents/Triton Robotics/TR-Autonomy-0.5-TheOutcastVirus/install/turtlesim/include/turtlesim/turtlesim/srv/detail/kill__type_support.c
[6.620s] -- Up-to-date: /home/vkommera/Documents/Triton Robotics/TR-Autonomy-0.5-TheOutcastVirus/install/turtlesim/include/turtlesim/turtlesim/srv/detail/kill__rosidl_typesupport_introspection_c.h
[6.620s] -- Up-to-date: /home/vkommera/Documents/Triton Robotics/TR-Autonomy-0.5-TheOutcastVirus/install/turtlesim/include/turtlesim/turtlesim/srv/detail/spawn__rosidl_typesupport_introspection_c.h
[6.620s] -- Up-to-date: /home/vkommera/Documents/Triton Robotics/TR-Autonomy-0.5-TheOutcastVirus/install/turtlesim/include/turtlesim/turtlesim/srv/detail/teleport_relative__type_support.c
[6.621s] -- Up-to-date: /home/vkommera/Documents/Triton Robotics/TR-Autonomy-0.5-TheOutcastVirus/install/turtlesim/include/turtlesim/turtlesim/srv/detail/set_pen__rosidl_typesupport_introspection_c.h
[6.621s] -- Up-to-date: /home/vkommera/Documents/Triton Robotics/TR-Autonomy-0.5-TheOutcastVirus/install/turtlesim/include/turtlesim/turtlesim/action
[6.621s] -- Up-to-date: /home/vkommera/Documents/Triton Robotics/TR-Autonomy-0.5-TheOutcastVirus/install/turtlesim/include/turtlesim/turtlesim/action/detail
[6.621s] -- Up-to-date: /home/vkommera/Documents/Triton Robotics/TR-Autonomy-0.5-TheOutcastVirus/install/turtlesim/include/turtlesim/turtlesim/action/detail/rotate_absolute__rosidl_typesupport_introspection_c.h
[6.621s] -- Up-to-date: /home/vkommera/Documents/Triton Robotics/TR-Autonomy-0.5-TheOutcastVirus/install/turtlesim/include/turtlesim/turtlesim/action/detail/rotate_absolute__type_support.c
[6.621s] -- Up-to-date: /home/vkommera/Documents/Triton Robotics/TR-Autonomy-0.5-TheOutcastVirus/install/turtlesim/lib/libturtlesim__rosidl_typesupport_introspection_c.so
[6.621s] -- Up-to-date: /home/vkommera/Documents/Triton Robotics/TR-Autonomy-0.5-TheOutcastVirus/install/turtlesim/lib/libturtlesim__rosidl_typesupport_c.so
[6.621s] -- Up-to-date: /home/vkommera/Documents/Triton Robotics/TR-Autonomy-0.5-TheOutcastVirus/install/turtlesim/include/turtlesim/turtlesim
[6.621s] -- Up-to-date: /home/vkommera/Documents/Triton Robotics/TR-Autonomy-0.5-TheOutcastVirus/install/turtlesim/include/turtlesim/turtlesim/msg
[6.621s] -- Up-to-date: /home/vkommera/Documents/Triton Robotics/TR-Autonomy-0.5-TheOutcastVirus/install/turtlesim/include/turtlesim/turtlesim/msg/detail
[6.621s] -- Up-to-date: /home/vkommera/Documents/Triton Robotics/TR-Autonomy-0.5-TheOutcastVirus/install/turtlesim/include/turtlesim/turtlesim/msg/detail/color__rosidl_typesupport_introspection_cpp.hpp
[6.621s] -- Up-to-date: /home/vkommera/Documents/Triton Robotics/TR-Autonomy-0.5-TheOutcastVirus/install/turtlesim/include/turtlesim/turtlesim/msg/detail/pose__type_support.cpp
[6.621s] -- Up-to-date: /home/vkommera/Documents/Triton Robotics/TR-Autonomy-0.5-TheOutcastVirus/install/turtlesim/include/turtlesim/turtlesim/msg/detail/pose__rosidl_typesupport_introspection_cpp.hpp
[6.621s] -- Up-to-date: /home/vkommera/Documents/Triton Robotics/TR-Autonomy-0.5-TheOutcastVirus/install/turtlesim/include/turtlesim/turtlesim/msg/detail/color__type_support.cpp
[6.621s] -- Up-to-date: /home/vkommera/Documents/Triton Robotics/TR-Autonomy-0.5-TheOutcastVirus/install/turtlesim/include/turtlesim/turtlesim/srv
[6.621s] -- Up-to-date: /home/vkommera/Documents/Triton Robotics/TR-Autonomy-0.5-TheOutcastVirus/install/turtlesim/include/turtlesim/turtlesim/srv/detail
[6.621s] -- Up-to-date: /home/vkommera/Documents/Triton Robotics/TR-Autonomy-0.5-TheOutcastVirus/install/turtlesim/include/turtlesim/turtlesim/srv/detail/teleport_relative__type_support.cpp
[6.621s] -- Up-to-date: /home/vkommera/Documents/Triton Robotics/TR-Autonomy-0.5-TheOutcastVirus/install/turtlesim/include/turtlesim/turtlesim/srv/detail/teleport_relative__rosidl_typesupport_introspection_cpp.hpp
[6.621s] -- Up-to-date: /home/vkommera/Documents/Triton Robotics/TR-Autonomy-0.5-TheOutcastVirus/install/turtlesim/include/turtlesim/turtlesim/srv/detail/kill__rosidl_typesupport_introspection_cpp.hpp
[6.621s] -- Up-to-date: /home/vkommera/Documents/Triton Robotics/TR-Autonomy-0.5-TheOutcastVirus/install/turtlesim/include/turtlesim/turtlesim/srv/detail/set_pen__rosidl_typesupport_introspection_cpp.hpp
[6.621s] -- Up-to-date: /home/vkommera/Documents/Triton Robotics/TR-Autonomy-0.5-TheOutcastVirus/install/turtlesim/include/turtlesim/turtlesim/srv/detail/set_pen__type_support.cpp
[6.621s] -- Up-to-date: /home/vkommera/Documents/Triton Robotics/TR-Autonomy-0.5-TheOutcastVirus/install/turtlesim/include/turtlesim/turtlesim/srv/detail/spawn__type_support.cpp
[6.621s] -- Up-to-date: /home/vkommera/Documents/Triton Robotics/TR-Autonomy-0.5-TheOutcastVirus/install/turtlesim/include/turtlesim/turtlesim/srv/detail/teleport_absolute__type_support.cpp
[6.621s] -- Up-to-date: /home/vkommera/Documents/Triton Robotics/TR-Autonomy-0.5-TheOutcastVirus/install/turtlesim/include/turtlesim/turtlesim/srv/detail/kill__type_support.cpp
[6.621s] -- Up-to-date: /home/vkommera/Documents/Triton Robotics/TR-Autonomy-0.5-TheOutcastVirus/install/turtlesim/include/turtlesim/turtlesim/srv/detail/spawn__rosidl_typesupport_introspection_cpp.hpp
[6.621s] -- Up-to-date: /home/vkommera/Documents/Triton Robotics/TR-Autonomy-0.5-TheOutcastVirus/install/turtlesim/include/turtlesim/turtlesim/srv/detail/teleport_absolute__rosidl_typesupport_introspection_cpp.hpp
[6.621s] -- Up-to-date: /home/vkommera/Documents/Triton Robotics/TR-Autonomy-0.5-TheOutcastVirus/install/turtlesim/include/turtlesim/turtlesim/action
[6.621s] -- Up-to-date: /home/vkommera/Documents/Triton Robotics/TR-Autonomy-0.5-TheOutcastVirus/install/turtlesim/include/turtlesim/turtlesim/action/detail
[6.621s] -- Up-to-date: /home/vkommera/Documents/Triton Robotics/TR-Autonomy-0.5-TheOutcastVirus/install/turtlesim/include/turtlesim/turtlesim/action/detail/rotate_absolute__type_support.cpp
[6.621s] -- Up-to-date: /home/vkommera/Documents/Triton Robotics/TR-Autonomy-0.5-TheOutcastVirus/install/turtlesim/include/turtlesim/turtlesim/action/detail/rotate_absolute__rosidl_typesupport_introspection_cpp.hpp
[6.621s] -- Up-to-date: /home/vkommera/Documents/Triton Robotics/TR-Autonomy-0.5-TheOutcastVirus/install/turtlesim/lib/libturtlesim__rosidl_typesupport_introspection_cpp.so
[6.621s] -- Up-to-date: /home/vkommera/Documents/Triton Robotics/TR-Autonomy-0.5-TheOutcastVirus/install/turtlesim/lib/libturtlesim__rosidl_typesupport_cpp.so
[6.622s] -- Up-to-date: /home/vkommera/Documents/Triton Robotics/TR-Autonomy-0.5-TheOutcastVirus/install/turtlesim/share/turtlesim/environment/pythonpath.sh
[6.622s] -- Up-to-date: /home/vkommera/Documents/Triton Robotics/TR-Autonomy-0.5-TheOutcastVirus/install/turtlesim/share/turtlesim/environment/pythonpath.dsv
[6.622s] -- Up-to-date: /home/vkommera/Documents/Triton Robotics/TR-Autonomy-0.5-TheOutcastVirus/install/turtlesim/local/lib/python3.10/dist-packages/turtlesim-1.4.2-py3.10.egg-info
[6.622s] -- Installing: /home/vkommera/Documents/Triton Robotics/TR-Autonomy-0.5-TheOutcastVirus/install/turtlesim/local/lib/python3.10/dist-packages/turtlesim-1.4.2-py3.10.egg-info/dependency_links.txt
[6.622s] -- Installing: /home/vkommera/Documents/Triton Robotics/TR-Autonomy-0.5-TheOutcastVirus/install/turtlesim/local/lib/python3.10/dist-packages/turtlesim-1.4.2-py3.10.egg-info/PKG-INFO
[6.622s] -- Installing: /home/vkommera/Documents/Triton Robotics/TR-Autonomy-0.5-TheOutcastVirus/install/turtlesim/local/lib/python3.10/dist-packages/turtlesim-1.4.2-py3.10.egg-info/top_level.txt
[6.622s] -- Installing: /home/vkommera/Documents/Triton Robotics/TR-Autonomy-0.5-TheOutcastVirus/install/turtlesim/local/lib/python3.10/dist-packages/turtlesim-1.4.2-py3.10.egg-info/SOURCES.txt
[6.622s] -- Up-to-date: /home/vkommera/Documents/Triton Robotics/TR-Autonomy-0.5-TheOutcastVirus/install/turtlesim/local/lib/python3.10/dist-packages/turtlesim
[6.622s] -- Up-to-date: /home/vkommera/Documents/Triton Robotics/TR-Autonomy-0.5-TheOutcastVirus/install/turtlesim/local/lib/python3.10/dist-packages/turtlesim/turtlesim_s__rosidl_typesupport_introspection_c.cpython-310-x86_64-linux-gnu.so
[6.622s] -- Up-to-date: /home/vkommera/Documents/Triton Robotics/TR-Autonomy-0.5-TheOutcastVirus/install/turtlesim/local/lib/python3.10/dist-packages/turtlesim/msg
[6.622s] -- Up-to-date: /home/vkommera/Documents/Triton Robotics/TR-Autonomy-0.5-TheOutcastVirus/install/turtlesim/local/lib/python3.10/dist-packages/turtlesim/msg/_color.py
[6.622s] -- Up-to-date: /home/vkommera/Documents/Triton Robotics/TR-Autonomy-0.5-TheOutcastVirus/install/turtlesim/local/lib/python3.10/dist-packages/turtlesim/msg/__init__.py
[6.622s] -- Up-to-date: /home/vkommera/Documents/Triton Robotics/TR-Autonomy-0.5-TheOutcastVirus/install/turtlesim/local/lib/python3.10/dist-packages/turtlesim/msg/_pose_s.c
[6.622s] -- Up-to-date: /home/vkommera/Documents/Triton Robotics/TR-Autonomy-0.5-TheOutcastVirus/install/turtlesim/local/lib/python3.10/dist-packages/turtlesim/msg/_pose.py
[6.622s] -- Up-to-date: /home/vkommera/Documents/Triton Robotics/TR-Autonomy-0.5-TheOutcastVirus/install/turtlesim/local/lib/python3.10/dist-packages/turtlesim/msg/_color_s.c
[6.622s] -- Up-to-date: /home/vkommera/Documents/Triton Robotics/TR-Autonomy-0.5-TheOutcastVirus/install/turtlesim/local/lib/python3.10/dist-packages/turtlesim/_turtlesim_s.ep.rosidl_typesupport_c.c
[6.622s] -- Up-to-date: /home/vkommera/Documents/Triton Robotics/TR-Autonomy-0.5-TheOutcastVirus/install/turtlesim/local/lib/python3.10/dist-packages/turtlesim/_turtlesim_s.ep.rosidl_typesupport_fastrtps_c.c
[6.622s] -- Up-to-date: /home/vkommera/Documents/Triton Robotics/TR-Autonomy-0.5-TheOutcastVirus/install/turtlesim/local/lib/python3.10/dist-packages/turtlesim/turtlesim_s__rosidl_typesupport_fastrtps_c.cpython-310-x86_64-linux-gnu.so
[6.622s] -- Up-to-date: /home/vkommera/Documents/Triton Robotics/TR-Autonomy-0.5-TheOutcastVirus/install/turtlesim/local/lib/python3.10/dist-packages/turtlesim/srv
[6.622s] -- Up-to-date: /home/vkommera/Documents/Triton Robotics/TR-Autonomy-0.5-TheOutcastVirus/install/turtlesim/local/lib/python3.10/dist-packages/turtlesim/srv/_teleport_relative.py
[6.622s] -- Up-to-date: /home/vkommera/Documents/Triton Robotics/TR-Autonomy-0.5-TheOutcastVirus/install/turtlesim/local/lib/python3.10/dist-packages/turtlesim/srv/_teleport_relative_s.c
[6.622s] -- Up-to-date: /home/vkommera/Documents/Triton Robotics/TR-Autonomy-0.5-TheOutcastVirus/install/turtlesim/local/lib/python3.10/dist-packages/turtlesim/srv/_spawn_s.c
[6.622s] -- Up-to-date: /home/vkommera/Documents/Triton Robotics/TR-Autonomy-0.5-TheOutcastVirus/install/turtlesim/local/lib/python3.10/dist-packages/turtlesim/srv/_spawn.py
[6.622s] -- Up-to-date: /home/vkommera/Documents/Triton Robotics/TR-Autonomy-0.5-TheOutcastVirus/install/turtlesim/local/lib/python3.10/dist-packages/turtlesim/srv/_set_pen_s.c
[6.622s] -- Up-to-date: /home/vkommera/Documents/Triton Robotics/TR-Autonomy-0.5-TheOutcastVirus/install/turtlesim/local/lib/python3.10/dist-packages/turtlesim/srv/__init__.py
[6.622s] -- Up-to-date: /home/vkommera/Documents/Triton Robotics/TR-Autonomy-0.5-TheOutcastVirus/install/turtlesim/local/lib/python3.10/dist-packages/turtlesim/srv/_kill.py
[6.622s] -- Up-to-date: /home/vkommera/Documents/Triton Robotics/TR-Autonomy-0.5-TheOutcastVirus/install/turtlesim/local/lib/python3.10/dist-packages/turtlesim/srv/_teleport_absolute.py
[6.622s] -- Up-to-date: /home/vkommera/Documents/Triton Robotics/TR-Autonomy-0.5-TheOutcastVirus/install/turtlesim/local/lib/python3.10/dist-packages/turtlesim/srv/_kill_s.c
[6.622s] -- Up-to-date: /home/vkommera/Documents/Triton Robotics/TR-Autonomy-0.5-TheOutcastVirus/install/turtlesim/local/lib/python3.10/dist-packages/turtlesim/srv/_set_pen.py
[6.622s] -- Up-to-date: /home/vkommera/Documents/Triton Robotics/TR-Autonomy-0.5-TheOutcastVirus/install/turtlesim/local/lib/python3.10/dist-packages/turtlesim/srv/_teleport_absolute_s.c
[6.622s] -- Up-to-date: /home/vkommera/Documents/Triton Robotics/TR-Autonomy-0.5-TheOutcastVirus/install/turtlesim/local/lib/python3.10/dist-packages/turtlesim/__init__.py
[6.622s] -- Up-to-date: /home/vkommera/Documents/Triton Robotics/TR-Autonomy-0.5-TheOutcastVirus/install/turtlesim/local/lib/python3.10/dist-packages/turtlesim/action
[6.622s] -- Up-to-date: /home/vkommera/Documents/Triton Robotics/TR-Autonomy-0.5-TheOutcastVirus/install/turtlesim/local/lib/python3.10/dist-packages/turtlesim/action/_rotate_absolute.py
[6.622s] -- Up-to-date: /home/vkommera/Documents/Triton Robotics/TR-Autonomy-0.5-TheOutcastVirus/install/turtlesim/local/lib/python3.10/dist-packages/turtlesim/action/__init__.py
[6.622s] -- Up-to-date: /home/vkommera/Documents/Triton Robotics/TR-Autonomy-0.5-TheOutcastVirus/install/turtlesim/local/lib/python3.10/dist-packages/turtlesim/action/_rotate_absolute_s.c
[6.622s] -- Up-to-date: /home/vkommera/Documents/Triton Robotics/TR-Autonomy-0.5-TheOutcastVirus/install/turtlesim/local/lib/python3.10/dist-packages/turtlesim/_turtlesim_s.ep.rosidl_typesupport_introspection_c.c
[6.622s] -- Up-to-date: /home/vkommera/Documents/Triton Robotics/TR-Autonomy-0.5-TheOutcastVirus/install/turtlesim/local/lib/python3.10/dist-packages/turtlesim/libturtlesim__rosidl_generator_py.so
[6.622s] -- Up-to-date: /home/vkommera/Documents/Triton Robotics/TR-Autonomy-0.5-TheOutcastVirus/install/turtlesim/local/lib/python3.10/dist-packages/turtlesim/turtlesim_s__rosidl_typesupport_c.cpython-310-x86_64-linux-gnu.so
[6.637s] Listing '/home/vkommera/Documents/Triton Robotics/TR-Autonomy-0.5-TheOutcastVirus/install/turtlesim/local/lib/python3.10/dist-packages/turtlesim'...
[6.637s] Listing '/home/vkommera/Documents/Triton Robotics/TR-Autonomy-0.5-TheOutcastVirus/install/turtlesim/local/lib/python3.10/dist-packages/turtlesim/action'...
[6.637s] Listing '/home/vkommera/Documents/Triton Robotics/TR-Autonomy-0.5-TheOutcastVirus/install/turtlesim/local/lib/python3.10/dist-packages/turtlesim/msg'...
[6.637s] Listing '/home/vkommera/Documents/Triton Robotics/TR-Autonomy-0.5-TheOutcastVirus/install/turtlesim/local/lib/python3.10/dist-packages/turtlesim/srv'...
[6.639s] -- Up-to-date: /home/vkommera/Documents/Triton Robotics/TR-Autonomy-0.5-TheOutcastVirus/install/turtlesim/local/lib/python3.10/dist-packages/turtlesim/turtlesim_s__rosidl_typesupport_fastrtps_c.cpython-310-x86_64-linux-gnu.so
[6.639s] -- Up-to-date: /home/vkommera/Documents/Triton Robotics/TR-Autonomy-0.5-TheOutcastVirus/install/turtlesim/local/lib/python3.10/dist-packages/turtlesim/turtlesim_s__rosidl_typesupport_introspection_c.cpython-310-x86_64-linux-gnu.so
[6.639s] -- Up-to-date: /home/vkommera/Documents/Triton Robotics/TR-Autonomy-0.5-TheOutcastVirus/install/turtlesim/local/lib/python3.10/dist-packages/turtlesim/turtlesim_s__rosidl_typesupport_c.cpython-310-x86_64-linux-gnu.so
[6.639s] -- Up-to-date: /home/vkommera/Documents/Triton Robotics/TR-Autonomy-0.5-TheOutcastVirus/install/turtlesim/lib/libturtlesim__rosidl_generator_py.so
[6.639s] -- Up-to-date: /home/vkommera/Documents/Triton Robotics/TR-Autonomy-0.5-TheOutcastVirus/install/turtlesim/share/turtlesim/action/RotateAbsolute.idl
[6.639s] -- Up-to-date: /home/vkommera/Documents/Triton Robotics/TR-Autonomy-0.5-TheOutcastVirus/install/turtlesim/share/turtlesim/msg/Color.idl
[6.640s] -- Up-to-date: /home/vkommera/Documents/Triton Robotics/TR-Autonomy-0.5-TheOutcastVirus/install/turtlesim/share/turtlesim/msg/Pose.idl
[6.640s] -- Up-to-date: /home/vkommera/Documents/Triton Robotics/TR-Autonomy-0.5-TheOutcastVirus/install/turtlesim/share/turtlesim/srv/Kill.idl
[6.640s] -- Up-to-date: /home/vkommera/Documents/Triton Robotics/TR-Autonomy-0.5-TheOutcastVirus/install/turtlesim/share/turtlesim/srv/SetPen.idl
[6.640s] -- Up-to-date: /home/vkommera/Documents/Triton Robotics/TR-Autonomy-0.5-TheOutcastVirus/install/turtlesim/share/turtlesim/srv/Spawn.idl
[6.640s] -- Up-to-date: /home/vkommera/Documents/Triton Robotics/TR-Autonomy-0.5-TheOutcastVirus/install/turtlesim/share/turtlesim/srv/TeleportAbsolute.idl
[6.640s] -- Up-to-date: /home/vkommera/Documents/Triton Robotics/TR-Autonomy-0.5-TheOutcastVirus/install/turtlesim/share/turtlesim/srv/TeleportRelative.idl
[6.640s] -- Up-to-date: /home/vkommera/Documents/Triton Robotics/TR-Autonomy-0.5-TheOutcastVirus/install/turtlesim/share/turtlesim/action/RotateAbsolute.action
[6.640s] -- Up-to-date: /home/vkommera/Documents/Triton Robotics/TR-Autonomy-0.5-TheOutcastVirus/install/turtlesim/share/turtlesim/msg/Color.msg
[6.640s] -- Up-to-date: /home/vkommera/Documents/Triton Robotics/TR-Autonomy-0.5-TheOutcastVirus/install/turtlesim/share/turtlesim/msg/Pose.msg
[6.640s] -- Up-to-date: /home/vkommera/Documents/Triton Robotics/TR-Autonomy-0.5-TheOutcastVirus/install/turtlesim/share/turtlesim/srv/Kill.srv
[6.640s] -- Up-to-date: /home/vkommera/Documents/Triton Robotics/TR-Autonomy-0.5-TheOutcastVirus/install/turtlesim/share/turtlesim/srv/Kill_Request.msg
[6.640s] -- Up-to-date: /home/vkommera/Documents/Triton Robotics/TR-Autonomy-0.5-TheOutcastVirus/install/turtlesim/share/turtlesim/srv/Kill_Response.msg
[6.640s] -- Up-to-date: /home/vkommera/Documents/Triton Robotics/TR-Autonomy-0.5-TheOutcastVirus/install/turtlesim/share/turtlesim/srv/SetPen.srv
[6.640s] -- Up-to-date: /home/vkommera/Documents/Triton Robotics/TR-Autonomy-0.5-TheOutcastVirus/install/turtlesim/share/turtlesim/srv/SetPen_Request.msg
[6.640s] -- Up-to-date: /home/vkommera/Documents/Triton Robotics/TR-Autonomy-0.5-TheOutcastVirus/install/turtlesim/share/turtlesim/srv/SetPen_Response.msg
[6.640s] -- Up-to-date: /home/vkommera/Documents/Triton Robotics/TR-Autonomy-0.5-TheOutcastVirus/install/turtlesim/share/turtlesim/srv/Spawn.srv
[6.640s] -- Up-to-date: /home/vkommera/Documents/Triton Robotics/TR-Autonomy-0.5-TheOutcastVirus/install/turtlesim/share/turtlesim/srv/Spawn_Request.msg
[6.640s] -- Up-to-date: /home/vkommera/Documents/Triton Robotics/TR-Autonomy-0.5-TheOutcastVirus/install/turtlesim/share/turtlesim/srv/Spawn_Response.msg
[6.640s] -- Up-to-date: /home/vkommera/Documents/Triton Robotics/TR-Autonomy-0.5-TheOutcastVirus/install/turtlesim/share/turtlesim/srv/TeleportAbsolute.srv
[6.640s] -- Up-to-date: /home/vkommera/Documents/Triton Robotics/TR-Autonomy-0.5-TheOutcastVirus/install/turtlesim/share/turtlesim/srv/TeleportAbsolute_Request.msg
[6.640s] -- Up-to-date: /home/vkommera/Documents/Triton Robotics/TR-Autonomy-0.5-TheOutcastVirus/install/turtlesim/share/turtlesim/srv/TeleportAbsolute_Response.msg
[6.640s] -- Up-to-date: /home/vkommera/Documents/Triton Robotics/TR-Autonomy-0.5-TheOutcastVirus/install/turtlesim/share/turtlesim/srv/TeleportRelative.srv
[6.640s] -- Up-to-date: /home/vkommera/Documents/Triton Robotics/TR-Autonomy-0.5-TheOutcastVirus/install/turtlesim/share/turtlesim/srv/TeleportRelative_Request.msg
[6.640s] -- Up-to-date: /home/vkommera/Documents/Triton Robotics/TR-Autonomy-0.5-TheOutcastVirus/install/turtlesim/share/turtlesim/srv/TeleportRelative_Response.msg
[6.640s] -- Installing: /home/vkommera/Documents/Triton Robotics/TR-Autonomy-0.5-TheOutcastVirus/install/turtlesim/lib/turtlesim/turtlesim_node
[6.648s] -- Set runtime path of "/home/vkommera/Documents/Triton Robotics/TR-Autonomy-0.5-TheOutcastVirus/install/turtlesim/lib/turtlesim/turtlesim_node" to ""
[6.648s] -- Up-to-date: /home/vkommera/Documents/Triton Robotics/TR-Autonomy-0.5-TheOutcastVirus/install/turtlesim/lib/turtlesim/turtle_teleop_key
[6.648s] -- Up-to-date: /home/vkommera/Documents/Triton Robotics/TR-Autonomy-0.5-TheOutcastVirus/install/turtlesim/lib/turtlesim/draw_square
[6.648s] -- Up-to-date: /home/vkommera/Documents/Triton Robotics/TR-Autonomy-0.5-TheOutcastVirus/install/turtlesim/lib/turtlesim/mimic
[6.648s] -- Up-to-date: /home/vkommera/Documents/Triton Robotics/TR-Autonomy-0.5-TheOutcastVirus/install/turtlesim/share/turtlesim/images
[6.648s] -- Up-to-date: /home/vkommera/Documents/Triton Robotics/TR-Autonomy-0.5-TheOutcastVirus/install/turtlesim/share/turtlesim/images/humble.png
[6.648s] -- Up-to-date: /home/vkommera/Documents/Triton Robotics/TR-Autonomy-0.5-TheOutcastVirus/install/turtlesim/share/turtlesim/images/bouncy.png
[6.648s] -- Up-to-date: /home/vkommera/Documents/Triton Robotics/TR-Autonomy-0.5-TheOutcastVirus/install/turtlesim/share/turtlesim/images/foxy.png
[6.648s] -- Up-to-date: /home/vkommera/Documents/Triton Robotics/TR-Autonomy-0.5-TheOutcastVirus/install/turtlesim/share/turtlesim/images/galactic.png
[6.648s] -- Up-to-date: /home/vkommera/Documents/Triton Robotics/TR-Autonomy-0.5-TheOutcastVirus/install/turtlesim/share/turtlesim/images/ardent.png
[6.648s] -- Up-to-date: /home/vkommera/Documents/Triton Robotics/TR-Autonomy-0.5-TheOutcastVirus/install/turtlesim/share/turtlesim/images/dashing.png
[6.648s] -- Up-to-date: /home/vkommera/Documents/Triton Robotics/TR-Autonomy-0.5-TheOutcastVirus/install/turtlesim/share/turtlesim/images/eloquent.png
[6.649s] -- Up-to-date: /home/vkommera/Documents/Triton Robotics/TR-Autonomy-0.5-TheOutcastVirus/install/turtlesim/share/turtlesim/images/rolling.png
[6.649s] -- Up-to-date: /home/vkommera/Documents/Triton Robotics/TR-Autonomy-0.5-TheOutcastVirus/install/turtlesim/share/turtlesim/images/crystal.png
[6.649s] -- Up-to-date: /home/vkommera/Documents/Triton Robotics/TR-Autonomy-0.5-TheOutcastVirus/install/turtlesim/share/turtlesim/launch
[6.649s] -- Up-to-date: /home/vkommera/Documents/Triton Robotics/TR-Autonomy-0.5-TheOutcastVirus/install/turtlesim/share/turtlesim/launch/multisim.launch.py
[6.649s] -- Up-to-date: /home/vkommera/Documents/Triton Robotics/TR-Autonomy-0.5-TheOutcastVirus/install/turtlesim/share/ament_index/resource_index/package_run_dependencies/turtlesim
[6.649s] -- Up-to-date: /home/vkommera/Documents/Triton Robotics/TR-Autonomy-0.5-TheOutcastVirus/install/turtlesim/share/ament_index/resource_index/parent_prefix_path/turtlesim
[6.649s] -- Up-to-date: /home/vkommera/Documents/Triton Robotics/TR-Autonomy-0.5-TheOutcastVirus/install/turtlesim/share/turtlesim/environment/ament_prefix_path.sh
[6.649s] -- Up-to-date: /home/vkommera/Documents/Triton Robotics/TR-Autonomy-0.5-TheOutcastVirus/install/turtlesim/share/turtlesim/environment/ament_prefix_path.dsv
[6.649s] -- Up-to-date: /home/vkommera/Documents/Triton Robotics/TR-Autonomy-0.5-TheOutcastVirus/install/turtlesim/share/turtlesim/environment/path.sh
[6.649s] -- Up-to-date: /home/vkommera/Documents/Triton Robotics/TR-Autonomy-0.5-TheOutcastVirus/install/turtlesim/share/turtlesim/environment/path.dsv
[6.649s] -- Up-to-date: /home/vkommera/Documents/Triton Robotics/TR-Autonomy-0.5-TheOutcastVirus/install/turtlesim/share/turtlesim/local_setup.bash
[6.649s] -- Up-to-date: /home/vkommera/Documents/Triton Robotics/TR-Autonomy-0.5-TheOutcastVirus/install/turtlesim/share/turtlesim/local_setup.sh
[6.649s] -- Up-to-date: /home/vkommera/Documents/Triton Robotics/TR-Autonomy-0.5-TheOutcastVirus/install/turtlesim/share/turtlesim/local_setup.zsh
[6.649s] -- Up-to-date: /home/vkommera/Documents/Triton Robotics/TR-Autonomy-0.5-TheOutcastVirus/install/turtlesim/share/turtlesim/local_setup.dsv
[6.649s] -- Installing: /home/vkommera/Documents/Triton Robotics/TR-Autonomy-0.5-TheOutcastVirus/install/turtlesim/share/turtlesim/package.dsv
[6.649s] -- Up-to-date: /home/vkommera/Documents/Triton Robotics/TR-Autonomy-0.5-TheOutcastVirus/install/turtlesim/share/ament_index/resource_index/packages/turtlesim
[6.649s] -- Up-to-date: /home/vkommera/Documents/Triton Robotics/TR-Autonomy-0.5-TheOutcastVirus/install/turtlesim/share/turtlesim/cmake/export_turtlesim__rosidl_generator_cExport.cmake
[6.649s] -- Up-to-date: /home/vkommera/Documents/Triton Robotics/TR-Autonomy-0.5-TheOutcastVirus/install/turtlesim/share/turtlesim/cmake/export_turtlesim__rosidl_generator_cExport-noconfig.cmake
[6.649s] -- Up-to-date: /home/vkommera/Documents/Triton Robotics/TR-Autonomy-0.5-TheOutcastVirus/install/turtlesim/share/turtlesim/cmake/export_turtlesim__rosidl_typesupport_fastrtps_cExport.cmake
[6.649s] -- Up-to-date: /home/vkommera/Documents/Triton Robotics/TR-Autonomy-0.5-TheOutcastVirus/install/turtlesim/share/turtlesim/cmake/export_turtlesim__rosidl_typesupport_fastrtps_cExport-noconfig.cmake
[6.649s] -- Up-to-date: /home/vkommera/Documents/Triton Robotics/TR-Autonomy-0.5-TheOutcastVirus/install/turtlesim/share/turtlesim/cmake/export_turtlesim__rosidl_generator_cppExport.cmake
[6.649s] -- Up-to-date: /home/vkommera/Documents/Triton Robotics/TR-Autonomy-0.5-TheOutcastVirus/install/turtlesim/share/turtlesim/cmake/export_turtlesim__rosidl_typesupport_fastrtps_cppExport.cmake
[6.649s] -- Up-to-date: /home/vkommera/Documents/Triton Robotics/TR-Autonomy-0.5-TheOutcastVirus/install/turtlesim/share/turtlesim/cmake/export_turtlesim__rosidl_typesupport_fastrtps_cppExport-noconfig.cmake
[6.649s] -- Up-to-date: /home/vkommera/Documents/Triton Robotics/TR-Autonomy-0.5-TheOutcastVirus/install/turtlesim/share/turtlesim/cmake/turtlesim__rosidl_typesupport_introspection_cExport.cmake
[6.649s] -- Up-to-date: /home/vkommera/Documents/Triton Robotics/TR-Autonomy-0.5-TheOutcastVirus/install/turtlesim/share/turtlesim/cmake/turtlesim__rosidl_typesupport_introspection_cExport-noconfig.cmake
[6.649s] -- Up-to-date: /home/vkommera/Documents/Triton Robotics/TR-Autonomy-0.5-TheOutcastVirus/install/turtlesim/share/turtlesim/cmake/turtlesim__rosidl_typesupport_cExport.cmake
[6.649s] -- Up-to-date: /home/vkommera/Documents/Triton Robotics/TR-Autonomy-0.5-TheOutcastVirus/install/turtlesim/share/turtlesim/cmake/turtlesim__rosidl_typesupport_cExport-noconfig.cmake
[6.649s] -- Up-to-date: /home/vkommera/Documents/Triton Robotics/TR-Autonomy-0.5-TheOutcastVirus/install/turtlesim/share/turtlesim/cmake/turtlesim__rosidl_typesupport_introspection_cppExport.cmake
[6.649s] -- Up-to-date: /home/vkommera/Documents/Triton Robotics/TR-Autonomy-0.5-TheOutcastVirus/install/turtlesim/share/turtlesim/cmake/turtlesim__rosidl_typesupport_introspection_cppExport-noconfig.cmake
[6.650s] -- Up-to-date: /home/vkommera/Documents/Triton Robotics/TR-Autonomy-0.5-TheOutcastVirus/install/turtlesim/share/turtlesim/cmake/turtlesim__rosidl_typesupport_cppExport.cmake
[6.650s] -- Up-to-date: /home/vkommera/Documents/Triton Robotics/TR-Autonomy-0.5-TheOutcastVirus/install/turtlesim/share/turtlesim/cmake/turtlesim__rosidl_typesupport_cppExport-noconfig.cmake
[6.650s] -- Up-to-date: /home/vkommera/Documents/Triton Robotics/TR-Autonomy-0.5-TheOutcastVirus/install/turtlesim/share/turtlesim/cmake/export_turtlesim__rosidl_generator_pyExport.cmake
[6.650s] -- Up-to-date: /home/vkommera/Documents/Triton Robotics/TR-Autonomy-0.5-TheOutcastVirus/install/turtlesim/share/turtlesim/cmake/export_turtlesim__rosidl_generator_pyExport-noconfig.cmake
[6.650s] -- Up-to-date: /home/vkommera/Documents/Triton Robotics/TR-Autonomy-0.5-TheOutcastVirus/install/turtlesim/share/turtlesim/cmake/rosidl_cmake-extras.cmake
[6.650s] -- Up-to-date: /home/vkommera/Documents/Triton Robotics/TR-Autonomy-0.5-TheOutcastVirus/install/turtlesim/share/turtlesim/cmake/ament_cmake_export_dependencies-extras.cmake
[6.650s] -- Up-to-date: /home/vkommera/Documents/Triton Robotics/TR-Autonomy-0.5-TheOutcastVirus/install/turtlesim/share/turtlesim/cmake/ament_cmake_export_include_directories-extras.cmake
[6.650s] -- Up-to-date: /home/vkommera/Documents/Triton Robotics/TR-Autonomy-0.5-TheOutcastVirus/install/turtlesim/share/turtlesim/cmake/ament_cmake_export_libraries-extras.cmake
[6.650s] -- Up-to-date: /home/vkommera/Documents/Triton Robotics/TR-Autonomy-0.5-TheOutcastVirus/install/turtlesim/share/turtlesim/cmake/ament_cmake_export_targets-extras.cmake
[6.650s] -- Up-to-date: /home/vkommera/Documents/Triton Robotics/TR-Autonomy-0.5-TheOutcastVirus/install/turtlesim/share/turtlesim/cmake/rosidl_cmake_export_typesupport_targets-extras.cmake
[6.650s] -- Up-to-date: /home/vkommera/Documents/Triton Robotics/TR-Autonomy-0.5-TheOutcastVirus/install/turtlesim/share/turtlesim/cmake/rosidl_cmake_export_typesupport_libraries-extras.cmake
[6.650s] -- Up-to-date: /home/vkommera/Documents/Triton Robotics/TR-Autonomy-0.5-TheOutcastVirus/install/turtlesim/share/turtlesim/cmake/turtlesimConfig.cmake
[6.650s] -- Up-to-date: /home/vkommera/Documents/Triton Robotics/TR-Autonomy-0.5-TheOutcastVirus/install/turtlesim/share/turtlesim/cmake/turtlesimConfig-version.cmake
[6.650s] -- Up-to-date: /home/vkommera/Documents/Triton Robotics/TR-Autonomy-0.5-TheOutcastVirus/install/turtlesim/share/turtlesim/package.xml
[6.651s] Invoked command in '/home/vkommera/Documents/Triton Robotics/TR-Autonomy-0.5-TheOutcastVirus/build/turtlesim' returned '0': CMAKE_PREFIX_PATH=/opt/ros/humble /usr/bin/cmake --install /home/vkommera/Documents/Triton Robotics/TR-Autonomy-0.5-TheOutcastVirus/build/turtlesim
