[0.005s] Invoking command in '/home/vkommera/Documents/Triton Robotics/TR-Autonomy-0.5-TheOutcastVirus/build/vikrams_package': CMAKE_PREFIX_PATH=/opt/ros/humble /usr/bin/cmake --build /home/vkommera/Documents/Triton Robotics/TR-Autonomy-0.5-TheOutcastVirus/build/vikrams_package -- -j16 -l16
[0.018s] -- Found ament_cmake: 1.3.12 (/opt/ros/humble/share/ament_cmake/cmake)
[0.088s] -- Found ament_lint_auto: 0.12.14 (/opt/ros/humble/share/ament_lint_auto/cmake)
[0.125s] -- Added test 'cppcheck' to perform static code analysis on C / C++ code
[0.125s] -- Configured cppcheck include dirs: $<BUILD_INTERFACE:/home/vkommera/Documents/Triton Robotics/TR-Autonomy-0.5-TheOutcastVirus/src/vikrams_package/include>
[0.125s] -- Configured cppcheck exclude dirs and/or files: 
[0.125s] -- Added test 'lint_cmake' to check CMake code style
[0.126s] -- Added test 'uncrustify' to check C / C++ code style
[0.126s] -- Configured uncrustify additional arguments: 
[0.126s] -- Added test 'xmllint' to check XML markup files
[0.126s] -- Configuring done
[0.129s] -- Generating done
[0.130s] -- Build files have been written to: /home/vkommera/Documents/Triton Robotics/TR-Autonomy-0.5-TheOutcastVirus/build/vikrams_package
[0.143s] [35m[1mConsolidate compiler generated dependencies of target my_node[0m
[0.149s] [ 50%] [32mBuilding CXX object CMakeFiles/my_node.dir/src/my_node.cpp.o[0m
[0.167s] [100%] [32m[1mLinking CXX executable my_node[0m
[0.195s] [100%] Built target my_node
[0.201s] Invoked command in '/home/vkommera/Documents/Triton Robotics/TR-Autonomy-0.5-TheOutcastVirus/build/vikrams_package' returned '0': CMAKE_PREFIX_PATH=/opt/ros/humble /usr/bin/cmake --build /home/vkommera/Documents/Triton Robotics/TR-Autonomy-0.5-TheOutcastVirus/build/vikrams_package -- -j16 -l16
[0.202s] Invoking command in '/home/vkommera/Documents/Triton Robotics/TR-Autonomy-0.5-TheOutcastVirus/build/vikrams_package': CMAKE_PREFIX_PATH=/opt/ros/humble /usr/bin/cmake --install /home/vkommera/Documents/Triton Robotics/TR-Autonomy-0.5-TheOutcastVirus/build/vikrams_package
[0.206s] -- Install configuration: ""
[0.206s] -- Installing: /home/vkommera/Documents/Triton Robotics/TR-Autonomy-0.5-TheOutcastVirus/install/vikrams_package/lib/vikrams_package/my_node
[0.206s] -- Up-to-date: /home/vkommera/Documents/Triton Robotics/TR-Autonomy-0.5-TheOutcastVirus/install/vikrams_package/share/ament_index/resource_index/package_run_dependencies/vikrams_package
[0.206s] -- Up-to-date: /home/vkommera/Documents/Triton Robotics/TR-Autonomy-0.5-TheOutcastVirus/install/vikrams_package/share/ament_index/resource_index/parent_prefix_path/vikrams_package
[0.206s] -- Up-to-date: /home/vkommera/Documents/Triton Robotics/TR-Autonomy-0.5-TheOutcastVirus/install/vikrams_package/share/vikrams_package/environment/ament_prefix_path.sh
[0.206s] -- Installing: /home/vkommera/Documents/Triton Robotics/TR-Autonomy-0.5-TheOutcastVirus/install/vikrams_package/share/vikrams_package/environment/ament_prefix_path.dsv
[0.206s] -- Up-to-date: /home/vkommera/Documents/Triton Robotics/TR-Autonomy-0.5-TheOutcastVirus/install/vikrams_package/share/vikrams_package/environment/path.sh
[0.206s] -- Installing: /home/vkommera/Documents/Triton Robotics/TR-Autonomy-0.5-TheOutcastVirus/install/vikrams_package/share/vikrams_package/environment/path.dsv
[0.206s] -- Up-to-date: /home/vkommera/Documents/Triton Robotics/TR-Autonomy-0.5-TheOutcastVirus/install/vikrams_package/share/vikrams_package/local_setup.bash
[0.206s] -- Up-to-date: /home/vkommera/Documents/Triton Robotics/TR-Autonomy-0.5-TheOutcastVirus/install/vikrams_package/share/vikrams_package/local_setup.sh
[0.206s] -- Up-to-date: /home/vkommera/Documents/Triton Robotics/TR-Autonomy-0.5-TheOutcastVirus/install/vikrams_package/share/vikrams_package/local_setup.zsh
[0.206s] -- Installing: /home/vkommera/Documents/Triton Robotics/TR-Autonomy-0.5-TheOutcastVirus/install/vikrams_package/share/vikrams_package/local_setup.dsv
[0.207s] -- Installing: /home/vkommera/Documents/Triton Robotics/TR-Autonomy-0.5-TheOutcastVirus/install/vikrams_package/share/vikrams_package/package.dsv
[0.207s] -- Up-to-date: /home/vkommera/Documents/Triton Robotics/TR-Autonomy-0.5-TheOutcastVirus/install/vikrams_package/share/ament_index/resource_index/packages/vikrams_package
[0.207s] -- Up-to-date: /home/vkommera/Documents/Triton Robotics/TR-Autonomy-0.5-TheOutcastVirus/install/vikrams_package/share/vikrams_package/cmake/vikrams_packageConfig.cmake
[0.207s] -- Up-to-date: /home/vkommera/Documents/Triton Robotics/TR-Autonomy-0.5-TheOutcastVirus/install/vikrams_package/share/vikrams_package/cmake/vikrams_packageConfig-version.cmake
[0.207s] -- Installing: /home/vkommera/Documents/Triton Robotics/TR-Autonomy-0.5-TheOutcastVirus/install/vikrams_package/share/vikrams_package/package.xml
[0.208s] Invoked command in '/home/vkommera/Documents/Triton Robotics/TR-Autonomy-0.5-TheOutcastVirus/build/vikrams_package' returned '0': CMAKE_PREFIX_PATH=/opt/ros/humble /usr/bin/cmake --install /home/vkommera/Documents/Triton Robotics/TR-Autonomy-0.5-TheOutcastVirus/build/vikrams_package
