[0.008s] Invoking command in '/home/vkommera/Documents/Triton Robotics/TR-Autonomy-0.5-TheOutcastVirus/build/cpp_pubsub': CMAKE_PREFIX_PATH=/opt/ros/humble /usr/bin/cmake /home/vkommera/Documents/Triton Robotics/TR-Autonomy-0.5-TheOutcastVirus/src/cpp_pubsub -DCMAKE_INSTALL_PREFIX=/home/vkommera/Documents/Triton Robotics/TR-Autonomy-0.5-TheOutcastVirus/install/cpp_pubsub
[0.042s] -- The C compiler identification is GNU 11.4.0
[0.079s] -- The CXX compiler identification is GNU 11.4.0
[0.084s] -- Detecting C compiler ABI info
[0.125s] -- Detecting C compiler ABI info - done
[0.129s] -- Check for working C compiler: /usr/bin/cc - skipped
[0.129s] -- Detecting C compile features
[0.129s] -- Detecting C compile features - done
[0.131s] -- Detecting CXX compiler ABI info
[0.180s] -- Detecting CXX compiler ABI info - done
[0.184s] -- Check for working CXX compiler: /usr/bin/c++ - skipped
[0.184s] -- Detecting CXX compile features
[0.184s] -- Detecting CXX compile features - done
[0.186s] -- Found ament_cmake: 1.3.12 (/opt/ros/humble/share/ament_cmake/cmake)
[0.268s] -- Found Python3: /usr/bin/python3 (found version "3.10.12") found components: Interpreter 
[0.314s] -- Found rclcpp: 16.0.14 (/opt/ros/humble/share/rclcpp/cmake)
[0.335s] -- Found rosidl_generator_c: 3.1.7 (/opt/ros/humble/share/rosidl_generator_c/cmake)
[0.338s] -- Found rosidl_adapter: 3.1.7 (/opt/ros/humble/share/rosidl_adapter/cmake)
[0.342s] -- Found rosidl_generator_cpp: 3.1.7 (/opt/ros/humble/share/rosidl_generator_cpp/cmake)
[0.349s] -- Using all available rosidl_typesupport_c: rosidl_typesupport_fastrtps_c;rosidl_typesupport_introspection_c
[0.357s] -- Using all available rosidl_typesupport_cpp: rosidl_typesupport_fastrtps_cpp;rosidl_typesupport_introspection_cpp
[0.380s] -- Found rmw_implementation_cmake: 6.1.2 (/opt/ros/humble/share/rmw_implementation_cmake/cmake)
[0.381s] -- Found rmw_fastrtps_cpp: 6.2.8 (/opt/ros/humble/share/rmw_fastrtps_cpp/cmake)
[0.432s] -- Found OpenSSL: /usr/lib/x86_64-linux-gnu/libcrypto.so (found version "3.0.2")  
[0.447s] -- Found FastRTPS: /opt/ros/humble/include  
[0.471s] -- Using RMW implementation 'rmw_fastrtps_cpp' as default
[0.475s] -- Looking for pthread.h
[0.520s] -- Looking for pthread.h - found
[0.521s] -- Performing Test CMAKE_HAVE_LIBC_PTHREAD
[0.564s] -- Performing Test CMAKE_HAVE_LIBC_PTHREAD - Success
[0.565s] -- Found Threads: TRUE  
[0.589s] -- Found ament_lint_auto: 0.12.14 (/opt/ros/humble/share/ament_lint_auto/cmake)
[0.624s] -- Added test 'cppcheck' to perform static code analysis on C / C++ code
[0.625s] -- Configured cppcheck include dirs: 
[0.625s] -- Configured cppcheck exclude dirs and/or files: 
[0.625s] -- Added test 'lint_cmake' to check CMake code style
[0.625s] -- Added test 'uncrustify' to check C / C++ code style
[0.625s] -- Configured uncrustify additional arguments: 
[0.626s] -- Added test 'xmllint' to check XML markup files
[0.626s] -- Configuring done
[0.633s] -- Generating done
[0.635s] -- Build files have been written to: /home/vkommera/Documents/Triton Robotics/TR-Autonomy-0.5-TheOutcastVirus/build/cpp_pubsub
[0.640s] Invoked command in '/home/vkommera/Documents/Triton Robotics/TR-Autonomy-0.5-TheOutcastVirus/build/cpp_pubsub' returned '0': CMAKE_PREFIX_PATH=/opt/ros/humble /usr/bin/cmake /home/vkommera/Documents/Triton Robotics/TR-Autonomy-0.5-TheOutcastVirus/src/cpp_pubsub -DCMAKE_INSTALL_PREFIX=/home/vkommera/Documents/Triton Robotics/TR-Autonomy-0.5-TheOutcastVirus/install/cpp_pubsub
[0.641s] Invoking command in '/home/vkommera/Documents/Triton Robotics/TR-Autonomy-0.5-TheOutcastVirus/build/cpp_pubsub': CMAKE_PREFIX_PATH=/opt/ros/humble /usr/bin/cmake --build /home/vkommera/Documents/Triton Robotics/TR-Autonomy-0.5-TheOutcastVirus/build/cpp_pubsub -- -j16 -l16
[0.671s] [ 50%] [32mBuilding CXX object CMakeFiles/listener.dir/src/subscriber_member_function.cpp.o[0m
[0.671s] [ 50%] [32mBuilding CXX object CMakeFiles/talker.dir/src/publisher_member_function.cpp.o[0m
[2.778s] [ 75%] [32m[1mLinking CXX executable talker[0m
[2.872s] [ 75%] Built target talker
[4.664s] [100%] [32m[1mLinking CXX executable listener[0m
[4.839s] [100%] Built target listener
[4.847s] Invoked command in '/home/vkommera/Documents/Triton Robotics/TR-Autonomy-0.5-TheOutcastVirus/build/cpp_pubsub' returned '0': CMAKE_PREFIX_PATH=/opt/ros/humble /usr/bin/cmake --build /home/vkommera/Documents/Triton Robotics/TR-Autonomy-0.5-TheOutcastVirus/build/cpp_pubsub -- -j16 -l16
[4.848s] Invoking command in '/home/vkommera/Documents/Triton Robotics/TR-Autonomy-0.5-TheOutcastVirus/build/cpp_pubsub': CMAKE_PREFIX_PATH=/opt/ros/humble /usr/bin/cmake --install /home/vkommera/Documents/Triton Robotics/TR-Autonomy-0.5-TheOutcastVirus/build/cpp_pubsub
[4.852s] -- Install configuration: ""
[4.852s] -- Installing: /home/vkommera/Documents/Triton Robotics/TR-Autonomy-0.5-TheOutcastVirus/install/cpp_pubsub/lib/cpp_pubsub/talker
[4.853s] -- Set runtime path of "/home/vkommera/Documents/Triton Robotics/TR-Autonomy-0.5-TheOutcastVirus/install/cpp_pubsub/lib/cpp_pubsub/talker" to ""
[4.853s] -- Installing: /home/vkommera/Documents/Triton Robotics/TR-Autonomy-0.5-TheOutcastVirus/install/cpp_pubsub/lib/cpp_pubsub/listener
[4.855s] -- Set runtime path of "/home/vkommera/Documents/Triton Robotics/TR-Autonomy-0.5-TheOutcastVirus/install/cpp_pubsub/lib/cpp_pubsub/listener" to ""
[4.855s] -- Installing: /home/vkommera/Documents/Triton Robotics/TR-Autonomy-0.5-TheOutcastVirus/install/cpp_pubsub/share/ament_index/resource_index/package_run_dependencies/cpp_pubsub
[4.855s] -- Installing: /home/vkommera/Documents/Triton Robotics/TR-Autonomy-0.5-TheOutcastVirus/install/cpp_pubsub/share/ament_index/resource_index/parent_prefix_path/cpp_pubsub
[4.856s] -- Installing: /home/vkommera/Documents/Triton Robotics/TR-Autonomy-0.5-TheOutcastVirus/install/cpp_pubsub/share/cpp_pubsub/environment/ament_prefix_path.sh
[4.856s] -- Installing: /home/vkommera/Documents/Triton Robotics/TR-Autonomy-0.5-TheOutcastVirus/install/cpp_pubsub/share/cpp_pubsub/environment/ament_prefix_path.dsv
[4.856s] -- Installing: /home/vkommera/Documents/Triton Robotics/TR-Autonomy-0.5-TheOutcastVirus/install/cpp_pubsub/share/cpp_pubsub/environment/path.sh
[4.856s] -- Installing: /home/vkommera/Documents/Triton Robotics/TR-Autonomy-0.5-TheOutcastVirus/install/cpp_pubsub/share/cpp_pubsub/environment/path.dsv
[4.856s] -- Installing: /home/vkommera/Documents/Triton Robotics/TR-Autonomy-0.5-TheOutcastVirus/install/cpp_pubsub/share/cpp_pubsub/local_setup.bash
[4.856s] -- Installing: /home/vkommera/Documents/Triton Robotics/TR-Autonomy-0.5-TheOutcastVirus/install/cpp_pubsub/share/cpp_pubsub/local_setup.sh
[4.856s] -- Installing: /home/vkommera/Documents/Triton Robotics/TR-Autonomy-0.5-TheOutcastVirus/install/cpp_pubsub/share/cpp_pubsub/local_setup.zsh
[4.856s] -- Installing: /home/vkommera/Documents/Triton Robotics/TR-Autonomy-0.5-TheOutcastVirus/install/cpp_pubsub/share/cpp_pubsub/local_setup.dsv
[4.856s] -- Installing: /home/vkommera/Documents/Triton Robotics/TR-Autonomy-0.5-TheOutcastVirus/install/cpp_pubsub/share/cpp_pubsub/package.dsv
[4.856s] -- Installing: /home/vkommera/Documents/Triton Robotics/TR-Autonomy-0.5-TheOutcastVirus/install/cpp_pubsub/share/ament_index/resource_index/packages/cpp_pubsub
[4.856s] -- Installing: /home/vkommera/Documents/Triton Robotics/TR-Autonomy-0.5-TheOutcastVirus/install/cpp_pubsub/share/cpp_pubsub/cmake/cpp_pubsubConfig.cmake
[4.856s] -- Installing: /home/vkommera/Documents/Triton Robotics/TR-Autonomy-0.5-TheOutcastVirus/install/cpp_pubsub/share/cpp_pubsub/cmake/cpp_pubsubConfig-version.cmake
[4.857s] -- Installing: /home/vkommera/Documents/Triton Robotics/TR-Autonomy-0.5-TheOutcastVirus/install/cpp_pubsub/share/cpp_pubsub/package.xml
[4.858s] Invoked command in '/home/vkommera/Documents/Triton Robotics/TR-Autonomy-0.5-TheOutcastVirus/build/cpp_pubsub' returned '0': CMAKE_PREFIX_PATH=/opt/ros/humble /usr/bin/cmake --install /home/vkommera/Documents/Triton Robotics/TR-Autonomy-0.5-TheOutcastVirus/build/cpp_pubsub
