[0.051s] DEBUG:colcon:Command line arguments: ['/usr/bin/colcon', 'build', '--allow-overriding', 'turtlesim']
[0.051s] DEBUG:colcon:Parsed command line arguments: Namespace(log_base=None, log_level=None, verb_name='build', build_base='build', install_base='install', merge_install=False, symlink_install=False, test_result_base=None, continue_on_error=False, executor='parallel', parallel_workers=16, event_handlers=None, ignore_user_meta=False, metas=['./colcon.meta'], base_paths=['.'], packages_ignore=None, packages_ignore_regex=None, paths=None, packages_up_to=None, packages_up_to_regex=None, packages_above=None, packages_above_and_dependencies=None, packages_above_depth=None, packages_select_by_dep=None, packages_skip_by_dep=None, packages_skip_up_to=None, packages_select_build_failed=False, packages_skip_build_finished=False, packages_select_test_failures=False, packages_skip_test_passed=False, packages_select=None, packages_skip=None, packages_select_regex=None, packages_skip_regex=None, packages_start=None, packages_end=None, allow_overriding=['turtlesim'], cmake_args=None, cmake_target=None, cmake_target_skip_unavailable=False, cmake_clean_cache=False, cmake_clean_first=False, cmake_force_configure=False, ament_cmake_args=None, catkin_cmake_args=None, catkin_skip_building_tests=False, verb_parser=<colcon_defaults.argument_parser.defaults.DefaultArgumentsDecorator object at 0x78fafd02b1c0>, verb_extension=<colcon_core.verb.build.BuildVerb object at 0x78fafd02a380>, main=<bound method BuildVerb.main of <colcon_core.verb.build.BuildVerb object at 0x78fafd02a380>>)
[0.124s] Level 1:colcon.colcon_core.package_discovery:discover_packages(colcon_meta) check parameters
[0.124s] Level 1:colcon.colcon_core.package_discovery:discover_packages(recursive) check parameters
[0.124s] Level 1:colcon.colcon_core.package_discovery:discover_packages(ignore) check parameters
[0.124s] Level 1:colcon.colcon_core.package_discovery:discover_packages(path) check parameters
[0.124s] Level 1:colcon.colcon_core.package_discovery:discover_packages(colcon_meta) discover
[0.124s] Level 1:colcon.colcon_core.package_discovery:discover_packages(recursive) discover
[0.124s] INFO:colcon.colcon_core.package_discovery:Crawling recursively for packages in '/home/vkommera/Documents/Triton Robotics/TR-Autonomy-0.5-TheOutcastVirus'
[0.124s] Level 1:colcon.colcon_core.package_identification:_identify(.) by extensions ['ignore', 'ignore_ament_install']
[0.124s] Level 1:colcon.colcon_core.package_identification:_identify(.) by extension 'ignore'
[0.124s] Level 1:colcon.colcon_core.package_identification:_identify(.) by extension 'ignore_ament_install'
[0.124s] Level 1:colcon.colcon_core.package_identification:_identify(.) by extensions ['colcon_pkg']
[0.124s] Level 1:colcon.colcon_core.package_identification:_identify(.) by extension 'colcon_pkg'
[0.124s] Level 1:colcon.colcon_core.package_identification:_identify(.) by extensions ['colcon_meta']
[0.124s] Level 1:colcon.colcon_core.package_identification:_identify(.) by extension 'colcon_meta'
[0.125s] Level 1:colcon.colcon_core.package_identification:_identify(.) by extensions ['ros']
[0.125s] Level 1:colcon.colcon_core.package_identification:_identify(.) by extension 'ros'
[0.130s] Level 1:colcon.colcon_core.package_identification:_identify(.) by extensions ['cmake', 'python']
[0.130s] Level 1:colcon.colcon_core.package_identification:_identify(.) by extension 'cmake'
[0.130s] Level 1:colcon.colcon_core.package_identification:_identify(.) by extension 'python'
[0.130s] Level 1:colcon.colcon_core.package_identification:_identify(.) by extensions ['python_setup_py']
[0.130s] Level 1:colcon.colcon_core.package_identification:_identify(.) by extension 'python_setup_py'
[0.130s] Level 1:colcon.colcon_core.package_identification:_identify(build) by extensions ['ignore', 'ignore_ament_install']
[0.130s] Level 1:colcon.colcon_core.package_identification:_identify(build) by extension 'ignore'
[0.131s] Level 1:colcon.colcon_core.package_identification:_identify(build) ignored
[0.131s] Level 1:colcon.colcon_core.package_identification:_identify(install) by extensions ['ignore', 'ignore_ament_install']
[0.131s] Level 1:colcon.colcon_core.package_identification:_identify(install) by extension 'ignore'
[0.131s] Level 1:colcon.colcon_core.package_identification:_identify(install) ignored
[0.131s] Level 1:colcon.colcon_core.package_identification:_identify(log) by extensions ['ignore', 'ignore_ament_install']
[0.131s] Level 1:colcon.colcon_core.package_identification:_identify(log) by extension 'ignore'
[0.131s] Level 1:colcon.colcon_core.package_identification:_identify(log) ignored
[0.131s] Level 1:colcon.colcon_core.package_identification:_identify(src) by extensions ['ignore', 'ignore_ament_install']
[0.131s] Level 1:colcon.colcon_core.package_identification:_identify(src) by extension 'ignore'
[0.131s] Level 1:colcon.colcon_core.package_identification:_identify(src) by extension 'ignore_ament_install'
[0.131s] Level 1:colcon.colcon_core.package_identification:_identify(src) by extensions ['colcon_pkg']
[0.131s] Level 1:colcon.colcon_core.package_identification:_identify(src) by extension 'colcon_pkg'
[0.131s] Level 1:colcon.colcon_core.package_identification:_identify(src) by extensions ['colcon_meta']
[0.131s] Level 1:colcon.colcon_core.package_identification:_identify(src) by extension 'colcon_meta'
[0.131s] Level 1:colcon.colcon_core.package_identification:_identify(src) by extensions ['ros']
[0.131s] Level 1:colcon.colcon_core.package_identification:_identify(src) by extension 'ros'
[0.131s] Level 1:colcon.colcon_core.package_identification:_identify(src) by extensions ['cmake', 'python']
[0.131s] Level 1:colcon.colcon_core.package_identification:_identify(src) by extension 'cmake'
[0.131s] Level 1:colcon.colcon_core.package_identification:_identify(src) by extension 'python'
[0.131s] Level 1:colcon.colcon_core.package_identification:_identify(src) by extensions ['python_setup_py']
[0.131s] Level 1:colcon.colcon_core.package_identification:_identify(src) by extension 'python_setup_py'
[0.131s] Level 1:colcon.colcon_core.package_identification:_identify(src/ros_tutorials) by extensions ['ignore', 'ignore_ament_install']
[0.131s] Level 1:colcon.colcon_core.package_identification:_identify(src/ros_tutorials) by extension 'ignore'
[0.131s] Level 1:colcon.colcon_core.package_identification:_identify(src/ros_tutorials) by extension 'ignore_ament_install'
[0.131s] Level 1:colcon.colcon_core.package_identification:_identify(src/ros_tutorials) by extensions ['colcon_pkg']
[0.131s] Level 1:colcon.colcon_core.package_identification:_identify(src/ros_tutorials) by extension 'colcon_pkg'
[0.131s] Level 1:colcon.colcon_core.package_identification:_identify(src/ros_tutorials) by extensions ['colcon_meta']
[0.131s] Level 1:colcon.colcon_core.package_identification:_identify(src/ros_tutorials) by extension 'colcon_meta'
[0.131s] Level 1:colcon.colcon_core.package_identification:_identify(src/ros_tutorials) by extensions ['ros']
[0.131s] Level 1:colcon.colcon_core.package_identification:_identify(src/ros_tutorials) by extension 'ros'
[0.131s] Level 1:colcon.colcon_core.package_identification:_identify(src/ros_tutorials) by extensions ['cmake', 'python']
[0.131s] Level 1:colcon.colcon_core.package_identification:_identify(src/ros_tutorials) by extension 'cmake'
[0.131s] Level 1:colcon.colcon_core.package_identification:_identify(src/ros_tutorials) by extension 'python'
[0.131s] Level 1:colcon.colcon_core.package_identification:_identify(src/ros_tutorials) by extensions ['python_setup_py']
[0.131s] Level 1:colcon.colcon_core.package_identification:_identify(src/ros_tutorials) by extension 'python_setup_py'
[0.131s] Level 1:colcon.colcon_core.package_identification:_identify(src/ros_tutorials/ros_tutorials) by extensions ['ignore', 'ignore_ament_install']
[0.131s] Level 1:colcon.colcon_core.package_identification:_identify(src/ros_tutorials/ros_tutorials) by extension 'ignore'
[0.131s] Level 1:colcon.colcon_core.package_identification:_identify(src/ros_tutorials/ros_tutorials) ignored
[0.131s] Level 1:colcon.colcon_core.package_identification:_identify(src/ros_tutorials/roscpp_tutorials) by extensions ['ignore', 'ignore_ament_install']
[0.131s] Level 1:colcon.colcon_core.package_identification:_identify(src/ros_tutorials/roscpp_tutorials) by extension 'ignore'
[0.131s] Level 1:colcon.colcon_core.package_identification:_identify(src/ros_tutorials/roscpp_tutorials) ignored
[0.132s] Level 1:colcon.colcon_core.package_identification:_identify(src/ros_tutorials/rospy_tutorials) by extensions ['ignore', 'ignore_ament_install']
[0.132s] Level 1:colcon.colcon_core.package_identification:_identify(src/ros_tutorials/rospy_tutorials) by extension 'ignore'
[0.132s] Level 1:colcon.colcon_core.package_identification:_identify(src/ros_tutorials/rospy_tutorials) ignored
[0.132s] Level 1:colcon.colcon_core.package_identification:_identify(src/ros_tutorials/turtlesim) by extensions ['ignore', 'ignore_ament_install']
[0.132s] Level 1:colcon.colcon_core.package_identification:_identify(src/ros_tutorials/turtlesim) by extension 'ignore'
[0.132s] Level 1:colcon.colcon_core.package_identification:_identify(src/ros_tutorials/turtlesim) by extension 'ignore_ament_install'
[0.132s] Level 1:colcon.colcon_core.package_identification:_identify(src/ros_tutorials/turtlesim) by extensions ['colcon_pkg']
[0.132s] Level 1:colcon.colcon_core.package_identification:_identify(src/ros_tutorials/turtlesim) by extension 'colcon_pkg'
[0.132s] Level 1:colcon.colcon_core.package_identification:_identify(src/ros_tutorials/turtlesim) by extensions ['colcon_meta']
[0.132s] Level 1:colcon.colcon_core.package_identification:_identify(src/ros_tutorials/turtlesim) by extension 'colcon_meta'
[0.132s] Level 1:colcon.colcon_core.package_identification:_identify(src/ros_tutorials/turtlesim) by extensions ['ros']
[0.132s] Level 1:colcon.colcon_core.package_identification:_identify(src/ros_tutorials/turtlesim) by extension 'ros'
[0.133s] DEBUG:colcon.colcon_core.package_identification:Package 'src/ros_tutorials/turtlesim' with type 'ros.ament_cmake' and name 'turtlesim'
[0.133s] Level 1:colcon.colcon_core.package_discovery:discover_packages(recursive) using defaults
[0.133s] Level 1:colcon.colcon_core.package_discovery:discover_packages(ignore) discover
[0.133s] Level 1:colcon.colcon_core.package_discovery:discover_packages(ignore) using defaults
[0.133s] Level 1:colcon.colcon_core.package_discovery:discover_packages(path) discover
[0.133s] Level 1:colcon.colcon_core.package_discovery:discover_packages(path) using defaults
[0.143s] Level 1:colcon.colcon_core.package_discovery:discover_packages(prefix_path) check parameters
[0.143s] Level 1:colcon.colcon_core.package_discovery:discover_packages(prefix_path) discover
[0.144s] DEBUG:colcon.colcon_installed_package_information.package_discovery:Found 295 installed packages in /opt/ros/humble
[0.149s] Level 1:colcon.colcon_core.package_discovery:discover_packages(prefix_path) using defaults
[0.170s] Level 5:colcon.colcon_core.verb:set package 'turtlesim' build argument 'cmake_args' from command line to 'None'
[0.170s] Level 5:colcon.colcon_core.verb:set package 'turtlesim' build argument 'cmake_target' from command line to 'None'
[0.170s] Level 5:colcon.colcon_core.verb:set package 'turtlesim' build argument 'cmake_target_skip_unavailable' from command line to 'False'
[0.170s] Level 5:colcon.colcon_core.verb:set package 'turtlesim' build argument 'cmake_clean_cache' from command line to 'False'
[0.170s] Level 5:colcon.colcon_core.verb:set package 'turtlesim' build argument 'cmake_clean_first' from command line to 'False'
[0.170s] Level 5:colcon.colcon_core.verb:set package 'turtlesim' build argument 'cmake_force_configure' from command line to 'False'
[0.170s] Level 5:colcon.colcon_core.verb:set package 'turtlesim' build argument 'ament_cmake_args' from command line to 'None'
[0.170s] Level 5:colcon.colcon_core.verb:set package 'turtlesim' build argument 'catkin_cmake_args' from command line to 'None'
[0.170s] Level 5:colcon.colcon_core.verb:set package 'turtlesim' build argument 'catkin_skip_building_tests' from command line to 'False'
[0.170s] DEBUG:colcon.colcon_core.verb:Building package 'turtlesim' with the following arguments: {'ament_cmake_args': None, 'build_base': '/home/vkommera/Documents/Triton Robotics/TR-Autonomy-0.5-TheOutcastVirus/build/turtlesim', 'catkin_cmake_args': None, 'catkin_skip_building_tests': False, 'cmake_args': None, 'cmake_clean_cache': False, 'cmake_clean_first': False, 'cmake_force_configure': False, 'cmake_target': None, 'cmake_target_skip_unavailable': False, 'install_base': '/home/vkommera/Documents/Triton Robotics/TR-Autonomy-0.5-TheOutcastVirus/install/turtlesim', 'merge_install': False, 'path': '/home/vkommera/Documents/Triton Robotics/TR-Autonomy-0.5-TheOutcastVirus/src/ros_tutorials/turtlesim', 'symlink_install': False, 'test_result_base': None}
[0.170s] INFO:colcon.colcon_core.executor:Executing jobs using 'parallel' executor
[0.171s] DEBUG:colcon.colcon_parallel_executor.executor.parallel:run_until_complete
[0.171s] INFO:colcon.colcon_ros.task.ament_cmake.build:Building ROS package in '/home/vkommera/Documents/Triton Robotics/TR-Autonomy-0.5-TheOutcastVirus/src/ros_tutorials/turtlesim' with build type 'ament_cmake'
[0.171s] INFO:colcon.colcon_cmake.task.cmake.build:Building CMake package in '/home/vkommera/Documents/Triton Robotics/TR-Autonomy-0.5-TheOutcastVirus/src/ros_tutorials/turtlesim'
[0.172s] INFO:colcon.colcon_core.plugin_system:Skipping extension 'colcon_core.shell.bat': Not used on non-Windows systems
[0.172s] INFO:colcon.colcon_core.shell:Skip shell extension 'powershell' for command environment: Not usable outside of PowerShell
[0.172s] DEBUG:colcon.colcon_core.shell:Skip shell extension 'dsv' for command environment
[0.177s] DEBUG:colcon.colcon_core.event_handler.log_command:Invoking command in '/home/vkommera/Documents/Triton Robotics/TR-Autonomy-0.5-TheOutcastVirus/build/turtlesim': CMAKE_PREFIX_PATH=/opt/ros/humble /usr/bin/cmake --build /home/vkommera/Documents/Triton Robotics/TR-Autonomy-0.5-TheOutcastVirus/build/turtlesim -- -j16 -l16
[0.357s] DEBUG:colcon.colcon_core.event_handler.log_command:Invoked command in '/home/vkommera/Documents/Triton Robotics/TR-Autonomy-0.5-TheOutcastVirus/build/turtlesim' returned '0': CMAKE_PREFIX_PATH=/opt/ros/humble /usr/bin/cmake --build /home/vkommera/Documents/Triton Robotics/TR-Autonomy-0.5-TheOutcastVirus/build/turtlesim -- -j16 -l16
[0.362s] DEBUG:colcon.colcon_core.event_handler.log_command:Invoking command in '/home/vkommera/Documents/Triton Robotics/TR-Autonomy-0.5-TheOutcastVirus/build/turtlesim': CMAKE_PREFIX_PATH=/opt/ros/humble /usr/bin/cmake --install /home/vkommera/Documents/Triton Robotics/TR-Autonomy-0.5-TheOutcastVirus/build/turtlesim
[0.399s] Level 1:colcon.colcon_core.environment:create_environment_scripts_only(turtlesim)
[0.400s] DEBUG:colcon.colcon_core.event_handler.log_command:Invoked command in '/home/vkommera/Documents/Triton Robotics/TR-Autonomy-0.5-TheOutcastVirus/build/turtlesim' returned '0': CMAKE_PREFIX_PATH=/opt/ros/humble /usr/bin/cmake --install /home/vkommera/Documents/Triton Robotics/TR-Autonomy-0.5-TheOutcastVirus/build/turtlesim
[0.400s] Level 1:colcon.colcon_core.environment:checking '/home/vkommera/Documents/Triton Robotics/TR-Autonomy-0.5-TheOutcastVirus/install/turtlesim' for CMake module files
[0.401s] Level 1:colcon.colcon_core.environment:checking '/home/vkommera/Documents/Triton Robotics/TR-Autonomy-0.5-TheOutcastVirus/install/turtlesim' for CMake config files
[0.401s] Level 1:colcon.colcon_core.shell:create_environment_hook('turtlesim', 'cmake_prefix_path')
[0.401s] INFO:colcon.colcon_core.shell:Creating environment hook '/home/vkommera/Documents/Triton Robotics/TR-Autonomy-0.5-TheOutcastVirus/install/turtlesim/share/turtlesim/hook/cmake_prefix_path.ps1'
[0.402s] INFO:colcon.colcon_core.shell:Creating environment descriptor '/home/vkommera/Documents/Triton Robotics/TR-Autonomy-0.5-TheOutcastVirus/install/turtlesim/share/turtlesim/hook/cmake_prefix_path.dsv'
[0.402s] INFO:colcon.colcon_core.shell:Creating environment hook '/home/vkommera/Documents/Triton Robotics/TR-Autonomy-0.5-TheOutcastVirus/install/turtlesim/share/turtlesim/hook/cmake_prefix_path.sh'
[0.402s] Level 1:colcon.colcon_core.environment:checking '/home/vkommera/Documents/Triton Robotics/TR-Autonomy-0.5-TheOutcastVirus/install/turtlesim/lib'
[0.403s] Level 1:colcon.colcon_core.shell:create_environment_hook('turtlesim', 'ld_library_path_lib')
[0.403s] INFO:colcon.colcon_core.shell:Creating environment hook '/home/vkommera/Documents/Triton Robotics/TR-Autonomy-0.5-TheOutcastVirus/install/turtlesim/share/turtlesim/hook/ld_library_path_lib.ps1'
[0.403s] INFO:colcon.colcon_core.shell:Creating environment descriptor '/home/vkommera/Documents/Triton Robotics/TR-Autonomy-0.5-TheOutcastVirus/install/turtlesim/share/turtlesim/hook/ld_library_path_lib.dsv'
[0.403s] INFO:colcon.colcon_core.shell:Creating environment hook '/home/vkommera/Documents/Triton Robotics/TR-Autonomy-0.5-TheOutcastVirus/install/turtlesim/share/turtlesim/hook/ld_library_path_lib.sh'
[0.403s] Level 1:colcon.colcon_core.environment:checking '/home/vkommera/Documents/Triton Robotics/TR-Autonomy-0.5-TheOutcastVirus/install/turtlesim/bin'
[0.403s] Level 1:colcon.colcon_core.environment:checking '/home/vkommera/Documents/Triton Robotics/TR-Autonomy-0.5-TheOutcastVirus/install/turtlesim/lib/pkgconfig/turtlesim.pc'
[0.403s] Level 1:colcon.colcon_core.environment:checking '/home/vkommera/Documents/Triton Robotics/TR-Autonomy-0.5-TheOutcastVirus/install/turtlesim/lib/python3.10/site-packages'
[0.404s] Level 1:colcon.colcon_core.environment:checking '/home/vkommera/Documents/Triton Robotics/TR-Autonomy-0.5-TheOutcastVirus/install/turtlesim/bin'
[0.404s] INFO:colcon.colcon_core.shell:Creating package script '/home/vkommera/Documents/Triton Robotics/TR-Autonomy-0.5-TheOutcastVirus/install/turtlesim/share/turtlesim/package.ps1'
[0.404s] INFO:colcon.colcon_core.shell:Creating package descriptor '/home/vkommera/Documents/Triton Robotics/TR-Autonomy-0.5-TheOutcastVirus/install/turtlesim/share/turtlesim/package.dsv'
[0.404s] INFO:colcon.colcon_core.shell:Creating package script '/home/vkommera/Documents/Triton Robotics/TR-Autonomy-0.5-TheOutcastVirus/install/turtlesim/share/turtlesim/package.sh'
[0.405s] INFO:colcon.colcon_core.shell:Creating package script '/home/vkommera/Documents/Triton Robotics/TR-Autonomy-0.5-TheOutcastVirus/install/turtlesim/share/turtlesim/package.bash'
[0.405s] INFO:colcon.colcon_core.shell:Creating package script '/home/vkommera/Documents/Triton Robotics/TR-Autonomy-0.5-TheOutcastVirus/install/turtlesim/share/turtlesim/package.zsh'
[0.405s] Level 1:colcon.colcon_core.environment:create_file_with_runtime_dependencies(/home/vkommera/Documents/Triton Robotics/TR-Autonomy-0.5-TheOutcastVirus/install/turtlesim/share/colcon-core/packages/turtlesim)
[0.406s] Level 1:colcon.colcon_core.environment:create_environment_scripts_only(turtlesim)
[0.406s] Level 1:colcon.colcon_core.environment:checking '/home/vkommera/Documents/Triton Robotics/TR-Autonomy-0.5-TheOutcastVirus/install/turtlesim' for CMake module files
[0.406s] Level 1:colcon.colcon_core.environment:checking '/home/vkommera/Documents/Triton Robotics/TR-Autonomy-0.5-TheOutcastVirus/install/turtlesim' for CMake config files
[0.407s] Level 1:colcon.colcon_core.shell:create_environment_hook('turtlesim', 'cmake_prefix_path')
[0.407s] INFO:colcon.colcon_core.shell:Creating environment hook '/home/vkommera/Documents/Triton Robotics/TR-Autonomy-0.5-TheOutcastVirus/install/turtlesim/share/turtlesim/hook/cmake_prefix_path.ps1'
[0.407s] INFO:colcon.colcon_core.shell:Creating environment descriptor '/home/vkommera/Documents/Triton Robotics/TR-Autonomy-0.5-TheOutcastVirus/install/turtlesim/share/turtlesim/hook/cmake_prefix_path.dsv'
[0.407s] INFO:colcon.colcon_core.shell:Creating environment hook '/home/vkommera/Documents/Triton Robotics/TR-Autonomy-0.5-TheOutcastVirus/install/turtlesim/share/turtlesim/hook/cmake_prefix_path.sh'
[0.407s] Level 1:colcon.colcon_core.environment:checking '/home/vkommera/Documents/Triton Robotics/TR-Autonomy-0.5-TheOutcastVirus/install/turtlesim/lib'
[0.407s] Level 1:colcon.colcon_core.shell:create_environment_hook('turtlesim', 'ld_library_path_lib')
[0.408s] INFO:colcon.colcon_core.shell:Creating environment hook '/home/vkommera/Documents/Triton Robotics/TR-Autonomy-0.5-TheOutcastVirus/install/turtlesim/share/turtlesim/hook/ld_library_path_lib.ps1'
[0.408s] INFO:colcon.colcon_core.shell:Creating environment descriptor '/home/vkommera/Documents/Triton Robotics/TR-Autonomy-0.5-TheOutcastVirus/install/turtlesim/share/turtlesim/hook/ld_library_path_lib.dsv'
[0.408s] INFO:colcon.colcon_core.shell:Creating environment hook '/home/vkommera/Documents/Triton Robotics/TR-Autonomy-0.5-TheOutcastVirus/install/turtlesim/share/turtlesim/hook/ld_library_path_lib.sh'
[0.408s] Level 1:colcon.colcon_core.environment:checking '/home/vkommera/Documents/Triton Robotics/TR-Autonomy-0.5-TheOutcastVirus/install/turtlesim/bin'
[0.408s] Level 1:colcon.colcon_core.environment:checking '/home/vkommera/Documents/Triton Robotics/TR-Autonomy-0.5-TheOutcastVirus/install/turtlesim/lib/pkgconfig/turtlesim.pc'
[0.408s] Level 1:colcon.colcon_core.environment:checking '/home/vkommera/Documents/Triton Robotics/TR-Autonomy-0.5-TheOutcastVirus/install/turtlesim/lib/python3.10/site-packages'
[0.408s] Level 1:colcon.colcon_core.environment:checking '/home/vkommera/Documents/Triton Robotics/TR-Autonomy-0.5-TheOutcastVirus/install/turtlesim/bin'
[0.409s] INFO:colcon.colcon_core.shell:Creating package script '/home/vkommera/Documents/Triton Robotics/TR-Autonomy-0.5-TheOutcastVirus/install/turtlesim/share/turtlesim/package.ps1'
[0.409s] INFO:colcon.colcon_core.shell:Creating package descriptor '/home/vkommera/Documents/Triton Robotics/TR-Autonomy-0.5-TheOutcastVirus/install/turtlesim/share/turtlesim/package.dsv'
[0.409s] INFO:colcon.colcon_core.shell:Creating package script '/home/vkommera/Documents/Triton Robotics/TR-Autonomy-0.5-TheOutcastVirus/install/turtlesim/share/turtlesim/package.sh'
[0.409s] INFO:colcon.colcon_core.shell:Creating package script '/home/vkommera/Documents/Triton Robotics/TR-Autonomy-0.5-TheOutcastVirus/install/turtlesim/share/turtlesim/package.bash'
[0.409s] INFO:colcon.colcon_core.shell:Creating package script '/home/vkommera/Documents/Triton Robotics/TR-Autonomy-0.5-TheOutcastVirus/install/turtlesim/share/turtlesim/package.zsh'
[0.410s] Level 1:colcon.colcon_core.environment:create_file_with_runtime_dependencies(/home/vkommera/Documents/Triton Robotics/TR-Autonomy-0.5-TheOutcastVirus/install/turtlesim/share/colcon-core/packages/turtlesim)
[0.410s] DEBUG:colcon.colcon_parallel_executor.executor.parallel:closing loop
[0.410s] DEBUG:colcon.colcon_parallel_executor.executor.parallel:loop closed
[0.410s] DEBUG:colcon.colcon_parallel_executor.executor.parallel:run_until_complete finished with '0'
[0.410s] DEBUG:colcon.colcon_core.event_reactor:joining thread
[0.413s] INFO:colcon.colcon_core.plugin_system:Skipping extension 'colcon_notification.desktop_notification.terminal_notifier': Not used on non-Darwin systems
[0.413s] INFO:colcon.colcon_core.plugin_system:Skipping extension 'colcon_notification.desktop_notification.win32': Not used on non-Windows systems
[0.413s] INFO:colcon.colcon_notification.desktop_notification:Sending desktop notification using 'notify2'
[0.418s] DEBUG:colcon.colcon_core.event_reactor:joined thread
[0.419s] INFO:colcon.colcon_core.shell:Creating prefix script '/home/vkommera/Documents/Triton Robotics/TR-Autonomy-0.5-TheOutcastVirus/install/local_setup.ps1'
[0.419s] INFO:colcon.colcon_core.shell:Creating prefix util module '/home/vkommera/Documents/Triton Robotics/TR-Autonomy-0.5-TheOutcastVirus/install/_local_setup_util_ps1.py'
[0.420s] INFO:colcon.colcon_core.shell:Creating prefix chain script '/home/vkommera/Documents/Triton Robotics/TR-Autonomy-0.5-TheOutcastVirus/install/setup.ps1'
[0.420s] INFO:colcon.colcon_core.shell:Creating prefix script '/home/vkommera/Documents/Triton Robotics/TR-Autonomy-0.5-TheOutcastVirus/install/local_setup.sh'
[0.420s] INFO:colcon.colcon_core.shell:Creating prefix util module '/home/vkommera/Documents/Triton Robotics/TR-Autonomy-0.5-TheOutcastVirus/install/_local_setup_util_sh.py'
[0.421s] INFO:colcon.colcon_core.shell:Creating prefix chain script '/home/vkommera/Documents/Triton Robotics/TR-Autonomy-0.5-TheOutcastVirus/install/setup.sh'
[0.421s] INFO:colcon.colcon_core.shell:Creating prefix script '/home/vkommera/Documents/Triton Robotics/TR-Autonomy-0.5-TheOutcastVirus/install/local_setup.bash'
[0.421s] INFO:colcon.colcon_core.shell:Creating prefix chain script '/home/vkommera/Documents/Triton Robotics/TR-Autonomy-0.5-TheOutcastVirus/install/setup.bash'
[0.422s] INFO:colcon.colcon_core.shell:Creating prefix script '/home/vkommera/Documents/Triton Robotics/TR-Autonomy-0.5-TheOutcastVirus/install/local_setup.zsh'
[0.422s] INFO:colcon.colcon_core.shell:Creating prefix chain script '/home/vkommera/Documents/Triton Robotics/TR-Autonomy-0.5-TheOutcastVirus/install/setup.zsh'
