[0.007s] Invoking command in '/home/vkommera/Documents/Triton Robotics/TR-Autonomy-0.5-TheOutcastVirus/build/turtlesim': CMAKE_PREFIX_PATH=/opt/ros/humble /usr/bin/cmake /home/vkommera/Documents/Triton Robotics/TR-Autonomy-0.5-TheOutcastVirus/src/ros_tutorials/turtlesim -DCMAKE_INSTALL_PREFIX=/home/vkommera/Documents/Triton Robotics/TR-Autonomy-0.5-TheOutcastVirus/install/turtlesim
[0.124s] -- The C compiler identification is GNU 11.4.0
[0.240s] -- The CXX compiler identification is GNU 11.4.0
[0.248s] -- Detecting C compiler ABI info
[0.298s] -- Detecting C compiler ABI info - done
[0.302s] -- Check for working C compiler: /usr/bin/cc - skipped
[0.302s] -- Detecting C compile features
[0.303s] -- Detecting C compile features - done
[0.305s] -- Detecting CXX compiler ABI info
[0.356s] -- Detecting CXX compiler ABI info - done
[0.360s] -- Check for working CXX compiler: /usr/bin/c++ - skipped
[0.360s] -- Detecting CXX compile features
[0.361s] -- Detecting CXX compile features - done
[0.363s] -- Found ament_cmake: 1.3.12 (/opt/ros/humble/share/ament_cmake/cmake)
[0.448s] -- Found Python3: /usr/bin/python3 (found version "3.10.12") found components: Interpreter 
[0.514s] -- Found ament_index_cpp: 1.4.0 (/opt/ros/humble/share/ament_index_cpp/cmake)
[0.516s] -- Found geometry_msgs: 4.9.0 (/opt/ros/humble/share/geometry_msgs/cmake)
[0.548s] -- Found rosidl_generator_c: 3.1.7 (/opt/ros/humble/share/rosidl_generator_c/cmake)
[0.552s] -- Found rosidl_adapter: 3.1.7 (/opt/ros/humble/share/rosidl_adapter/cmake)
[0.560s] -- Found rosidl_generator_cpp: 3.1.7 (/opt/ros/humble/share/rosidl_generator_cpp/cmake)
[0.570s] -- Using all available rosidl_typesupport_c: rosidl_typesupport_fastrtps_c;rosidl_typesupport_introspection_c
[0.583s] -- Using all available rosidl_typesupport_cpp: rosidl_typesupport_fastrtps_cpp;rosidl_typesupport_introspection_cpp
[0.630s] -- Found rclcpp: 16.0.14 (/opt/ros/humble/share/rclcpp/cmake)
[0.661s] -- Found rmw_implementation_cmake: 6.1.2 (/opt/ros/humble/share/rmw_implementation_cmake/cmake)
[0.664s] -- Found rmw_fastrtps_cpp: 6.2.8 (/opt/ros/humble/share/rmw_fastrtps_cpp/cmake)
[0.729s] -- Found OpenSSL: /usr/lib/x86_64-linux-gnu/libcrypto.so (found version "3.0.2")  
[0.745s] -- Found FastRTPS: /opt/ros/humble/include  
[0.768s] -- Using RMW implementation 'rmw_fastrtps_cpp' as default
[0.776s] -- Looking for pthread.h
[0.830s] -- Looking for pthread.h - found
[0.830s] -- Performing Test CMAKE_HAVE_LIBC_PTHREAD
[0.875s] -- Performing Test CMAKE_HAVE_LIBC_PTHREAD - Success
[0.876s] -- Found Threads: TRUE  
[0.906s] -- Found rclcpp_action: 16.0.14 (/opt/ros/humble/share/rclcpp_action/cmake)
[0.933s] -- Found rosidl_default_generators: 1.2.0 (/opt/ros/humble/share/rosidl_default_generators/cmake)
[0.941s] -- Found std_srvs: 4.9.0 (/opt/ros/humble/share/std_srvs/cmake)
[1.104s] -- Found ament_cmake_ros: 0.10.0 (/opt/ros/humble/share/ament_cmake_ros/cmake)
[1.275s] -- Using all available rosidl_typesupport_c: rosidl_typesupport_fastrtps_c;rosidl_typesupport_introspection_c
[1.338s] -- Using all available rosidl_typesupport_cpp: rosidl_typesupport_fastrtps_cpp;rosidl_typesupport_introspection_cpp
[1.350s] -- Found PythonInterp: /usr/bin/python3 (found suitable version "3.10.12", minimum required is "3.6") 
[1.351s] -- Found python_cmake_module: 0.10.0 (/opt/ros/humble/share/python_cmake_module/cmake)
[1.366s] -- Found PythonLibs: /usr/lib/x86_64-linux-gnu/libpython3.10.so (found suitable version "3.10.12", minimum required is "3.5") 
[1.366s] -- Using PYTHON_EXECUTABLE: /usr/bin/python3
[1.366s] -- Using PYTHON_INCLUDE_DIRS: /usr/include/python3.10
[1.366s] -- Using PYTHON_LIBRARIES: /usr/lib/x86_64-linux-gnu/libpython3.10.so
[1.378s] -- Found PythonExtra: .so  
[1.412s] -- Configuring done
[1.451s] -- Generating done
[1.461s] -- Build files have been written to: /home/vkommera/Documents/Triton Robotics/TR-Autonomy-0.5-TheOutcastVirus/build/turtlesim
[1.471s] Invoked command in '/home/vkommera/Documents/Triton Robotics/TR-Autonomy-0.5-TheOutcastVirus/build/turtlesim' returned '0': CMAKE_PREFIX_PATH=/opt/ros/humble /usr/bin/cmake /home/vkommera/Documents/Triton Robotics/TR-Autonomy-0.5-TheOutcastVirus/src/ros_tutorials/turtlesim -DCMAKE_INSTALL_PREFIX=/home/vkommera/Documents/Triton Robotics/TR-Autonomy-0.5-TheOutcastVirus/install/turtlesim
[1.471s] Invoking command in '/home/vkommera/Documents/Triton Robotics/TR-Autonomy-0.5-TheOutcastVirus/build/turtlesim': CMAKE_PREFIX_PATH=/opt/ros/humble /usr/bin/cmake --build /home/vkommera/Documents/Triton Robotics/TR-Autonomy-0.5-TheOutcastVirus/build/turtlesim -- -j16 -l16
[1.498s] [  1%] [34m[1mGenerating C code for ROS interfaces[0m
[1.504s] [  2%] [34m[1mGenerating C++ code for ROS interfaces[0m
[1.508s] [  2%] Built target ament_cmake_python_copy_turtlesim
[1.611s] running egg_info
[1.611s] creating turtlesim.egg-info
[1.611s] writing turtlesim.egg-info/PKG-INFO
[1.611s] writing dependency_links to turtlesim.egg-info/dependency_links.txt
[1.611s] writing top-level names to turtlesim.egg-info/top_level.txt
[1.611s] writing manifest file 'turtlesim.egg-info/SOURCES.txt'
[1.613s] reading manifest file 'turtlesim.egg-info/SOURCES.txt'
[1.613s] writing manifest file 'turtlesim.egg-info/SOURCES.txt'
[1.626s] [  2%] Built target ament_cmake_python_build_turtlesim_egg
[1.920s] [  2%] Built target turtlesim__cpp
[1.927s] [  3%] [34m[1mGenerating C++ type support dispatch for ROS interfaces[0m
[1.927s] [  4%] [34m[1mGenerating C++ introspection for ROS interfaces[0m
[1.927s] [  5%] [34m[1mGenerating C++ type support for eProsima Fast-RTPS[0m
[1.942s] [ 11%] [32mBuilding C object CMakeFiles/turtlesim__rosidl_generator_c.dir/rosidl_generator_c/turtlesim/msg/detail/color__functions.c.o[0m
[1.942s] [ 11%] [32mBuilding C object CMakeFiles/turtlesim__rosidl_generator_c.dir/rosidl_generator_c/turtlesim/srv/detail/kill__functions.c.o[0m
[1.942s] [ 11%] [32mBuilding C object CMakeFiles/turtlesim__rosidl_generator_c.dir/rosidl_generator_c/turtlesim/srv/detail/set_pen__functions.c.o[0m
[1.942s] [ 11%] [32mBuilding C object CMakeFiles/turtlesim__rosidl_generator_c.dir/rosidl_generator_c/turtlesim/srv/detail/spawn__functions.c.o[0m
[1.942s] [ 11%] [32mBuilding C object CMakeFiles/turtlesim__rosidl_generator_c.dir/rosidl_generator_c/turtlesim/msg/detail/pose__functions.c.o[0m
[1.942s] [ 11%] [32mBuilding C object CMakeFiles/turtlesim__rosidl_generator_c.dir/rosidl_generator_c/turtlesim/action/detail/rotate_absolute__functions.c.o[0m
[1.942s] [ 12%] [32mBuilding C object CMakeFiles/turtlesim__rosidl_generator_c.dir/rosidl_generator_c/turtlesim/srv/detail/teleport_absolute__functions.c.o[0m
[1.942s] [ 13%] [32mBuilding C object CMakeFiles/turtlesim__rosidl_generator_c.dir/rosidl_generator_c/turtlesim/srv/detail/teleport_relative__functions.c.o[0m
[2.030s] [ 14%] [32m[1mLinking C shared library libturtlesim__rosidl_generator_c.so[0m
[2.056s] [ 14%] Built target turtlesim__rosidl_generator_c
[2.062s] [ 17%] [34m[1mGenerating C introspection for ROS interfaces[0m
[2.062s] [ 17%] [34m[1mGenerating C type support dispatch for ROS interfaces[0m
[2.062s] [ 17%] [34m[1mGenerating C type support for eProsima Fast-RTPS[0m
[2.185s] [ 19%] [32mBuilding CXX object CMakeFiles/turtlesim__rosidl_typesupport_cpp.dir/rosidl_typesupport_cpp/turtlesim/msg/pose__type_support.cpp.o[0m
[2.186s] [ 19%] [32mBuilding CXX object CMakeFiles/turtlesim__rosidl_typesupport_cpp.dir/rosidl_typesupport_cpp/turtlesim/msg/color__type_support.cpp.o[0m
[2.186s] [ 21%] [32mBuilding CXX object CMakeFiles/turtlesim__rosidl_typesupport_cpp.dir/rosidl_typesupport_cpp/turtlesim/srv/kill__type_support.cpp.o[0m
[2.186s] [ 21%] [32mBuilding CXX object CMakeFiles/turtlesim__rosidl_typesupport_cpp.dir/rosidl_typesupport_cpp/turtlesim/action/rotate_absolute__type_support.cpp.o[0m
[2.186s] [ 22%] [32mBuilding CXX object CMakeFiles/turtlesim__rosidl_typesupport_cpp.dir/rosidl_typesupport_cpp/turtlesim/srv/set_pen__type_support.cpp.o[0m
[2.186s] [ 23%] [32mBuilding CXX object CMakeFiles/turtlesim__rosidl_typesupport_cpp.dir/rosidl_typesupport_cpp/turtlesim/srv/teleport_relative__type_support.cpp.o[0m
[2.186s] [ 24%] [32mBuilding CXX object CMakeFiles/turtlesim__rosidl_typesupport_cpp.dir/rosidl_typesupport_cpp/turtlesim/srv/spawn__type_support.cpp.o[0m
[2.187s] [ 25%] [32mBuilding CXX object CMakeFiles/turtlesim__rosidl_typesupport_cpp.dir/rosidl_typesupport_cpp/turtlesim/srv/teleport_absolute__type_support.cpp.o[0m
[2.263s] [ 29%] [32mBuilding CXX object CMakeFiles/turtlesim__rosidl_typesupport_introspection_cpp.dir/rosidl_typesupport_introspection_cpp/turtlesim/msg/detail/pose__type_support.cpp.o[0m
[2.263s] [ 29%] [32mBuilding CXX object CMakeFiles/turtlesim__rosidl_typesupport_introspection_cpp.dir/rosidl_typesupport_introspection_cpp/turtlesim/srv/detail/kill__type_support.cpp.o[0m
[2.263s] [ 29%] [32mBuilding CXX object CMakeFiles/turtlesim__rosidl_typesupport_introspection_cpp.dir/rosidl_typesupport_introspection_cpp/turtlesim/action/detail/rotate_absolute__type_support.cpp.o[0m
[2.263s] [ 29%] [32mBuilding CXX object CMakeFiles/turtlesim__rosidl_typesupport_introspection_cpp.dir/rosidl_typesupport_introspection_cpp/turtlesim/msg/detail/color__type_support.cpp.o[0m
[2.430s] [ 30%] [32mBuilding CXX object CMakeFiles/turtlesim__rosidl_typesupport_introspection_cpp.dir/rosidl_typesupport_introspection_cpp/turtlesim/srv/detail/spawn__type_support.cpp.o[0m
[2.430s] [ 31%] [32mBuilding CXX object CMakeFiles/turtlesim__rosidl_typesupport_introspection_cpp.dir/rosidl_typesupport_introspection_cpp/turtlesim/srv/detail/set_pen__type_support.cpp.o[0m
[2.434s] [ 32%] [32mBuilding CXX object CMakeFiles/turtlesim__rosidl_typesupport_introspection_cpp.dir/rosidl_typesupport_introspection_cpp/turtlesim/srv/detail/teleport_absolute__type_support.cpp.o[0m
[2.434s] [ 33%] [32mBuilding CXX object CMakeFiles/turtlesim__rosidl_typesupport_c.dir/rosidl_typesupport_c/turtlesim/action/rotate_absolute__type_support.cpp.o[0m
[2.439s] [ 35%] [32mBuilding CXX object CMakeFiles/turtlesim__rosidl_typesupport_c.dir/rosidl_typesupport_c/turtlesim/msg/color__type_support.cpp.o[0m
[2.439s] [ 35%] [32mBuilding CXX object CMakeFiles/turtlesim__rosidl_typesupport_introspection_cpp.dir/rosidl_typesupport_introspection_cpp/turtlesim/srv/detail/teleport_relative__type_support.cpp.o[0m
[2.442s] [ 36%] [32mBuilding CXX object CMakeFiles/turtlesim__rosidl_typesupport_c.dir/rosidl_typesupport_c/turtlesim/msg/pose__type_support.cpp.o[0m
[2.458s] [ 37%] [32mBuilding CXX object CMakeFiles/turtlesim__rosidl_typesupport_c.dir/rosidl_typesupport_c/turtlesim/srv/kill__type_support.cpp.o[0m
[2.472s] [ 38%] [32mBuilding CXX object CMakeFiles/turtlesim__rosidl_typesupport_c.dir/rosidl_typesupport_c/turtlesim/srv/set_pen__type_support.cpp.o[0m
[2.472s] [ 39%] [32mBuilding CXX object CMakeFiles/turtlesim__rosidl_typesupport_c.dir/rosidl_typesupport_c/turtlesim/srv/spawn__type_support.cpp.o[0m
[2.473s] [ 40%] [32mBuilding CXX object CMakeFiles/turtlesim__rosidl_typesupport_fastrtps_cpp.dir/rosidl_typesupport_fastrtps_cpp/turtlesim/action/detail/dds_fastrtps/rotate_absolute__type_support.cpp.o[0m
[2.489s] [ 41%] [32mBuilding CXX object CMakeFiles/turtlesim__rosidl_typesupport_c.dir/rosidl_typesupport_c/turtlesim/srv/teleport_absolute__type_support.cpp.o[0m
[2.489s] [ 42%] [32mBuilding CXX object CMakeFiles/turtlesim__rosidl_typesupport_c.dir/rosidl_typesupport_c/turtlesim/srv/teleport_relative__type_support.cpp.o[0m
[2.503s] [ 43%] [32mBuilding CXX object CMakeFiles/turtlesim__rosidl_typesupport_fastrtps_cpp.dir/rosidl_typesupport_fastrtps_cpp/turtlesim/msg/detail/dds_fastrtps/color__type_support.cpp.o[0m
[2.510s] [ 44%] [32mBuilding CXX object CMakeFiles/turtlesim__rosidl_typesupport_fastrtps_cpp.dir/rosidl_typesupport_fastrtps_cpp/turtlesim/msg/detail/dds_fastrtps/pose__type_support.cpp.o[0m
[2.519s] [ 45%] [32m[1mLinking CXX shared library libturtlesim__rosidl_typesupport_c.so[0m
[2.532s] [ 46%] [32mBuilding CXX object CMakeFiles/turtlesim__rosidl_typesupport_fastrtps_cpp.dir/rosidl_typesupport_fastrtps_cpp/turtlesim/srv/detail/dds_fastrtps/kill__type_support.cpp.o[0m
[2.562s] [ 46%] Built target turtlesim__rosidl_typesupport_c
[2.563s] [ 47%] [32mBuilding CXX object CMakeFiles/turtlesim__rosidl_typesupport_fastrtps_cpp.dir/rosidl_typesupport_fastrtps_cpp/turtlesim/srv/detail/dds_fastrtps/set_pen__type_support.cpp.o[0m
[2.571s] [ 48%] [32mBuilding CXX object CMakeFiles/turtlesim__rosidl_typesupport_fastrtps_cpp.dir/rosidl_typesupport_fastrtps_cpp/turtlesim/srv/detail/dds_fastrtps/spawn__type_support.cpp.o[0m
[2.578s] [ 49%] [32mBuilding CXX object CMakeFiles/turtlesim__rosidl_typesupport_fastrtps_cpp.dir/rosidl_typesupport_fastrtps_cpp/turtlesim/srv/detail/dds_fastrtps/teleport_absolute__type_support.cpp.o[0m
[2.605s] [ 50%] [32mBuilding CXX object CMakeFiles/turtlesim__rosidl_typesupport_fastrtps_cpp.dir/rosidl_typesupport_fastrtps_cpp/turtlesim/srv/detail/dds_fastrtps/teleport_relative__type_support.cpp.o[0m
[2.627s] [ 52%] [32m[1mLinking CXX shared library libturtlesim__rosidl_typesupport_cpp.so[0m
[2.628s] [ 52%] [32mBuilding C object CMakeFiles/turtlesim__rosidl_typesupport_introspection_c.dir/rosidl_typesupport_introspection_c/turtlesim/action/detail/rotate_absolute__type_support.c.o[0m
[2.661s] [ 53%] [32mBuilding CXX object CMakeFiles/turtlesim__rosidl_typesupport_fastrtps_c.dir/rosidl_typesupport_fastrtps_c/turtlesim/action/detail/rotate_absolute__type_support_c.cpp.o[0m
[2.683s] [ 54%] [32mBuilding C object CMakeFiles/turtlesim__rosidl_typesupport_introspection_c.dir/rosidl_typesupport_introspection_c/turtlesim/msg/detail/color__type_support.c.o[0m
[2.696s] [ 54%] Built target turtlesim__rosidl_typesupport_cpp
[2.711s] [ 55%] [32mBuilding C object CMakeFiles/turtlesim__rosidl_typesupport_introspection_c.dir/rosidl_typesupport_introspection_c/turtlesim/msg/detail/pose__type_support.c.o[0m
[2.717s] [ 56%] [34m[1mGenerating include/turtlesim/moc_turtle_frame.cpp[0m
[2.726s] [ 57%] [32mBuilding C object CMakeFiles/turtlesim__rosidl_typesupport_introspection_c.dir/rosidl_typesupport_introspection_c/turtlesim/srv/detail/kill__type_support.c.o[0m
[2.729s] [ 58%] [32mBuilding CXX object CMakeFiles/turtlesim__rosidl_typesupport_fastrtps_c.dir/rosidl_typesupport_fastrtps_c/turtlesim/msg/detail/color__type_support_c.cpp.o[0m
[2.729s] [ 59%] [32mBuilding CXX object CMakeFiles/turtle_teleop_key.dir/tutorials/teleop_turtle_key.cpp.o[0m
[2.741s] [ 60%] [32mBuilding CXX object CMakeFiles/draw_square.dir/tutorials/draw_square.cpp.o[0m
[2.752s] [ 61%] [32m[1mLinking CXX shared library libturtlesim__rosidl_typesupport_introspection_cpp.so[0m
[2.761s] [ 62%] [32mBuilding CXX object CMakeFiles/mimic.dir/tutorials/mimic.cpp.o[0m
[2.764s] [ 63%] [32mBuilding C object CMakeFiles/turtlesim__rosidl_typesupport_introspection_c.dir/rosidl_typesupport_introspection_c/turtlesim/srv/detail/set_pen__type_support.c.o[0m
[2.802s] [ 64%] [32mBuilding C object CMakeFiles/turtlesim__rosidl_typesupport_introspection_c.dir/rosidl_typesupport_introspection_c/turtlesim/srv/detail/spawn__type_support.c.o[0m
[2.820s] [ 65%] [32mBuilding C object CMakeFiles/turtlesim__rosidl_typesupport_introspection_c.dir/rosidl_typesupport_introspection_c/turtlesim/srv/detail/teleport_absolute__type_support.c.o[0m
[2.830s] [ 66%] [32mBuilding CXX object CMakeFiles/turtlesim__rosidl_typesupport_fastrtps_c.dir/rosidl_typesupport_fastrtps_c/turtlesim/msg/detail/pose__type_support_c.cpp.o[0m
[2.841s] [ 67%] [32mBuilding CXX object CMakeFiles/turtlesim__rosidl_typesupport_fastrtps_c.dir/rosidl_typesupport_fastrtps_c/turtlesim/srv/detail/kill__type_support_c.cpp.o[0m
[2.844s] [ 67%] Built target turtlesim__rosidl_typesupport_introspection_cpp
[2.854s] [ 68%] [32mBuilding CXX object CMakeFiles/turtlesim__rosidl_typesupport_fastrtps_c.dir/rosidl_typesupport_fastrtps_c/turtlesim/srv/detail/set_pen__type_support_c.cpp.o[0m
[2.855s] [ 69%] [32mBuilding C object CMakeFiles/turtlesim__rosidl_typesupport_introspection_c.dir/rosidl_typesupport_introspection_c/turtlesim/srv/detail/teleport_relative__type_support.c.o[0m
[2.863s] [ 70%] [32mBuilding CXX object CMakeFiles/turtlesim_node.dir/src/turtlesim.cpp.o[0m
[2.863s] [ 71%] [32mBuilding CXX object CMakeFiles/turtlesim__rosidl_typesupport_fastrtps_c.dir/rosidl_typesupport_fastrtps_c/turtlesim/srv/detail/spawn__type_support_c.cpp.o[0m
[2.886s] [ 72%] [32m[1mLinking C shared library libturtlesim__rosidl_typesupport_introspection_c.so[0m
[2.898s] [ 73%] [32mBuilding CXX object CMakeFiles/turtlesim__rosidl_typesupport_fastrtps_c.dir/rosidl_typesupport_fastrtps_c/turtlesim/srv/detail/teleport_absolute__type_support_c.cpp.o[0m
[2.900s] [ 74%] [32mBuilding CXX object CMakeFiles/turtlesim_node.dir/src/turtle.cpp.o[0m
[2.906s] [ 75%] [32mBuilding CXX object CMakeFiles/turtlesim_node.dir/src/turtle_frame.cpp.o[0m
[2.920s] [ 75%] Built target turtlesim__rosidl_typesupport_introspection_c
[2.928s] [ 76%] [32mBuilding CXX object CMakeFiles/turtlesim__rosidl_typesupport_fastrtps_c.dir/rosidl_typesupport_fastrtps_c/turtlesim/srv/detail/teleport_relative__type_support_c.cpp.o[0m
[2.935s] [ 77%] [32mBuilding CXX object CMakeFiles/turtlesim_node.dir/include/turtlesim/moc_turtle_frame.cpp.o[0m
[2.959s] [ 78%] [32m[1mLinking CXX shared library libturtlesim__rosidl_typesupport_fastrtps_cpp.so[0m
[3.027s] [ 78%] Built target turtlesim__rosidl_typesupport_fastrtps_cpp
[3.165s] [ 79%] [32m[1mLinking CXX shared library libturtlesim__rosidl_typesupport_fastrtps_c.so[0m
[3.211s] [ 79%] Built target turtlesim__rosidl_typesupport_fastrtps_c
[3.224s] [ 79%] Built target turtlesim
[3.238s] [ 80%] [34m[1mGenerating Python code for ROS interfaces[0m
[4.075s] [ 80%] Built target turtlesim__py
[4.089s] [ 84%] [32mBuilding C object CMakeFiles/turtlesim__rosidl_generator_py.dir/rosidl_generator_py/turtlesim/msg/_pose_s.c.o[0m
[4.089s] [ 84%] [32mBuilding C object CMakeFiles/turtlesim__rosidl_generator_py.dir/rosidl_generator_py/turtlesim/srv/_kill_s.c.o[0m
[4.089s] [ 84%] [32mBuilding C object CMakeFiles/turtlesim__rosidl_generator_py.dir/rosidl_generator_py/turtlesim/action/_rotate_absolute_s.c.o[0m
[4.089s] [ 84%] [32mBuilding C object CMakeFiles/turtlesim__rosidl_generator_py.dir/rosidl_generator_py/turtlesim/srv/_spawn_s.c.o[0m
[4.089s] [ 87%] [32mBuilding C object CMakeFiles/turtlesim__rosidl_generator_py.dir/rosidl_generator_py/turtlesim/srv/_teleport_absolute_s.c.o[0m
[4.089s] [ 87%] [32mBuilding C object CMakeFiles/turtlesim__rosidl_generator_py.dir/rosidl_generator_py/turtlesim/srv/_set_pen_s.c.o[0m
[4.089s] [ 87%] [32mBuilding C object CMakeFiles/turtlesim__rosidl_generator_py.dir/rosidl_generator_py/turtlesim/msg/_color_s.c.o[0m
[4.089s] [ 88%] [32mBuilding C object CMakeFiles/turtlesim__rosidl_generator_py.dir/rosidl_generator_py/turtlesim/srv/_teleport_relative_s.c.o[0m
[4.212s] [ 89%] [32m[1mLinking C shared library rosidl_generator_py/turtlesim/libturtlesim__rosidl_generator_py.so[0m
[4.242s] [ 89%] Built target turtlesim__rosidl_generator_py
[4.257s] [ 92%] [32mBuilding C object CMakeFiles/turtlesim__rosidl_typesupport_fastrtps_c__pyext.dir/rosidl_generator_py/turtlesim/_turtlesim_s.ep.rosidl_typesupport_fastrtps_c.c.o[0m
[4.258s] [ 92%] [32mBuilding C object CMakeFiles/turtlesim__rosidl_typesupport_introspection_c__pyext.dir/rosidl_generator_py/turtlesim/_turtlesim_s.ep.rosidl_typesupport_introspection_c.c.o[0m
[4.258s] [ 92%] [32mBuilding C object CMakeFiles/turtlesim__rosidl_typesupport_c__pyext.dir/rosidl_generator_py/turtlesim/_turtlesim_s.ep.rosidl_typesupport_c.c.o[0m
[4.349s] [ 93%] [32m[1mLinking C shared library rosidl_generator_py/turtlesim/turtlesim_s__rosidl_typesupport_introspection_c.cpython-310-x86_64-linux-gnu.so[0m
[4.376s] [ 94%] [32m[1mLinking C shared library rosidl_generator_py/turtlesim/turtlesim_s__rosidl_typesupport_c.cpython-310-x86_64-linux-gnu.so[0m
[4.376s] [ 94%] Built target turtlesim__rosidl_typesupport_introspection_c__pyext
[4.388s] [ 95%] [32m[1mLinking C shared library rosidl_generator_py/turtlesim/turtlesim_s__rosidl_typesupport_fastrtps_c.cpython-310-x86_64-linux-gnu.so[0m
[4.403s] [ 95%] Built target turtlesim__rosidl_typesupport_c__pyext
[4.416s] [ 95%] Built target turtlesim__rosidl_typesupport_fastrtps_c__pyext
[6.383s] [ 96%] [32m[1mLinking CXX executable turtle_teleop_key[0m
[6.544s] [ 96%] Built target turtle_teleop_key
[7.814s] [ 97%] [32m[1mLinking CXX executable mimic[0m
[8.028s] [ 97%] Built target mimic
[8.161s] [ 98%] [32m[1mLinking CXX executable draw_square[0m
[8.395s] [ 98%] Built target draw_square
[9.975s] [100%] [32m[1mLinking CXX executable turtlesim_node[0m
[11.011s] [100%] Built target turtlesim_node
[11.019s] Invoked command in '/home/vkommera/Documents/Triton Robotics/TR-Autonomy-0.5-TheOutcastVirus/build/turtlesim' returned '0': CMAKE_PREFIX_PATH=/opt/ros/humble /usr/bin/cmake --build /home/vkommera/Documents/Triton Robotics/TR-Autonomy-0.5-TheOutcastVirus/build/turtlesim -- -j16 -l16
[11.024s] Invoking command in '/home/vkommera/Documents/Triton Robotics/TR-Autonomy-0.5-TheOutcastVirus/build/turtlesim': CMAKE_PREFIX_PATH=/opt/ros/humble /usr/bin/cmake --install /home/vkommera/Documents/Triton Robotics/TR-Autonomy-0.5-TheOutcastVirus/build/turtlesim
[11.029s] -- Install configuration: ""
[11.029s] -- Installing: /home/vkommera/Documents/Triton Robotics/TR-Autonomy-0.5-TheOutcastVirus/install/turtlesim/share/ament_index/resource_index/rosidl_interfaces/turtlesim
[11.029s] -- Installing: /home/vkommera/Documents/Triton Robotics/TR-Autonomy-0.5-TheOutcastVirus/install/turtlesim/include/turtlesim/turtlesim
[11.029s] -- Installing: /home/vkommera/Documents/Triton Robotics/TR-Autonomy-0.5-TheOutcastVirus/install/turtlesim/include/turtlesim/turtlesim/msg
[11.029s] -- Installing: /home/vkommera/Documents/Triton Robotics/TR-Autonomy-0.5-TheOutcastVirus/install/turtlesim/include/turtlesim/turtlesim/msg/rosidl_generator_c__visibility_control.h
[11.029s] -- Installing: /home/vkommera/Documents/Triton Robotics/TR-Autonomy-0.5-TheOutcastVirus/install/turtlesim/include/turtlesim/turtlesim/msg/color.h
[11.029s] -- Installing: /home/vkommera/Documents/Triton Robotics/TR-Autonomy-0.5-TheOutcastVirus/install/turtlesim/include/turtlesim/turtlesim/msg/detail
[11.029s] -- Installing: /home/vkommera/Documents/Triton Robotics/TR-Autonomy-0.5-TheOutcastVirus/install/turtlesim/include/turtlesim/turtlesim/msg/detail/color__struct.h
[11.029s] -- Installing: /home/vkommera/Documents/Triton Robotics/TR-Autonomy-0.5-TheOutcastVirus/install/turtlesim/include/turtlesim/turtlesim/msg/detail/color__functions.h
[11.029s] -- Installing: /home/vkommera/Documents/Triton Robotics/TR-Autonomy-0.5-TheOutcastVirus/install/turtlesim/include/turtlesim/turtlesim/msg/detail/color__type_support.h
[11.029s] -- Installing: /home/vkommera/Documents/Triton Robotics/TR-Autonomy-0.5-TheOutcastVirus/install/turtlesim/include/turtlesim/turtlesim/msg/detail/pose__functions.h
[11.029s] -- Installing: /home/vkommera/Documents/Triton Robotics/TR-Autonomy-0.5-TheOutcastVirus/install/turtlesim/include/turtlesim/turtlesim/msg/detail/pose__type_support.h
[11.029s] -- Installing: /home/vkommera/Documents/Triton Robotics/TR-Autonomy-0.5-TheOutcastVirus/install/turtlesim/include/turtlesim/turtlesim/msg/detail/pose__functions.c
[11.029s] -- Installing: /home/vkommera/Documents/Triton Robotics/TR-Autonomy-0.5-TheOutcastVirus/install/turtlesim/include/turtlesim/turtlesim/msg/detail/color__functions.c
[11.030s] -- Installing: /home/vkommera/Documents/Triton Robotics/TR-Autonomy-0.5-TheOutcastVirus/install/turtlesim/include/turtlesim/turtlesim/msg/detail/pose__struct.h
[11.030s] -- Installing: /home/vkommera/Documents/Triton Robotics/TR-Autonomy-0.5-TheOutcastVirus/install/turtlesim/include/turtlesim/turtlesim/msg/pose.h
[11.030s] -- Installing: /home/vkommera/Documents/Triton Robotics/TR-Autonomy-0.5-TheOutcastVirus/install/turtlesim/include/turtlesim/turtlesim/srv
[11.030s] -- Installing: /home/vkommera/Documents/Triton Robotics/TR-Autonomy-0.5-TheOutcastVirus/install/turtlesim/include/turtlesim/turtlesim/srv/kill.h
[11.030s] -- Installing: /home/vkommera/Documents/Triton Robotics/TR-Autonomy-0.5-TheOutcastVirus/install/turtlesim/include/turtlesim/turtlesim/srv/spawn.h
[11.030s] -- Installing: /home/vkommera/Documents/Triton Robotics/TR-Autonomy-0.5-TheOutcastVirus/install/turtlesim/include/turtlesim/turtlesim/srv/set_pen.h
[11.030s] -- Installing: /home/vkommera/Documents/Triton Robotics/TR-Autonomy-0.5-TheOutcastVirus/install/turtlesim/include/turtlesim/turtlesim/srv/detail
[11.030s] -- Installing: /home/vkommera/Documents/Triton Robotics/TR-Autonomy-0.5-TheOutcastVirus/install/turtlesim/include/turtlesim/turtlesim/srv/detail/teleport_relative__functions.c
[11.030s] -- Installing: /home/vkommera/Documents/Triton Robotics/TR-Autonomy-0.5-TheOutcastVirus/install/turtlesim/include/turtlesim/turtlesim/srv/detail/spawn__struct.h
[11.030s] -- Installing: /home/vkommera/Documents/Triton Robotics/TR-Autonomy-0.5-TheOutcastVirus/install/turtlesim/include/turtlesim/turtlesim/srv/detail/spawn__functions.c
[11.030s] -- Installing: /home/vkommera/Documents/Triton Robotics/TR-Autonomy-0.5-TheOutcastVirus/install/turtlesim/include/turtlesim/turtlesim/srv/detail/set_pen__functions.c
[11.030s] -- Installing: /home/vkommera/Documents/Triton Robotics/TR-Autonomy-0.5-TheOutcastVirus/install/turtlesim/include/turtlesim/turtlesim/srv/detail/spawn__functions.h
[11.030s] -- Installing: /home/vkommera/Documents/Triton Robotics/TR-Autonomy-0.5-TheOutcastVirus/install/turtlesim/include/turtlesim/turtlesim/srv/detail/kill__struct.h
[11.030s] -- Installing: /home/vkommera/Documents/Triton Robotics/TR-Autonomy-0.5-TheOutcastVirus/install/turtlesim/include/turtlesim/turtlesim/srv/detail/set_pen__functions.h
[11.031s] -- Installing: /home/vkommera/Documents/Triton Robotics/TR-Autonomy-0.5-TheOutcastVirus/install/turtlesim/include/turtlesim/turtlesim/srv/detail/teleport_absolute__functions.h
[11.031s] -- Installing: /home/vkommera/Documents/Triton Robotics/TR-Autonomy-0.5-TheOutcastVirus/install/turtlesim/include/turtlesim/turtlesim/srv/detail/teleport_absolute__functions.c
[11.031s] -- Installing: /home/vkommera/Documents/Triton Robotics/TR-Autonomy-0.5-TheOutcastVirus/install/turtlesim/include/turtlesim/turtlesim/srv/detail/teleport_relative__type_support.h
[11.031s] -- Installing: /home/vkommera/Documents/Triton Robotics/TR-Autonomy-0.5-TheOutcastVirus/install/turtlesim/include/turtlesim/turtlesim/srv/detail/teleport_relative__struct.h
[11.031s] -- Installing: /home/vkommera/Documents/Triton Robotics/TR-Autonomy-0.5-TheOutcastVirus/install/turtlesim/include/turtlesim/turtlesim/srv/detail/kill__functions.c
[11.031s] -- Installing: /home/vkommera/Documents/Triton Robotics/TR-Autonomy-0.5-TheOutcastVirus/install/turtlesim/include/turtlesim/turtlesim/srv/detail/set_pen__type_support.h
[11.031s] -- Installing: /home/vkommera/Documents/Triton Robotics/TR-Autonomy-0.5-TheOutcastVirus/install/turtlesim/include/turtlesim/turtlesim/srv/detail/spawn__type_support.h
[11.031s] -- Installing: /home/vkommera/Documents/Triton Robotics/TR-Autonomy-0.5-TheOutcastVirus/install/turtlesim/include/turtlesim/turtlesim/srv/detail/teleport_absolute__type_support.h
[11.031s] -- Installing: /home/vkommera/Documents/Triton Robotics/TR-Autonomy-0.5-TheOutcastVirus/install/turtlesim/include/turtlesim/turtlesim/srv/detail/teleport_relative__functions.h
[11.031s] -- Installing: /home/vkommera/Documents/Triton Robotics/TR-Autonomy-0.5-TheOutcastVirus/install/turtlesim/include/turtlesim/turtlesim/srv/detail/kill__functions.h
[11.031s] -- Installing: /home/vkommera/Documents/Triton Robotics/TR-Autonomy-0.5-TheOutcastVirus/install/turtlesim/include/turtlesim/turtlesim/srv/detail/teleport_absolute__struct.h
[11.031s] -- Installing: /home/vkommera/Documents/Triton Robotics/TR-Autonomy-0.5-TheOutcastVirus/install/turtlesim/include/turtlesim/turtlesim/srv/detail/set_pen__struct.h
[11.031s] -- Installing: /home/vkommera/Documents/Triton Robotics/TR-Autonomy-0.5-TheOutcastVirus/install/turtlesim/include/turtlesim/turtlesim/srv/detail/kill__type_support.h
[11.031s] -- Installing: /home/vkommera/Documents/Triton Robotics/TR-Autonomy-0.5-TheOutcastVirus/install/turtlesim/include/turtlesim/turtlesim/srv/teleport_relative.h
[11.032s] -- Installing: /home/vkommera/Documents/Triton Robotics/TR-Autonomy-0.5-TheOutcastVirus/install/turtlesim/include/turtlesim/turtlesim/srv/teleport_absolute.h
[11.032s] -- Installing: /home/vkommera/Documents/Triton Robotics/TR-Autonomy-0.5-TheOutcastVirus/install/turtlesim/include/turtlesim/turtlesim/action
[11.032s] -- Installing: /home/vkommera/Documents/Triton Robotics/TR-Autonomy-0.5-TheOutcastVirus/install/turtlesim/include/turtlesim/turtlesim/action/rotate_absolute.h
[11.032s] -- Installing: /home/vkommera/Documents/Triton Robotics/TR-Autonomy-0.5-TheOutcastVirus/install/turtlesim/include/turtlesim/turtlesim/action/detail
[11.032s] -- Installing: /home/vkommera/Documents/Triton Robotics/TR-Autonomy-0.5-TheOutcastVirus/install/turtlesim/include/turtlesim/turtlesim/action/detail/rotate_absolute__type_support.h
[11.032s] -- Installing: /home/vkommera/Documents/Triton Robotics/TR-Autonomy-0.5-TheOutcastVirus/install/turtlesim/include/turtlesim/turtlesim/action/detail/rotate_absolute__struct.h
[11.032s] -- Installing: /home/vkommera/Documents/Triton Robotics/TR-Autonomy-0.5-TheOutcastVirus/install/turtlesim/include/turtlesim/turtlesim/action/detail/rotate_absolute__functions.c
[11.032s] -- Installing: /home/vkommera/Documents/Triton Robotics/TR-Autonomy-0.5-TheOutcastVirus/install/turtlesim/include/turtlesim/turtlesim/action/detail/rotate_absolute__functions.h
[11.032s] -- Installing: /home/vkommera/Documents/Triton Robotics/TR-Autonomy-0.5-TheOutcastVirus/install/turtlesim/share/turtlesim/environment/library_path.sh
[11.032s] -- Installing: /home/vkommera/Documents/Triton Robotics/TR-Autonomy-0.5-TheOutcastVirus/install/turtlesim/share/turtlesim/environment/library_path.dsv
[11.032s] -- Installing: /home/vkommera/Documents/Triton Robotics/TR-Autonomy-0.5-TheOutcastVirus/install/turtlesim/lib/libturtlesim__rosidl_generator_c.so
[11.033s] -- Set runtime path of "/home/vkommera/Documents/Triton Robotics/TR-Autonomy-0.5-TheOutcastVirus/install/turtlesim/lib/libturtlesim__rosidl_generator_c.so" to ""
[11.033s] -- Up-to-date: /home/vkommera/Documents/Triton Robotics/TR-Autonomy-0.5-TheOutcastVirus/install/turtlesim/include/turtlesim/turtlesim
[11.033s] -- Up-to-date: /home/vkommera/Documents/Triton Robotics/TR-Autonomy-0.5-TheOutcastVirus/install/turtlesim/include/turtlesim/turtlesim/msg
[11.033s] -- Up-to-date: /home/vkommera/Documents/Triton Robotics/TR-Autonomy-0.5-TheOutcastVirus/install/turtlesim/include/turtlesim/turtlesim/msg/detail
[11.033s] -- Installing: /home/vkommera/Documents/Triton Robotics/TR-Autonomy-0.5-TheOutcastVirus/install/turtlesim/include/turtlesim/turtlesim/msg/detail/color__rosidl_typesupport_fastrtps_c.h
[11.033s] -- Installing: /home/vkommera/Documents/Triton Robotics/TR-Autonomy-0.5-TheOutcastVirus/install/turtlesim/include/turtlesim/turtlesim/msg/detail/pose__rosidl_typesupport_fastrtps_c.h
[11.033s] -- Installing: /home/vkommera/Documents/Triton Robotics/TR-Autonomy-0.5-TheOutcastVirus/install/turtlesim/include/turtlesim/turtlesim/msg/rosidl_typesupport_fastrtps_c__visibility_control.h
[11.033s] -- Up-to-date: /home/vkommera/Documents/Triton Robotics/TR-Autonomy-0.5-TheOutcastVirus/install/turtlesim/include/turtlesim/turtlesim/srv
[11.033s] -- Up-to-date: /home/vkommera/Documents/Triton Robotics/TR-Autonomy-0.5-TheOutcastVirus/install/turtlesim/include/turtlesim/turtlesim/srv/detail
[11.033s] -- Installing: /home/vkommera/Documents/Triton Robotics/TR-Autonomy-0.5-TheOutcastVirus/install/turtlesim/include/turtlesim/turtlesim/srv/detail/spawn__rosidl_typesupport_fastrtps_c.h
[11.033s] -- Installing: /home/vkommera/Documents/Triton Robotics/TR-Autonomy-0.5-TheOutcastVirus/install/turtlesim/include/turtlesim/turtlesim/srv/detail/set_pen__rosidl_typesupport_fastrtps_c.h
[11.033s] -- Installing: /home/vkommera/Documents/Triton Robotics/TR-Autonomy-0.5-TheOutcastVirus/install/turtlesim/include/turtlesim/turtlesim/srv/detail/teleport_absolute__rosidl_typesupport_fastrtps_c.h
[11.033s] -- Installing: /home/vkommera/Documents/Triton Robotics/TR-Autonomy-0.5-TheOutcastVirus/install/turtlesim/include/turtlesim/turtlesim/srv/detail/teleport_relative__rosidl_typesupport_fastrtps_c.h
[11.033s] -- Installing: /home/vkommera/Documents/Triton Robotics/TR-Autonomy-0.5-TheOutcastVirus/install/turtlesim/include/turtlesim/turtlesim/srv/detail/kill__rosidl_typesupport_fastrtps_c.h
[11.033s] -- Up-to-date: /home/vkommera/Documents/Triton Robotics/TR-Autonomy-0.5-TheOutcastVirus/install/turtlesim/include/turtlesim/turtlesim/action
[11.033s] -- Up-to-date: /home/vkommera/Documents/Triton Robotics/TR-Autonomy-0.5-TheOutcastVirus/install/turtlesim/include/turtlesim/turtlesim/action/detail
[11.033s] -- Installing: /home/vkommera/Documents/Triton Robotics/TR-Autonomy-0.5-TheOutcastVirus/install/turtlesim/include/turtlesim/turtlesim/action/detail/rotate_absolute__rosidl_typesupport_fastrtps_c.h
[11.034s] -- Installing: /home/vkommera/Documents/Triton Robotics/TR-Autonomy-0.5-TheOutcastVirus/install/turtlesim/lib/libturtlesim__rosidl_typesupport_fastrtps_c.so
[11.034s] -- Set runtime path of "/home/vkommera/Documents/Triton Robotics/TR-Autonomy-0.5-TheOutcastVirus/install/turtlesim/lib/libturtlesim__rosidl_typesupport_fastrtps_c.so" to ""
[11.034s] -- Up-to-date: /home/vkommera/Documents/Triton Robotics/TR-Autonomy-0.5-TheOutcastVirus/install/turtlesim/include/turtlesim/turtlesim
[11.034s] -- Up-to-date: /home/vkommera/Documents/Triton Robotics/TR-Autonomy-0.5-TheOutcastVirus/install/turtlesim/include/turtlesim/turtlesim/msg
[11.034s] -- Installing: /home/vkommera/Documents/Triton Robotics/TR-Autonomy-0.5-TheOutcastVirus/install/turtlesim/include/turtlesim/turtlesim/msg/rosidl_generator_cpp__visibility_control.hpp
[11.034s] -- Up-to-date: /home/vkommera/Documents/Triton Robotics/TR-Autonomy-0.5-TheOutcastVirus/install/turtlesim/include/turtlesim/turtlesim/msg/detail
[11.034s] -- Installing: /home/vkommera/Documents/Triton Robotics/TR-Autonomy-0.5-TheOutcastVirus/install/turtlesim/include/turtlesim/turtlesim/msg/detail/pose__struct.hpp
[11.034s] -- Installing: /home/vkommera/Documents/Triton Robotics/TR-Autonomy-0.5-TheOutcastVirus/install/turtlesim/include/turtlesim/turtlesim/msg/detail/color__type_support.hpp
[11.034s] -- Installing: /home/vkommera/Documents/Triton Robotics/TR-Autonomy-0.5-TheOutcastVirus/install/turtlesim/include/turtlesim/turtlesim/msg/detail/color__builder.hpp
[11.034s] -- Installing: /home/vkommera/Documents/Triton Robotics/TR-Autonomy-0.5-TheOutcastVirus/install/turtlesim/include/turtlesim/turtlesim/msg/detail/pose__traits.hpp
[11.034s] -- Installing: /home/vkommera/Documents/Triton Robotics/TR-Autonomy-0.5-TheOutcastVirus/install/turtlesim/include/turtlesim/turtlesim/msg/detail/pose__builder.hpp
[11.034s] -- Installing: /home/vkommera/Documents/Triton Robotics/TR-Autonomy-0.5-TheOutcastVirus/install/turtlesim/include/turtlesim/turtlesim/msg/detail/color__traits.hpp
[11.034s] -- Installing: /home/vkommera/Documents/Triton Robotics/TR-Autonomy-0.5-TheOutcastVirus/install/turtlesim/include/turtlesim/turtlesim/msg/detail/pose__type_support.hpp
[11.034s] -- Installing: /home/vkommera/Documents/Triton Robotics/TR-Autonomy-0.5-TheOutcastVirus/install/turtlesim/include/turtlesim/turtlesim/msg/detail/color__struct.hpp
[11.035s] -- Installing: /home/vkommera/Documents/Triton Robotics/TR-Autonomy-0.5-TheOutcastVirus/install/turtlesim/include/turtlesim/turtlesim/msg/color.hpp
[11.035s] -- Installing: /home/vkommera/Documents/Triton Robotics/TR-Autonomy-0.5-TheOutcastVirus/install/turtlesim/include/turtlesim/turtlesim/msg/pose.hpp
[11.035s] -- Up-to-date: /home/vkommera/Documents/Triton Robotics/TR-Autonomy-0.5-TheOutcastVirus/install/turtlesim/include/turtlesim/turtlesim/srv
[11.035s] -- Installing: /home/vkommera/Documents/Triton Robotics/TR-Autonomy-0.5-TheOutcastVirus/install/turtlesim/include/turtlesim/turtlesim/srv/kill.hpp
[11.035s] -- Installing: /home/vkommera/Documents/Triton Robotics/TR-Autonomy-0.5-TheOutcastVirus/install/turtlesim/include/turtlesim/turtlesim/srv/teleport_relative.hpp
[11.035s] -- Installing: /home/vkommera/Documents/Triton Robotics/TR-Autonomy-0.5-TheOutcastVirus/install/turtlesim/include/turtlesim/turtlesim/srv/spawn.hpp
[11.035s] -- Up-to-date: /home/vkommera/Documents/Triton Robotics/TR-Autonomy-0.5-TheOutcastVirus/install/turtlesim/include/turtlesim/turtlesim/srv/detail
[11.035s] -- Installing: /home/vkommera/Documents/Triton Robotics/TR-Autonomy-0.5-TheOutcastVirus/install/turtlesim/include/turtlesim/turtlesim/srv/detail/kill__type_support.hpp
[11.035s] -- Installing: /home/vkommera/Documents/Triton Robotics/TR-Autonomy-0.5-TheOutcastVirus/install/turtlesim/include/turtlesim/turtlesim/srv/detail/spawn__struct.hpp
[11.035s] -- Installing: /home/vkommera/Documents/Triton Robotics/TR-Autonomy-0.5-TheOutcastVirus/install/turtlesim/include/turtlesim/turtlesim/srv/detail/teleport_relative__traits.hpp
[11.035s] -- Installing: /home/vkommera/Documents/Triton Robotics/TR-Autonomy-0.5-TheOutcastVirus/install/turtlesim/include/turtlesim/turtlesim/srv/detail/teleport_relative__type_support.hpp
[11.035s] -- Installing: /home/vkommera/Documents/Triton Robotics/TR-Autonomy-0.5-TheOutcastVirus/install/turtlesim/include/turtlesim/turtlesim/srv/detail/teleport_absolute__builder.hpp
[11.035s] -- Installing: /home/vkommera/Documents/Triton Robotics/TR-Autonomy-0.5-TheOutcastVirus/install/turtlesim/include/turtlesim/turtlesim/srv/detail/set_pen__type_support.hpp
[11.035s] -- Installing: /home/vkommera/Documents/Triton Robotics/TR-Autonomy-0.5-TheOutcastVirus/install/turtlesim/include/turtlesim/turtlesim/srv/detail/teleport_absolute__type_support.hpp
[11.035s] -- Installing: /home/vkommera/Documents/Triton Robotics/TR-Autonomy-0.5-TheOutcastVirus/install/turtlesim/include/turtlesim/turtlesim/srv/detail/teleport_absolute__traits.hpp
[11.035s] -- Installing: /home/vkommera/Documents/Triton Robotics/TR-Autonomy-0.5-TheOutcastVirus/install/turtlesim/include/turtlesim/turtlesim/srv/detail/set_pen__traits.hpp
[11.036s] -- Installing: /home/vkommera/Documents/Triton Robotics/TR-Autonomy-0.5-TheOutcastVirus/install/turtlesim/include/turtlesim/turtlesim/srv/detail/kill__struct.hpp
[11.036s] -- Installing: /home/vkommera/Documents/Triton Robotics/TR-Autonomy-0.5-TheOutcastVirus/install/turtlesim/include/turtlesim/turtlesim/srv/detail/kill__traits.hpp
[11.036s] -- Installing: /home/vkommera/Documents/Triton Robotics/TR-Autonomy-0.5-TheOutcastVirus/install/turtlesim/include/turtlesim/turtlesim/srv/detail/teleport_relative__struct.hpp
[11.036s] -- Installing: /home/vkommera/Documents/Triton Robotics/TR-Autonomy-0.5-TheOutcastVirus/install/turtlesim/include/turtlesim/turtlesim/srv/detail/teleport_relative__builder.hpp
[11.036s] -- Installing: /home/vkommera/Documents/Triton Robotics/TR-Autonomy-0.5-TheOutcastVirus/install/turtlesim/include/turtlesim/turtlesim/srv/detail/set_pen__struct.hpp
[11.036s] -- Installing: /home/vkommera/Documents/Triton Robotics/TR-Autonomy-0.5-TheOutcastVirus/install/turtlesim/include/turtlesim/turtlesim/srv/detail/set_pen__builder.hpp
[11.036s] -- Installing: /home/vkommera/Documents/Triton Robotics/TR-Autonomy-0.5-TheOutcastVirus/install/turtlesim/include/turtlesim/turtlesim/srv/detail/kill__builder.hpp
[11.036s] -- Installing: /home/vkommera/Documents/Triton Robotics/TR-Autonomy-0.5-TheOutcastVirus/install/turtlesim/include/turtlesim/turtlesim/srv/detail/spawn__builder.hpp
[11.036s] -- Installing: /home/vkommera/Documents/Triton Robotics/TR-Autonomy-0.5-TheOutcastVirus/install/turtlesim/include/turtlesim/turtlesim/srv/detail/teleport_absolute__struct.hpp
[11.036s] -- Installing: /home/vkommera/Documents/Triton Robotics/TR-Autonomy-0.5-TheOutcastVirus/install/turtlesim/include/turtlesim/turtlesim/srv/detail/spawn__type_support.hpp
[11.036s] -- Installing: /home/vkommera/Documents/Triton Robotics/TR-Autonomy-0.5-TheOutcastVirus/install/turtlesim/include/turtlesim/turtlesim/srv/detail/spawn__traits.hpp
[11.036s] -- Installing: /home/vkommera/Documents/Triton Robotics/TR-Autonomy-0.5-TheOutcastVirus/install/turtlesim/include/turtlesim/turtlesim/srv/teleport_absolute.hpp
[11.036s] -- Installing: /home/vkommera/Documents/Triton Robotics/TR-Autonomy-0.5-TheOutcastVirus/install/turtlesim/include/turtlesim/turtlesim/srv/set_pen.hpp
[11.037s] -- Up-to-date: /home/vkommera/Documents/Triton Robotics/TR-Autonomy-0.5-TheOutcastVirus/install/turtlesim/include/turtlesim/turtlesim/action
[11.037s] -- Installing: /home/vkommera/Documents/Triton Robotics/TR-Autonomy-0.5-TheOutcastVirus/install/turtlesim/include/turtlesim/turtlesim/action/rotate_absolute.hpp
[11.037s] -- Up-to-date: /home/vkommera/Documents/Triton Robotics/TR-Autonomy-0.5-TheOutcastVirus/install/turtlesim/include/turtlesim/turtlesim/action/detail
[11.037s] -- Installing: /home/vkommera/Documents/Triton Robotics/TR-Autonomy-0.5-TheOutcastVirus/install/turtlesim/include/turtlesim/turtlesim/action/detail/rotate_absolute__builder.hpp
[11.037s] -- Installing: /home/vkommera/Documents/Triton Robotics/TR-Autonomy-0.5-TheOutcastVirus/install/turtlesim/include/turtlesim/turtlesim/action/detail/rotate_absolute__traits.hpp
[11.037s] -- Installing: /home/vkommera/Documents/Triton Robotics/TR-Autonomy-0.5-TheOutcastVirus/install/turtlesim/include/turtlesim/turtlesim/action/detail/rotate_absolute__struct.hpp
[11.037s] -- Installing: /home/vkommera/Documents/Triton Robotics/TR-Autonomy-0.5-TheOutcastVirus/install/turtlesim/include/turtlesim/turtlesim/action/detail/rotate_absolute__type_support.hpp
[11.037s] -- Up-to-date: /home/vkommera/Documents/Triton Robotics/TR-Autonomy-0.5-TheOutcastVirus/install/turtlesim/include/turtlesim/turtlesim
[11.037s] -- Up-to-date: /home/vkommera/Documents/Triton Robotics/TR-Autonomy-0.5-TheOutcastVirus/install/turtlesim/include/turtlesim/turtlesim/msg
[11.037s] -- Installing: /home/vkommera/Documents/Triton Robotics/TR-Autonomy-0.5-TheOutcastVirus/install/turtlesim/include/turtlesim/turtlesim/msg/rosidl_typesupport_fastrtps_cpp__visibility_control.h
[11.037s] -- Up-to-date: /home/vkommera/Documents/Triton Robotics/TR-Autonomy-0.5-TheOutcastVirus/install/turtlesim/include/turtlesim/turtlesim/msg/detail
[11.037s] -- Installing: /home/vkommera/Documents/Triton Robotics/TR-Autonomy-0.5-TheOutcastVirus/install/turtlesim/include/turtlesim/turtlesim/msg/detail/dds_fastrtps
[11.037s] -- Installing: /home/vkommera/Documents/Triton Robotics/TR-Autonomy-0.5-TheOutcastVirus/install/turtlesim/include/turtlesim/turtlesim/msg/detail/pose__rosidl_typesupport_fastrtps_cpp.hpp
[11.037s] -- Installing: /home/vkommera/Documents/Triton Robotics/TR-Autonomy-0.5-TheOutcastVirus/install/turtlesim/include/turtlesim/turtlesim/msg/detail/color__rosidl_typesupport_fastrtps_cpp.hpp
[11.037s] -- Up-to-date: /home/vkommera/Documents/Triton Robotics/TR-Autonomy-0.5-TheOutcastVirus/install/turtlesim/include/turtlesim/turtlesim/srv
[11.037s] -- Up-to-date: /home/vkommera/Documents/Triton Robotics/TR-Autonomy-0.5-TheOutcastVirus/install/turtlesim/include/turtlesim/turtlesim/srv/detail
[11.037s] -- Installing: /home/vkommera/Documents/Triton Robotics/TR-Autonomy-0.5-TheOutcastVirus/install/turtlesim/include/turtlesim/turtlesim/srv/detail/dds_fastrtps
[11.038s] -- Installing: /home/vkommera/Documents/Triton Robotics/TR-Autonomy-0.5-TheOutcastVirus/install/turtlesim/include/turtlesim/turtlesim/srv/detail/spawn__rosidl_typesupport_fastrtps_cpp.hpp
[11.038s] -- Installing: /home/vkommera/Documents/Triton Robotics/TR-Autonomy-0.5-TheOutcastVirus/install/turtlesim/include/turtlesim/turtlesim/srv/detail/set_pen__rosidl_typesupport_fastrtps_cpp.hpp
[11.038s] -- Installing: /home/vkommera/Documents/Triton Robotics/TR-Autonomy-0.5-TheOutcastVirus/install/turtlesim/include/turtlesim/turtlesim/srv/detail/teleport_absolute__rosidl_typesupport_fastrtps_cpp.hpp
[11.038s] -- Installing: /home/vkommera/Documents/Triton Robotics/TR-Autonomy-0.5-TheOutcastVirus/install/turtlesim/include/turtlesim/turtlesim/srv/detail/teleport_relative__rosidl_typesupport_fastrtps_cpp.hpp
[11.038s] -- Installing: /home/vkommera/Documents/Triton Robotics/TR-Autonomy-0.5-TheOutcastVirus/install/turtlesim/include/turtlesim/turtlesim/srv/detail/kill__rosidl_typesupport_fastrtps_cpp.hpp
[11.038s] -- Up-to-date: /home/vkommera/Documents/Triton Robotics/TR-Autonomy-0.5-TheOutcastVirus/install/turtlesim/include/turtlesim/turtlesim/action
[11.038s] -- Up-to-date: /home/vkommera/Documents/Triton Robotics/TR-Autonomy-0.5-TheOutcastVirus/install/turtlesim/include/turtlesim/turtlesim/action/detail
[11.038s] -- Installing: /home/vkommera/Documents/Triton Robotics/TR-Autonomy-0.5-TheOutcastVirus/install/turtlesim/include/turtlesim/turtlesim/action/detail/dds_fastrtps
[11.038s] -- Installing: /home/vkommera/Documents/Triton Robotics/TR-Autonomy-0.5-TheOutcastVirus/install/turtlesim/include/turtlesim/turtlesim/action/detail/rotate_absolute__rosidl_typesupport_fastrtps_cpp.hpp
[11.038s] -- Installing: /home/vkommera/Documents/Triton Robotics/TR-Autonomy-0.5-TheOutcastVirus/install/turtlesim/lib/libturtlesim__rosidl_typesupport_fastrtps_cpp.so
[11.039s] -- Set runtime path of "/home/vkommera/Documents/Triton Robotics/TR-Autonomy-0.5-TheOutcastVirus/install/turtlesim/lib/libturtlesim__rosidl_typesupport_fastrtps_cpp.so" to ""
[11.039s] -- Up-to-date: /home/vkommera/Documents/Triton Robotics/TR-Autonomy-0.5-TheOutcastVirus/install/turtlesim/include/turtlesim/turtlesim
[11.039s] -- Up-to-date: /home/vkommera/Documents/Triton Robotics/TR-Autonomy-0.5-TheOutcastVirus/install/turtlesim/include/turtlesim/turtlesim/msg
[11.039s] -- Up-to-date: /home/vkommera/Documents/Triton Robotics/TR-Autonomy-0.5-TheOutcastVirus/install/turtlesim/include/turtlesim/turtlesim/msg/detail
[11.039s] -- Installing: /home/vkommera/Documents/Triton Robotics/TR-Autonomy-0.5-TheOutcastVirus/install/turtlesim/include/turtlesim/turtlesim/msg/detail/pose__rosidl_typesupport_introspection_c.h
[11.039s] -- Installing: /home/vkommera/Documents/Triton Robotics/TR-Autonomy-0.5-TheOutcastVirus/install/turtlesim/include/turtlesim/turtlesim/msg/detail/color__type_support.c
[11.039s] -- Installing: /home/vkommera/Documents/Triton Robotics/TR-Autonomy-0.5-TheOutcastVirus/install/turtlesim/include/turtlesim/turtlesim/msg/detail/color__rosidl_typesupport_introspection_c.h
[11.039s] -- Installing: /home/vkommera/Documents/Triton Robotics/TR-Autonomy-0.5-TheOutcastVirus/install/turtlesim/include/turtlesim/turtlesim/msg/detail/pose__type_support.c
[11.039s] -- Installing: /home/vkommera/Documents/Triton Robotics/TR-Autonomy-0.5-TheOutcastVirus/install/turtlesim/include/turtlesim/turtlesim/msg/rosidl_typesupport_introspection_c__visibility_control.h
[11.039s] -- Up-to-date: /home/vkommera/Documents/Triton Robotics/TR-Autonomy-0.5-TheOutcastVirus/install/turtlesim/include/turtlesim/turtlesim/srv
[11.039s] -- Up-to-date: /home/vkommera/Documents/Triton Robotics/TR-Autonomy-0.5-TheOutcastVirus/install/turtlesim/include/turtlesim/turtlesim/srv/detail
[11.039s] -- Installing: /home/vkommera/Documents/Triton Robotics/TR-Autonomy-0.5-TheOutcastVirus/install/turtlesim/include/turtlesim/turtlesim/srv/detail/spawn__type_support.c
[11.039s] -- Installing: /home/vkommera/Documents/Triton Robotics/TR-Autonomy-0.5-TheOutcastVirus/install/turtlesim/include/turtlesim/turtlesim/srv/detail/teleport_absolute__type_support.c
[11.039s] -- Installing: /home/vkommera/Documents/Triton Robotics/TR-Autonomy-0.5-TheOutcastVirus/install/turtlesim/include/turtlesim/turtlesim/srv/detail/teleport_relative__rosidl_typesupport_introspection_c.h
[11.039s] -- Installing: /home/vkommera/Documents/Triton Robotics/TR-Autonomy-0.5-TheOutcastVirus/install/turtlesim/include/turtlesim/turtlesim/srv/detail/teleport_absolute__rosidl_typesupport_introspection_c.h
[11.039s] -- Installing: /home/vkommera/Documents/Triton Robotics/TR-Autonomy-0.5-TheOutcastVirus/install/turtlesim/include/turtlesim/turtlesim/srv/detail/set_pen__type_support.c
[11.040s] -- Installing: /home/vkommera/Documents/Triton Robotics/TR-Autonomy-0.5-TheOutcastVirus/install/turtlesim/include/turtlesim/turtlesim/srv/detail/kill__type_support.c
[11.040s] -- Installing: /home/vkommera/Documents/Triton Robotics/TR-Autonomy-0.5-TheOutcastVirus/install/turtlesim/include/turtlesim/turtlesim/srv/detail/kill__rosidl_typesupport_introspection_c.h
[11.040s] -- Installing: /home/vkommera/Documents/Triton Robotics/TR-Autonomy-0.5-TheOutcastVirus/install/turtlesim/include/turtlesim/turtlesim/srv/detail/spawn__rosidl_typesupport_introspection_c.h
[11.040s] -- Installing: /home/vkommera/Documents/Triton Robotics/TR-Autonomy-0.5-TheOutcastVirus/install/turtlesim/include/turtlesim/turtlesim/srv/detail/teleport_relative__type_support.c
[11.040s] -- Installing: /home/vkommera/Documents/Triton Robotics/TR-Autonomy-0.5-TheOutcastVirus/install/turtlesim/include/turtlesim/turtlesim/srv/detail/set_pen__rosidl_typesupport_introspection_c.h
[11.040s] -- Up-to-date: /home/vkommera/Documents/Triton Robotics/TR-Autonomy-0.5-TheOutcastVirus/install/turtlesim/include/turtlesim/turtlesim/action
[11.040s] -- Up-to-date: /home/vkommera/Documents/Triton Robotics/TR-Autonomy-0.5-TheOutcastVirus/install/turtlesim/include/turtlesim/turtlesim/action/detail
[11.040s] -- Installing: /home/vkommera/Documents/Triton Robotics/TR-Autonomy-0.5-TheOutcastVirus/install/turtlesim/include/turtlesim/turtlesim/action/detail/rotate_absolute__rosidl_typesupport_introspection_c.h
[11.040s] -- Installing: /home/vkommera/Documents/Triton Robotics/TR-Autonomy-0.5-TheOutcastVirus/install/turtlesim/include/turtlesim/turtlesim/action/detail/rotate_absolute__type_support.c
[11.040s] -- Installing: /home/vkommera/Documents/Triton Robotics/TR-Autonomy-0.5-TheOutcastVirus/install/turtlesim/lib/libturtlesim__rosidl_typesupport_introspection_c.so
[11.040s] -- Set runtime path of "/home/vkommera/Documents/Triton Robotics/TR-Autonomy-0.5-TheOutcastVirus/install/turtlesim/lib/libturtlesim__rosidl_typesupport_introspection_c.so" to ""
[11.040s] -- Installing: /home/vkommera/Documents/Triton Robotics/TR-Autonomy-0.5-TheOutcastVirus/install/turtlesim/lib/libturtlesim__rosidl_typesupport_c.so
[11.041s] -- Set runtime path of "/home/vkommera/Documents/Triton Robotics/TR-Autonomy-0.5-TheOutcastVirus/install/turtlesim/lib/libturtlesim__rosidl_typesupport_c.so" to ""
[11.041s] -- Up-to-date: /home/vkommera/Documents/Triton Robotics/TR-Autonomy-0.5-TheOutcastVirus/install/turtlesim/include/turtlesim/turtlesim
[11.041s] -- Up-to-date: /home/vkommera/Documents/Triton Robotics/TR-Autonomy-0.5-TheOutcastVirus/install/turtlesim/include/turtlesim/turtlesim/msg
[11.041s] -- Up-to-date: /home/vkommera/Documents/Triton Robotics/TR-Autonomy-0.5-TheOutcastVirus/install/turtlesim/include/turtlesim/turtlesim/msg/detail
[11.041s] -- Installing: /home/vkommera/Documents/Triton Robotics/TR-Autonomy-0.5-TheOutcastVirus/install/turtlesim/include/turtlesim/turtlesim/msg/detail/color__rosidl_typesupport_introspection_cpp.hpp
[11.041s] -- Installing: /home/vkommera/Documents/Triton Robotics/TR-Autonomy-0.5-TheOutcastVirus/install/turtlesim/include/turtlesim/turtlesim/msg/detail/pose__type_support.cpp
[11.041s] -- Installing: /home/vkommera/Documents/Triton Robotics/TR-Autonomy-0.5-TheOutcastVirus/install/turtlesim/include/turtlesim/turtlesim/msg/detail/pose__rosidl_typesupport_introspection_cpp.hpp
[11.041s] -- Installing: /home/vkommera/Documents/Triton Robotics/TR-Autonomy-0.5-TheOutcastVirus/install/turtlesim/include/turtlesim/turtlesim/msg/detail/color__type_support.cpp
[11.041s] -- Up-to-date: /home/vkommera/Documents/Triton Robotics/TR-Autonomy-0.5-TheOutcastVirus/install/turtlesim/include/turtlesim/turtlesim/srv
[11.041s] -- Up-to-date: /home/vkommera/Documents/Triton Robotics/TR-Autonomy-0.5-TheOutcastVirus/install/turtlesim/include/turtlesim/turtlesim/srv/detail
[11.041s] -- Installing: /home/vkommera/Documents/Triton Robotics/TR-Autonomy-0.5-TheOutcastVirus/install/turtlesim/include/turtlesim/turtlesim/srv/detail/teleport_relative__type_support.cpp
[11.041s] -- Installing: /home/vkommera/Documents/Triton Robotics/TR-Autonomy-0.5-TheOutcastVirus/install/turtlesim/include/turtlesim/turtlesim/srv/detail/teleport_relative__rosidl_typesupport_introspection_cpp.hpp
[11.041s] -- Installing: /home/vkommera/Documents/Triton Robotics/TR-Autonomy-0.5-TheOutcastVirus/install/turtlesim/include/turtlesim/turtlesim/srv/detail/kill__rosidl_typesupport_introspection_cpp.hpp
[11.041s] -- Installing: /home/vkommera/Documents/Triton Robotics/TR-Autonomy-0.5-TheOutcastVirus/install/turtlesim/include/turtlesim/turtlesim/srv/detail/set_pen__rosidl_typesupport_introspection_cpp.hpp
[11.041s] -- Installing: /home/vkommera/Documents/Triton Robotics/TR-Autonomy-0.5-TheOutcastVirus/install/turtlesim/include/turtlesim/turtlesim/srv/detail/set_pen__type_support.cpp
[11.042s] -- Installing: /home/vkommera/Documents/Triton Robotics/TR-Autonomy-0.5-TheOutcastVirus/install/turtlesim/include/turtlesim/turtlesim/srv/detail/spawn__type_support.cpp
[11.042s] -- Installing: /home/vkommera/Documents/Triton Robotics/TR-Autonomy-0.5-TheOutcastVirus/install/turtlesim/include/turtlesim/turtlesim/srv/detail/teleport_absolute__type_support.cpp
[11.042s] -- Installing: /home/vkommera/Documents/Triton Robotics/TR-Autonomy-0.5-TheOutcastVirus/install/turtlesim/include/turtlesim/turtlesim/srv/detail/kill__type_support.cpp
[11.042s] -- Installing: /home/vkommera/Documents/Triton Robotics/TR-Autonomy-0.5-TheOutcastVirus/install/turtlesim/include/turtlesim/turtlesim/srv/detail/spawn__rosidl_typesupport_introspection_cpp.hpp
[11.042s] -- Installing: /home/vkommera/Documents/Triton Robotics/TR-Autonomy-0.5-TheOutcastVirus/install/turtlesim/include/turtlesim/turtlesim/srv/detail/teleport_absolute__rosidl_typesupport_introspection_cpp.hpp
[11.042s] -- Up-to-date: /home/vkommera/Documents/Triton Robotics/TR-Autonomy-0.5-TheOutcastVirus/install/turtlesim/include/turtlesim/turtlesim/action
[11.042s] -- Up-to-date: /home/vkommera/Documents/Triton Robotics/TR-Autonomy-0.5-TheOutcastVirus/install/turtlesim/include/turtlesim/turtlesim/action/detail
[11.042s] -- Installing: /home/vkommera/Documents/Triton Robotics/TR-Autonomy-0.5-TheOutcastVirus/install/turtlesim/include/turtlesim/turtlesim/action/detail/rotate_absolute__type_support.cpp
[11.042s] -- Installing: /home/vkommera/Documents/Triton Robotics/TR-Autonomy-0.5-TheOutcastVirus/install/turtlesim/include/turtlesim/turtlesim/action/detail/rotate_absolute__rosidl_typesupport_introspection_cpp.hpp
[11.042s] -- Installing: /home/vkommera/Documents/Triton Robotics/TR-Autonomy-0.5-TheOutcastVirus/install/turtlesim/lib/libturtlesim__rosidl_typesupport_introspection_cpp.so
[11.043s] -- Set runtime path of "/home/vkommera/Documents/Triton Robotics/TR-Autonomy-0.5-TheOutcastVirus/install/turtlesim/lib/libturtlesim__rosidl_typesupport_introspection_cpp.so" to ""
[11.043s] -- Installing: /home/vkommera/Documents/Triton Robotics/TR-Autonomy-0.5-TheOutcastVirus/install/turtlesim/lib/libturtlesim__rosidl_typesupport_cpp.so
[11.043s] -- Set runtime path of "/home/vkommera/Documents/Triton Robotics/TR-Autonomy-0.5-TheOutcastVirus/install/turtlesim/lib/libturtlesim__rosidl_typesupport_cpp.so" to ""
[11.043s] -- Installing: /home/vkommera/Documents/Triton Robotics/TR-Autonomy-0.5-TheOutcastVirus/install/turtlesim/share/turtlesim/environment/pythonpath.sh
[11.043s] -- Installing: /home/vkommera/Documents/Triton Robotics/TR-Autonomy-0.5-TheOutcastVirus/install/turtlesim/share/turtlesim/environment/pythonpath.dsv
[11.043s] -- Installing: /home/vkommera/Documents/Triton Robotics/TR-Autonomy-0.5-TheOutcastVirus/install/turtlesim/local/lib/python3.10/dist-packages/turtlesim-1.4.2-py3.10.egg-info
[11.043s] -- Installing: /home/vkommera/Documents/Triton Robotics/TR-Autonomy-0.5-TheOutcastVirus/install/turtlesim/local/lib/python3.10/dist-packages/turtlesim-1.4.2-py3.10.egg-info/dependency_links.txt
[11.043s] -- Installing: /home/vkommera/Documents/Triton Robotics/TR-Autonomy-0.5-TheOutcastVirus/install/turtlesim/local/lib/python3.10/dist-packages/turtlesim-1.4.2-py3.10.egg-info/PKG-INFO
[11.043s] -- Installing: /home/vkommera/Documents/Triton Robotics/TR-Autonomy-0.5-TheOutcastVirus/install/turtlesim/local/lib/python3.10/dist-packages/turtlesim-1.4.2-py3.10.egg-info/top_level.txt
[11.043s] -- Installing: /home/vkommera/Documents/Triton Robotics/TR-Autonomy-0.5-TheOutcastVirus/install/turtlesim/local/lib/python3.10/dist-packages/turtlesim-1.4.2-py3.10.egg-info/SOURCES.txt
[11.043s] -- Installing: /home/vkommera/Documents/Triton Robotics/TR-Autonomy-0.5-TheOutcastVirus/install/turtlesim/local/lib/python3.10/dist-packages/turtlesim
[11.043s] -- Installing: /home/vkommera/Documents/Triton Robotics/TR-Autonomy-0.5-TheOutcastVirus/install/turtlesim/local/lib/python3.10/dist-packages/turtlesim/turtlesim_s__rosidl_typesupport_introspection_c.cpython-310-x86_64-linux-gnu.so
[11.044s] -- Installing: /home/vkommera/Documents/Triton Robotics/TR-Autonomy-0.5-TheOutcastVirus/install/turtlesim/local/lib/python3.10/dist-packages/turtlesim/msg
[11.044s] -- Installing: /home/vkommera/Documents/Triton Robotics/TR-Autonomy-0.5-TheOutcastVirus/install/turtlesim/local/lib/python3.10/dist-packages/turtlesim/msg/_color.py
[11.044s] -- Installing: /home/vkommera/Documents/Triton Robotics/TR-Autonomy-0.5-TheOutcastVirus/install/turtlesim/local/lib/python3.10/dist-packages/turtlesim/msg/__init__.py
[11.044s] -- Installing: /home/vkommera/Documents/Triton Robotics/TR-Autonomy-0.5-TheOutcastVirus/install/turtlesim/local/lib/python3.10/dist-packages/turtlesim/msg/_pose_s.c
[11.044s] -- Installing: /home/vkommera/Documents/Triton Robotics/TR-Autonomy-0.5-TheOutcastVirus/install/turtlesim/local/lib/python3.10/dist-packages/turtlesim/msg/_pose.py
[11.044s] -- Installing: /home/vkommera/Documents/Triton Robotics/TR-Autonomy-0.5-TheOutcastVirus/install/turtlesim/local/lib/python3.10/dist-packages/turtlesim/msg/_color_s.c
[11.044s] -- Installing: /home/vkommera/Documents/Triton Robotics/TR-Autonomy-0.5-TheOutcastVirus/install/turtlesim/local/lib/python3.10/dist-packages/turtlesim/_turtlesim_s.ep.rosidl_typesupport_c.c
[11.044s] -- Installing: /home/vkommera/Documents/Triton Robotics/TR-Autonomy-0.5-TheOutcastVirus/install/turtlesim/local/lib/python3.10/dist-packages/turtlesim/_turtlesim_s.ep.rosidl_typesupport_fastrtps_c.c
[11.044s] -- Installing: /home/vkommera/Documents/Triton Robotics/TR-Autonomy-0.5-TheOutcastVirus/install/turtlesim/local/lib/python3.10/dist-packages/turtlesim/turtlesim_s__rosidl_typesupport_fastrtps_c.cpython-310-x86_64-linux-gnu.so
[11.044s] -- Installing: /home/vkommera/Documents/Triton Robotics/TR-Autonomy-0.5-TheOutcastVirus/install/turtlesim/local/lib/python3.10/dist-packages/turtlesim/srv
[11.044s] -- Installing: /home/vkommera/Documents/Triton Robotics/TR-Autonomy-0.5-TheOutcastVirus/install/turtlesim/local/lib/python3.10/dist-packages/turtlesim/srv/_teleport_relative.py
[11.045s] -- Installing: /home/vkommera/Documents/Triton Robotics/TR-Autonomy-0.5-TheOutcastVirus/install/turtlesim/local/lib/python3.10/dist-packages/turtlesim/srv/_teleport_relative_s.c
[11.045s] -- Installing: /home/vkommera/Documents/Triton Robotics/TR-Autonomy-0.5-TheOutcastVirus/install/turtlesim/local/lib/python3.10/dist-packages/turtlesim/srv/_spawn_s.c
[11.045s] -- Installing: /home/vkommera/Documents/Triton Robotics/TR-Autonomy-0.5-TheOutcastVirus/install/turtlesim/local/lib/python3.10/dist-packages/turtlesim/srv/_spawn.py
[11.045s] -- Installing: /home/vkommera/Documents/Triton Robotics/TR-Autonomy-0.5-TheOutcastVirus/install/turtlesim/local/lib/python3.10/dist-packages/turtlesim/srv/_set_pen_s.c
[11.045s] -- Installing: /home/vkommera/Documents/Triton Robotics/TR-Autonomy-0.5-TheOutcastVirus/install/turtlesim/local/lib/python3.10/dist-packages/turtlesim/srv/__init__.py
[11.045s] -- Installing: /home/vkommera/Documents/Triton Robotics/TR-Autonomy-0.5-TheOutcastVirus/install/turtlesim/local/lib/python3.10/dist-packages/turtlesim/srv/_kill.py
[11.045s] -- Installing: /home/vkommera/Documents/Triton Robotics/TR-Autonomy-0.5-TheOutcastVirus/install/turtlesim/local/lib/python3.10/dist-packages/turtlesim/srv/_teleport_absolute.py
[11.045s] -- Installing: /home/vkommera/Documents/Triton Robotics/TR-Autonomy-0.5-TheOutcastVirus/install/turtlesim/local/lib/python3.10/dist-packages/turtlesim/srv/_kill_s.c
[11.045s] -- Installing: /home/vkommera/Documents/Triton Robotics/TR-Autonomy-0.5-TheOutcastVirus/install/turtlesim/local/lib/python3.10/dist-packages/turtlesim/srv/_set_pen.py
[11.045s] -- Installing: /home/vkommera/Documents/Triton Robotics/TR-Autonomy-0.5-TheOutcastVirus/install/turtlesim/local/lib/python3.10/dist-packages/turtlesim/srv/_teleport_absolute_s.c
[11.045s] -- Installing: /home/vkommera/Documents/Triton Robotics/TR-Autonomy-0.5-TheOutcastVirus/install/turtlesim/local/lib/python3.10/dist-packages/turtlesim/__init__.py
[11.045s] -- Installing: /home/vkommera/Documents/Triton Robotics/TR-Autonomy-0.5-TheOutcastVirus/install/turtlesim/local/lib/python3.10/dist-packages/turtlesim/action
[11.045s] -- Installing: /home/vkommera/Documents/Triton Robotics/TR-Autonomy-0.5-TheOutcastVirus/install/turtlesim/local/lib/python3.10/dist-packages/turtlesim/action/_rotate_absolute.py
[11.045s] -- Installing: /home/vkommera/Documents/Triton Robotics/TR-Autonomy-0.5-TheOutcastVirus/install/turtlesim/local/lib/python3.10/dist-packages/turtlesim/action/__init__.py
[11.046s] -- Installing: /home/vkommera/Documents/Triton Robotics/TR-Autonomy-0.5-TheOutcastVirus/install/turtlesim/local/lib/python3.10/dist-packages/turtlesim/action/_rotate_absolute_s.c
[11.046s] -- Installing: /home/vkommera/Documents/Triton Robotics/TR-Autonomy-0.5-TheOutcastVirus/install/turtlesim/local/lib/python3.10/dist-packages/turtlesim/_turtlesim_s.ep.rosidl_typesupport_introspection_c.c
[11.046s] -- Installing: /home/vkommera/Documents/Triton Robotics/TR-Autonomy-0.5-TheOutcastVirus/install/turtlesim/local/lib/python3.10/dist-packages/turtlesim/libturtlesim__rosidl_generator_py.so
[11.046s] -- Installing: /home/vkommera/Documents/Triton Robotics/TR-Autonomy-0.5-TheOutcastVirus/install/turtlesim/local/lib/python3.10/dist-packages/turtlesim/turtlesim_s__rosidl_typesupport_c.cpython-310-x86_64-linux-gnu.so
[11.071s] Listing '/home/vkommera/Documents/Triton Robotics/TR-Autonomy-0.5-TheOutcastVirus/install/turtlesim/local/lib/python3.10/dist-packages/turtlesim'...
[11.071s] Compiling '/home/vkommera/Documents/Triton Robotics/TR-Autonomy-0.5-TheOutcastVirus/install/turtlesim/local/lib/python3.10/dist-packages/turtlesim/__init__.py'...
[11.071s] Listing '/home/vkommera/Documents/Triton Robotics/TR-Autonomy-0.5-TheOutcastVirus/install/turtlesim/local/lib/python3.10/dist-packages/turtlesim/action'...
[11.071s] Compiling '/home/vkommera/Documents/Triton Robotics/TR-Autonomy-0.5-TheOutcastVirus/install/turtlesim/local/lib/python3.10/dist-packages/turtlesim/action/__init__.py'...
[11.071s] Compiling '/home/vkommera/Documents/Triton Robotics/TR-Autonomy-0.5-TheOutcastVirus/install/turtlesim/local/lib/python3.10/dist-packages/turtlesim/action/_rotate_absolute.py'...
[11.071s] Listing '/home/vkommera/Documents/Triton Robotics/TR-Autonomy-0.5-TheOutcastVirus/install/turtlesim/local/lib/python3.10/dist-packages/turtlesim/msg'...
[11.071s] Compiling '/home/vkommera/Documents/Triton Robotics/TR-Autonomy-0.5-TheOutcastVirus/install/turtlesim/local/lib/python3.10/dist-packages/turtlesim/msg/__init__.py'...
[11.071s] Compiling '/home/vkommera/Documents/Triton Robotics/TR-Autonomy-0.5-TheOutcastVirus/install/turtlesim/local/lib/python3.10/dist-packages/turtlesim/msg/_color.py'...
[11.071s] Compiling '/home/vkommera/Documents/Triton Robotics/TR-Autonomy-0.5-TheOutcastVirus/install/turtlesim/local/lib/python3.10/dist-packages/turtlesim/msg/_pose.py'...
[11.071s] Listing '/home/vkommera/Documents/Triton Robotics/TR-Autonomy-0.5-TheOutcastVirus/install/turtlesim/local/lib/python3.10/dist-packages/turtlesim/srv'...
[11.071s] Compiling '/home/vkommera/Documents/Triton Robotics/TR-Autonomy-0.5-TheOutcastVirus/install/turtlesim/local/lib/python3.10/dist-packages/turtlesim/srv/__init__.py'...
[11.071s] Compiling '/home/vkommera/Documents/Triton Robotics/TR-Autonomy-0.5-TheOutcastVirus/install/turtlesim/local/lib/python3.10/dist-packages/turtlesim/srv/_kill.py'...
[11.071s] Compiling '/home/vkommera/Documents/Triton Robotics/TR-Autonomy-0.5-TheOutcastVirus/install/turtlesim/local/lib/python3.10/dist-packages/turtlesim/srv/_set_pen.py'...
[11.071s] Compiling '/home/vkommera/Documents/Triton Robotics/TR-Autonomy-0.5-TheOutcastVirus/install/turtlesim/local/lib/python3.10/dist-packages/turtlesim/srv/_spawn.py'...
[11.071s] Compiling '/home/vkommera/Documents/Triton Robotics/TR-Autonomy-0.5-TheOutcastVirus/install/turtlesim/local/lib/python3.10/dist-packages/turtlesim/srv/_teleport_absolute.py'...
[11.071s] Compiling '/home/vkommera/Documents/Triton Robotics/TR-Autonomy-0.5-TheOutcastVirus/install/turtlesim/local/lib/python3.10/dist-packages/turtlesim/srv/_teleport_relative.py'...
[11.073s] -- Installing: /home/vkommera/Documents/Triton Robotics/TR-Autonomy-0.5-TheOutcastVirus/install/turtlesim/local/lib/python3.10/dist-packages/turtlesim/turtlesim_s__rosidl_typesupport_fastrtps_c.cpython-310-x86_64-linux-gnu.so
[11.073s] -- Set runtime path of "/home/vkommera/Documents/Triton Robotics/TR-Autonomy-0.5-TheOutcastVirus/install/turtlesim/local/lib/python3.10/dist-packages/turtlesim/turtlesim_s__rosidl_typesupport_fastrtps_c.cpython-310-x86_64-linux-gnu.so" to ""
[11.074s] -- Installing: /home/vkommera/Documents/Triton Robotics/TR-Autonomy-0.5-TheOutcastVirus/install/turtlesim/local/lib/python3.10/dist-packages/turtlesim/turtlesim_s__rosidl_typesupport_introspection_c.cpython-310-x86_64-linux-gnu.so
[11.074s] -- Set runtime path of "/home/vkommera/Documents/Triton Robotics/TR-Autonomy-0.5-TheOutcastVirus/install/turtlesim/local/lib/python3.10/dist-packages/turtlesim/turtlesim_s__rosidl_typesupport_introspection_c.cpython-310-x86_64-linux-gnu.so" to ""
[11.074s] -- Installing: /home/vkommera/Documents/Triton Robotics/TR-Autonomy-0.5-TheOutcastVirus/install/turtlesim/local/lib/python3.10/dist-packages/turtlesim/turtlesim_s__rosidl_typesupport_c.cpython-310-x86_64-linux-gnu.so
[11.074s] -- Set runtime path of "/home/vkommera/Documents/Triton Robotics/TR-Autonomy-0.5-TheOutcastVirus/install/turtlesim/local/lib/python3.10/dist-packages/turtlesim/turtlesim_s__rosidl_typesupport_c.cpython-310-x86_64-linux-gnu.so" to ""
[11.074s] -- Installing: /home/vkommera/Documents/Triton Robotics/TR-Autonomy-0.5-TheOutcastVirus/install/turtlesim/lib/libturtlesim__rosidl_generator_py.so
[11.075s] -- Set runtime path of "/home/vkommera/Documents/Triton Robotics/TR-Autonomy-0.5-TheOutcastVirus/install/turtlesim/lib/libturtlesim__rosidl_generator_py.so" to ""
[11.075s] -- Installing: /home/vkommera/Documents/Triton Robotics/TR-Autonomy-0.5-TheOutcastVirus/install/turtlesim/share/turtlesim/action/RotateAbsolute.idl
[11.075s] -- Installing: /home/vkommera/Documents/Triton Robotics/TR-Autonomy-0.5-TheOutcastVirus/install/turtlesim/share/turtlesim/msg/Color.idl
[11.075s] -- Installing: /home/vkommera/Documents/Triton Robotics/TR-Autonomy-0.5-TheOutcastVirus/install/turtlesim/share/turtlesim/msg/Pose.idl
[11.075s] -- Installing: /home/vkommera/Documents/Triton Robotics/TR-Autonomy-0.5-TheOutcastVirus/install/turtlesim/share/turtlesim/srv/Kill.idl
[11.075s] -- Installing: /home/vkommera/Documents/Triton Robotics/TR-Autonomy-0.5-TheOutcastVirus/install/turtlesim/share/turtlesim/srv/SetPen.idl
[11.075s] -- Installing: /home/vkommera/Documents/Triton Robotics/TR-Autonomy-0.5-TheOutcastVirus/install/turtlesim/share/turtlesim/srv/Spawn.idl
[11.075s] -- Installing: /home/vkommera/Documents/Triton Robotics/TR-Autonomy-0.5-TheOutcastVirus/install/turtlesim/share/turtlesim/srv/TeleportAbsolute.idl
[11.075s] -- Installing: /home/vkommera/Documents/Triton Robotics/TR-Autonomy-0.5-TheOutcastVirus/install/turtlesim/share/turtlesim/srv/TeleportRelative.idl
[11.075s] -- Installing: /home/vkommera/Documents/Triton Robotics/TR-Autonomy-0.5-TheOutcastVirus/install/turtlesim/share/turtlesim/action/RotateAbsolute.action
[11.075s] -- Installing: /home/vkommera/Documents/Triton Robotics/TR-Autonomy-0.5-TheOutcastVirus/install/turtlesim/share/turtlesim/msg/Color.msg
[11.075s] -- Installing: /home/vkommera/Documents/Triton Robotics/TR-Autonomy-0.5-TheOutcastVirus/install/turtlesim/share/turtlesim/msg/Pose.msg
[11.076s] -- Installing: /home/vkommera/Documents/Triton Robotics/TR-Autonomy-0.5-TheOutcastVirus/install/turtlesim/share/turtlesim/srv/Kill.srv
[11.076s] -- Installing: /home/vkommera/Documents/Triton Robotics/TR-Autonomy-0.5-TheOutcastVirus/install/turtlesim/share/turtlesim/srv/Kill_Request.msg
[11.076s] -- Installing: /home/vkommera/Documents/Triton Robotics/TR-Autonomy-0.5-TheOutcastVirus/install/turtlesim/share/turtlesim/srv/Kill_Response.msg
[11.076s] -- Installing: /home/vkommera/Documents/Triton Robotics/TR-Autonomy-0.5-TheOutcastVirus/install/turtlesim/share/turtlesim/srv/SetPen.srv
[11.076s] -- Installing: /home/vkommera/Documents/Triton Robotics/TR-Autonomy-0.5-TheOutcastVirus/install/turtlesim/share/turtlesim/srv/SetPen_Request.msg
[11.076s] -- Installing: /home/vkommera/Documents/Triton Robotics/TR-Autonomy-0.5-TheOutcastVirus/install/turtlesim/share/turtlesim/srv/SetPen_Response.msg
[11.076s] -- Installing: /home/vkommera/Documents/Triton Robotics/TR-Autonomy-0.5-TheOutcastVirus/install/turtlesim/share/turtlesim/srv/Spawn.srv
[11.076s] -- Installing: /home/vkommera/Documents/Triton Robotics/TR-Autonomy-0.5-TheOutcastVirus/install/turtlesim/share/turtlesim/srv/Spawn_Request.msg
[11.076s] -- Installing: /home/vkommera/Documents/Triton Robotics/TR-Autonomy-0.5-TheOutcastVirus/install/turtlesim/share/turtlesim/srv/Spawn_Response.msg
[11.076s] -- Installing: /home/vkommera/Documents/Triton Robotics/TR-Autonomy-0.5-TheOutcastVirus/install/turtlesim/share/turtlesim/srv/TeleportAbsolute.srv
[11.076s] -- Installing: /home/vkommera/Documents/Triton Robotics/TR-Autonomy-0.5-TheOutcastVirus/install/turtlesim/share/turtlesim/srv/TeleportAbsolute_Request.msg
[11.077s] -- Installing: /home/vkommera/Documents/Triton Robotics/TR-Autonomy-0.5-TheOutcastVirus/install/turtlesim/share/turtlesim/srv/TeleportAbsolute_Response.msg
[11.077s] -- Installing: /home/vkommera/Documents/Triton Robotics/TR-Autonomy-0.5-TheOutcastVirus/install/turtlesim/share/turtlesim/srv/TeleportRelative.srv
[11.077s] -- Installing: /home/vkommera/Documents/Triton Robotics/TR-Autonomy-0.5-TheOutcastVirus/install/turtlesim/share/turtlesim/srv/TeleportRelative_Request.msg
[11.077s] -- Installing: /home/vkommera/Documents/Triton Robotics/TR-Autonomy-0.5-TheOutcastVirus/install/turtlesim/share/turtlesim/srv/TeleportRelative_Response.msg
[11.077s] -- Installing: /home/vkommera/Documents/Triton Robotics/TR-Autonomy-0.5-TheOutcastVirus/install/turtlesim/lib/turtlesim/turtlesim_node
[11.084s] -- Set runtime path of "/home/vkommera/Documents/Triton Robotics/TR-Autonomy-0.5-TheOutcastVirus/install/turtlesim/lib/turtlesim/turtlesim_node" to ""
[11.085s] -- Installing: /home/vkommera/Documents/Triton Robotics/TR-Autonomy-0.5-TheOutcastVirus/install/turtlesim/lib/turtlesim/turtle_teleop_key
[11.086s] -- Set runtime path of "/home/vkommera/Documents/Triton Robotics/TR-Autonomy-0.5-TheOutcastVirus/install/turtlesim/lib/turtlesim/turtle_teleop_key" to ""
[11.086s] -- Installing: /home/vkommera/Documents/Triton Robotics/TR-Autonomy-0.5-TheOutcastVirus/install/turtlesim/lib/turtlesim/draw_square
[11.089s] -- Set runtime path of "/home/vkommera/Documents/Triton Robotics/TR-Autonomy-0.5-TheOutcastVirus/install/turtlesim/lib/turtlesim/draw_square" to ""
[11.089s] -- Installing: /home/vkommera/Documents/Triton Robotics/TR-Autonomy-0.5-TheOutcastVirus/install/turtlesim/lib/turtlesim/mimic
[11.093s] -- Set runtime path of "/home/vkommera/Documents/Triton Robotics/TR-Autonomy-0.5-TheOutcastVirus/install/turtlesim/lib/turtlesim/mimic" to ""
[11.093s] -- Installing: /home/vkommera/Documents/Triton Robotics/TR-Autonomy-0.5-TheOutcastVirus/install/turtlesim/share/turtlesim/images
[11.093s] -- Installing: /home/vkommera/Documents/Triton Robotics/TR-Autonomy-0.5-TheOutcastVirus/install/turtlesim/share/turtlesim/images/humble.png
[11.093s] -- Installing: /home/vkommera/Documents/Triton Robotics/TR-Autonomy-0.5-TheOutcastVirus/install/turtlesim/share/turtlesim/images/bouncy.png
[11.093s] -- Installing: /home/vkommera/Documents/Triton Robotics/TR-Autonomy-0.5-TheOutcastVirus/install/turtlesim/share/turtlesim/images/foxy.png
[11.093s] -- Installing: /home/vkommera/Documents/Triton Robotics/TR-Autonomy-0.5-TheOutcastVirus/install/turtlesim/share/turtlesim/images/galactic.png
[11.093s] -- Installing: /home/vkommera/Documents/Triton Robotics/TR-Autonomy-0.5-TheOutcastVirus/install/turtlesim/share/turtlesim/images/ardent.png
[11.093s] -- Installing: /home/vkommera/Documents/Triton Robotics/TR-Autonomy-0.5-TheOutcastVirus/install/turtlesim/share/turtlesim/images/dashing.png
[11.093s] -- Installing: /home/vkommera/Documents/Triton Robotics/TR-Autonomy-0.5-TheOutcastVirus/install/turtlesim/share/turtlesim/images/eloquent.png
[11.093s] -- Installing: /home/vkommera/Documents/Triton Robotics/TR-Autonomy-0.5-TheOutcastVirus/install/turtlesim/share/turtlesim/images/rolling.png
[11.093s] -- Installing: /home/vkommera/Documents/Triton Robotics/TR-Autonomy-0.5-TheOutcastVirus/install/turtlesim/share/turtlesim/images/crystal.png
[11.093s] -- Installing: /home/vkommera/Documents/Triton Robotics/TR-Autonomy-0.5-TheOutcastVirus/install/turtlesim/share/turtlesim/launch
[11.093s] -- Installing: /home/vkommera/Documents/Triton Robotics/TR-Autonomy-0.5-TheOutcastVirus/install/turtlesim/share/turtlesim/launch/multisim.launch.py
[11.094s] -- Installing: /home/vkommera/Documents/Triton Robotics/TR-Autonomy-0.5-TheOutcastVirus/install/turtlesim/share/ament_index/resource_index/package_run_dependencies/turtlesim
[11.094s] -- Installing: /home/vkommera/Documents/Triton Robotics/TR-Autonomy-0.5-TheOutcastVirus/install/turtlesim/share/ament_index/resource_index/parent_prefix_path/turtlesim
[11.094s] -- Installing: /home/vkommera/Documents/Triton Robotics/TR-Autonomy-0.5-TheOutcastVirus/install/turtlesim/share/turtlesim/environment/ament_prefix_path.sh
[11.094s] -- Installing: /home/vkommera/Documents/Triton Robotics/TR-Autonomy-0.5-TheOutcastVirus/install/turtlesim/share/turtlesim/environment/ament_prefix_path.dsv
[11.094s] -- Installing: /home/vkommera/Documents/Triton Robotics/TR-Autonomy-0.5-TheOutcastVirus/install/turtlesim/share/turtlesim/environment/path.sh
[11.094s] -- Installing: /home/vkommera/Documents/Triton Robotics/TR-Autonomy-0.5-TheOutcastVirus/install/turtlesim/share/turtlesim/environment/path.dsv
[11.094s] -- Installing: /home/vkommera/Documents/Triton Robotics/TR-Autonomy-0.5-TheOutcastVirus/install/turtlesim/share/turtlesim/local_setup.bash
[11.094s] -- Installing: /home/vkommera/Documents/Triton Robotics/TR-Autonomy-0.5-TheOutcastVirus/install/turtlesim/share/turtlesim/local_setup.sh
[11.094s] -- Installing: /home/vkommera/Documents/Triton Robotics/TR-Autonomy-0.5-TheOutcastVirus/install/turtlesim/share/turtlesim/local_setup.zsh
[11.094s] -- Installing: /home/vkommera/Documents/Triton Robotics/TR-Autonomy-0.5-TheOutcastVirus/install/turtlesim/share/turtlesim/local_setup.dsv
[11.094s] -- Installing: /home/vkommera/Documents/Triton Robotics/TR-Autonomy-0.5-TheOutcastVirus/install/turtlesim/share/turtlesim/package.dsv
[11.095s] -- Installing: /home/vkommera/Documents/Triton Robotics/TR-Autonomy-0.5-TheOutcastVirus/install/turtlesim/share/ament_index/resource_index/packages/turtlesim
[11.095s] -- Installing: /home/vkommera/Documents/Triton Robotics/TR-Autonomy-0.5-TheOutcastVirus/install/turtlesim/share/turtlesim/cmake/export_turtlesim__rosidl_generator_cExport.cmake
[11.095s] -- Installing: /home/vkommera/Documents/Triton Robotics/TR-Autonomy-0.5-TheOutcastVirus/install/turtlesim/share/turtlesim/cmake/export_turtlesim__rosidl_generator_cExport-noconfig.cmake
[11.095s] -- Installing: /home/vkommera/Documents/Triton Robotics/TR-Autonomy-0.5-TheOutcastVirus/install/turtlesim/share/turtlesim/cmake/export_turtlesim__rosidl_typesupport_fastrtps_cExport.cmake
[11.095s] -- Installing: /home/vkommera/Documents/Triton Robotics/TR-Autonomy-0.5-TheOutcastVirus/install/turtlesim/share/turtlesim/cmake/export_turtlesim__rosidl_typesupport_fastrtps_cExport-noconfig.cmake
[11.095s] -- Installing: /home/vkommera/Documents/Triton Robotics/TR-Autonomy-0.5-TheOutcastVirus/install/turtlesim/share/turtlesim/cmake/export_turtlesim__rosidl_generator_cppExport.cmake
[11.095s] -- Installing: /home/vkommera/Documents/Triton Robotics/TR-Autonomy-0.5-TheOutcastVirus/install/turtlesim/share/turtlesim/cmake/export_turtlesim__rosidl_typesupport_fastrtps_cppExport.cmake
[11.095s] -- Installing: /home/vkommera/Documents/Triton Robotics/TR-Autonomy-0.5-TheOutcastVirus/install/turtlesim/share/turtlesim/cmake/export_turtlesim__rosidl_typesupport_fastrtps_cppExport-noconfig.cmake
[11.095s] -- Installing: /home/vkommera/Documents/Triton Robotics/TR-Autonomy-0.5-TheOutcastVirus/install/turtlesim/share/turtlesim/cmake/turtlesim__rosidl_typesupport_introspection_cExport.cmake
[11.096s] -- Installing: /home/vkommera/Documents/Triton Robotics/TR-Autonomy-0.5-TheOutcastVirus/install/turtlesim/share/turtlesim/cmake/turtlesim__rosidl_typesupport_introspection_cExport-noconfig.cmake
[11.096s] -- Installing: /home/vkommera/Documents/Triton Robotics/TR-Autonomy-0.5-TheOutcastVirus/install/turtlesim/share/turtlesim/cmake/turtlesim__rosidl_typesupport_cExport.cmake
[11.096s] -- Installing: /home/vkommera/Documents/Triton Robotics/TR-Autonomy-0.5-TheOutcastVirus/install/turtlesim/share/turtlesim/cmake/turtlesim__rosidl_typesupport_cExport-noconfig.cmake
[11.096s] -- Installing: /home/vkommera/Documents/Triton Robotics/TR-Autonomy-0.5-TheOutcastVirus/install/turtlesim/share/turtlesim/cmake/turtlesim__rosidl_typesupport_introspection_cppExport.cmake
[11.096s] -- Installing: /home/vkommera/Documents/Triton Robotics/TR-Autonomy-0.5-TheOutcastVirus/install/turtlesim/share/turtlesim/cmake/turtlesim__rosidl_typesupport_introspection_cppExport-noconfig.cmake
[11.096s] -- Installing: /home/vkommera/Documents/Triton Robotics/TR-Autonomy-0.5-TheOutcastVirus/install/turtlesim/share/turtlesim/cmake/turtlesim__rosidl_typesupport_cppExport.cmake
[11.096s] -- Installing: /home/vkommera/Documents/Triton Robotics/TR-Autonomy-0.5-TheOutcastVirus/install/turtlesim/share/turtlesim/cmake/turtlesim__rosidl_typesupport_cppExport-noconfig.cmake
[11.096s] -- Installing: /home/vkommera/Documents/Triton Robotics/TR-Autonomy-0.5-TheOutcastVirus/install/turtlesim/share/turtlesim/cmake/export_turtlesim__rosidl_generator_pyExport.cmake
[11.096s] -- Installing: /home/vkommera/Documents/Triton Robotics/TR-Autonomy-0.5-TheOutcastVirus/install/turtlesim/share/turtlesim/cmake/export_turtlesim__rosidl_generator_pyExport-noconfig.cmake
[11.096s] -- Installing: /home/vkommera/Documents/Triton Robotics/TR-Autonomy-0.5-TheOutcastVirus/install/turtlesim/share/turtlesim/cmake/rosidl_cmake-extras.cmake
[11.096s] -- Installing: /home/vkommera/Documents/Triton Robotics/TR-Autonomy-0.5-TheOutcastVirus/install/turtlesim/share/turtlesim/cmake/ament_cmake_export_dependencies-extras.cmake
[11.097s] -- Installing: /home/vkommera/Documents/Triton Robotics/TR-Autonomy-0.5-TheOutcastVirus/install/turtlesim/share/turtlesim/cmake/ament_cmake_export_include_directories-extras.cmake
[11.097s] -- Installing: /home/vkommera/Documents/Triton Robotics/TR-Autonomy-0.5-TheOutcastVirus/install/turtlesim/share/turtlesim/cmake/ament_cmake_export_libraries-extras.cmake
[11.097s] -- Installing: /home/vkommera/Documents/Triton Robotics/TR-Autonomy-0.5-TheOutcastVirus/install/turtlesim/share/turtlesim/cmake/ament_cmake_export_targets-extras.cmake
[11.097s] -- Installing: /home/vkommera/Documents/Triton Robotics/TR-Autonomy-0.5-TheOutcastVirus/install/turtlesim/share/turtlesim/cmake/rosidl_cmake_export_typesupport_targets-extras.cmake
[11.097s] -- Installing: /home/vkommera/Documents/Triton Robotics/TR-Autonomy-0.5-TheOutcastVirus/install/turtlesim/share/turtlesim/cmake/rosidl_cmake_export_typesupport_libraries-extras.cmake
[11.097s] -- Installing: /home/vkommera/Documents/Triton Robotics/TR-Autonomy-0.5-TheOutcastVirus/install/turtlesim/share/turtlesim/cmake/turtlesimConfig.cmake
[11.097s] -- Installing: /home/vkommera/Documents/Triton Robotics/TR-Autonomy-0.5-TheOutcastVirus/install/turtlesim/share/turtlesim/cmake/turtlesimConfig-version.cmake
[11.097s] -- Installing: /home/vkommera/Documents/Triton Robotics/TR-Autonomy-0.5-TheOutcastVirus/install/turtlesim/share/turtlesim/package.xml
[11.099s] Invoked command in '/home/vkommera/Documents/Triton Robotics/TR-Autonomy-0.5-TheOutcastVirus/build/turtlesim' returned '0': CMAKE_PREFIX_PATH=/opt/ros/humble /usr/bin/cmake --install /home/vkommera/Documents/Triton Robotics/TR-Autonomy-0.5-TheOutcastVirus/build/turtlesim
